Args: Namespace(keywords_file='cse599o_alignment/prompts/keywords.txt', train_val_kw_split_dir='cse599o_alignment/prompts/', ckpt_file='cse599o_alignment/ckpt/model.pt', result_dir='cse599o_alignment/results/async/20251207_065115/k2', steps=32, workers=1, prompts_per_batch=1, num_val_prompts=32, steps_per_rollout=2, ckpt_interval=100, monitor_kl=False, profile=True, verbose=True).
2025-12-07 06:52:57,997	INFO worker.py:2012 -- Started a local Ray instance.
2025-12-07 06:52:58,410	INFO packaging.py:588 -- Creating a file package for local module '/homes/iws/yhruan22/au25-cse599o-hw3'.
2025-12-07 06:52:58,507	WARNING packaging.py:430 -- File /homes/iws/yhruan22/au25-cse599o-hw3/cse599o_alignment/ckpt/model.pt is very large (243.85MiB). Consider adding this file to the 'excludes' list to skip uploading it: `ray.init(..., runtime_env={'excludes': ['/homes/iws/yhruan22/au25-cse599o-hw3/cse599o_alignment/ckpt/model.pt']})`
2025-12-07 06:53:01,022	INFO packaging.py:380 -- Pushing file package 'gcs://_ray_pkg_f9ef338069621b0b.zip' (245.59MiB) to Ray cluster...
2025-12-07 06:53:02,001	INFO packaging.py:393 -- Successfully pushed file package 'gcs://_ray_pkg_f9ef338069621b0b.zip'.
/homes/iws/yhruan22/au25-cse599o-hw3/.venv/lib64/python3.12/site-packages/ray/_private/worker.py:2051: FutureWarning: Tip: In future versions of Ray, Ray will no longer override accelerator visible devices env var if num_gpus=0 or num_gpus=None (default). To enable this behavior and turn off this error message, set RAY_ACCEL_ENV_VAR_OVERRIDE_ON_ZERO=0
  warnings.warn(
Ray initialized.
[33m(raylet)[0m warning: `VIRTUAL_ENV=/homes/iws/yhruan22/au25-cse599o-hw3/.venv` does not match the project environment path `.venv` and will be ignored; use `--active` to target the active environment instead
[33m(raylet)[0m Using CPython 3.12.9 interpreter at: /usr/bin/python3
[33m(raylet)[0m Creating virtual environment at: .venv
[33m(raylet)[0m    Building alignment @ file:///homes/iws/yhruan22/raytmp/session_2025-12-07_06-52-52_291276_2519079/runtime_resources/working_dir_files/_ray_pkg_f9ef338069621b0b
[33m(raylet)[0m    Building cse599o-basics @ file:///homes/iws/yhruan22/raytmp/session_2025-12-07_06-52-52_291276_2519079/runtime_resources/working_dir_files/_ray_pkg_f9ef338069621b0b/cse599o-basics
[33m(raylet)[0m       Built alignment @ file:///homes/iws/yhruan22/raytmp/session_2025-12-07_06-52-52_291276_2519079/runtime_resources/working_dir_files/_ray_pkg_f9ef338069621b0b
[33m(raylet)[0m       Built cse599o-basics @ file:///homes/iws/yhruan22/raytmp/session_2025-12-07_06-52-52_291276_2519079/runtime_resources/working_dir_files/_ray_pkg_f9ef338069621b0b/cse599o-basics
[33m(raylet)[0m Installed 205 packages in 6.66s
[36m(pid=gcs_server)[0m [2025-12-07 06:53:23,022 E 2519401 2519401] (gcs_server) gcs_server.cc:302: Failed to establish connection to the event+metrics exporter agent. Events and metrics will not be exported. Exporter agent status: RpcError: Running out of retries to initialize the metrics agent. rpc_code: 14
[33m(raylet)[0m [2025-12-07 06:53:27,553 E 2519809 2519809] (raylet) main.cc:975: Failed to establish connection to the metrics exporter agent. Metrics will not be exported. Exporter agent status: RpcError: Running out of retries to initialize the metrics agent. rpc_code: 14
[36m(pid=2522900)[0m [2025-12-07 06:53:32,763 E 2522900 2523872] core_worker_process.cc:825: Failed to establish connection to the metrics exporter agent. Metrics will not be exported. Exporter agent status: RpcError: Running out of retries to initialize the metrics agent. rpc_code: 14
[2025-12-07 06:53:33,030 E 2519079 2522812] core_worker_process.cc:825: Failed to establish connection to the metrics exporter agent. Metrics will not be exported. Exporter agent status: RpcError: Running out of retries to initialize the metrics agent. rpc_code: 14
[36m(ColocatedWorker pid=2526566)[0m [2025-12-07 06:53:50,606 E 2526566 2526961] core_worker_process.cc:825: Failed to establish connection to the metrics exporter agent. Metrics will not be exported. Exporter agent status: RpcError: Running out of retries to initialize the metrics agent. rpc_code: 14[32m [repeated 39x across cluster] (Ray deduplicates logs by default. Set RAY_DEDUP_LOGS=0 to disable log deduplication, or see https://docs.ray.io/en/master/ray-observability/user-guides/configure-logging.html#log-deduplication for more options.)[0m
[36m(ColocatedWorker pid=2526566)[0m Prompt: Write a story that includes the word time. One day,  (Keywords: ['time'])
[36m(ColocatedWorker pid=2526566)[0m Response #0 (0.0 reward): 
[36m(ColocatedWorker pid=2526566)[0m The next day, Lucy was sitting on the couch when a voice spoke into her! "Hello," it said. Lucy was surprised and asked the voice, "why are you here?" 
[36m(ColocatedWorker pid=2526566)[0m The voice said, "I'm here to make you a special treat for her. You must not
[36m(ColocatedWorker pid=2526566)[0m Response #1 (0.0 reward): 
[36m(ColocatedWorker pid=2526566)[0m Mr. Jane asked if she could go and ask her friend, "Is it a billboard?"
[36m(ColocatedWorker pid=2526566)[0m The friend said, "Yes, it will be a nice picture you like, but don't worry. I think you will be able to write it."
[36m(ColocatedWorker pid=2526566)[0m So, Mr. Jane wrote the
[36m(ColocatedWorker pid=2526566)[0m Response #2 (1.0 reward): 
[36m(ColocatedWorker pid=2526566)[0m Moral: Be brave and Fire up your limits, but also do not stop us from exploring.
[36m(ColocatedWorker pid=2526566)[0m <|endoftext|>
[36m(ColocatedWorker pid=2526566)[0m Once upon a time, there was a friendly dog named Max. Max liked to play with his friends in the park. One day, Max saw a big tree with a long branch
[36m(ColocatedWorker pid=2526566)[0m Response #3 (0.0 reward): 
[36m(ColocatedWorker pid=2526566)[0m Molly decided that she wanted to make more stories. She said, "I want to make more stories!" 
[36m(ColocatedWorker pid=2526566)[0m The next day, Molly was so excited to show her parents. On the day of her story, Molly ran to the kitchen and grabbed a regular bowl from the kitchen. 
[36m(ColocatedWorker pid=2526566)[0m Prompt: Write a story that includes the word time. One day,  (Keywords: ['time'])
[36m(ColocatedWorker pid=2526566)[0m Response #0 (0.0 reward): 
[36m(ColocatedWorker pid=2526566)[0m Mama said, "Let's go to the store and buy some medicine!" 
[36m(ColocatedWorker pid=2526566)[0m Mama smiled and said, "Yes, let's go!"
[36m(ColocatedWorker pid=2526566)[0m So, they went to the store and bought some money. Mama was so excited to go home.
[36m(ColocatedWorker pid=2526566)[0m At the store, Mama asked
[36m(ColocatedWorker pid=2526566)[0m Response #1 (0.0 reward): 
[36m(ColocatedWorker pid=2526566)[0m "Tom, the story is that you should not tell the word — Tom," said the voice. 
[36m(ColocatedWorker pid=2526566)[0m Tom smiled and nodded. 
[36m(ColocatedWorker pid=2526566)[0m Tom was so happy that he decided to save the story. He learned that the word is to return, and that it is important to be obedient and
[36m(ColocatedWorker pid=2526566)[0m Response #2 (1.0 reward): 
[36m(ColocatedWorker pid=2526566)[0m The end.
[36m(ColocatedWorker pid=2526566)[0m <|endoftext|>
[36m(ColocatedWorker pid=2526566)[0m Once upon a time, there was a little boy named Tim. Tim had a big, round nose. He loved to play with his toys all day. One day, Tim found a toy he had never seen before. It was a toy. Tim didn't know
[36m(ColocatedWorker pid=2526566)[0m Response #3 (0.0 reward): 
[36m(ColocatedWorker pid=2526566)[0m “Oh, I bet you can find something yummy!” said the little girl. 
[36m(ColocatedWorker pid=2526566)[0m “Really?”
[36m(ColocatedWorker pid=2526566)[0m The little girl smiled. She was excited to find out what the word meant and how to answer.
[36m(ColocatedWorker pid=2526566)[0m The little girl was no longer selfish and she
[36m(ColocatedWorker pid=2526566)[0m Loss: 4.470348358154297e-08
[36m(ColocatedWorker pid=2526566)[0m Loss: 0.012107111513614655
Step 0 (warmup=True): {'step': 0, 'loss': 0.012107111513614655, 'num_trajectories': 2, 'avg_reward': 0.25, 'total_time_ms': 12733.254177961498, 'rollout_time_ms': '11375.840923981741 (89.3%)', 'update_time_ms': '1355.253634043038 (10.6%)', 'transfer_time_ms': '2.143370977137238 (0.0%)', 'reference_time_ms': '0.0 (0.0%)'}
[36m(ColocatedWorker pid=2526566)[0m Prompt: Write a story that includes the word time. One day,  (Keywords: ['time'])
[36m(ColocatedWorker pid=2526566)[0m Response #0 (1.0 reward): 
[36m(ColocatedWorker pid=2526566)[0m <|endoftext|>
[36m(ColocatedWorker pid=2526566)[0m Once upon a time, there was a little boy named Tim. Tim had a big, impressive toy bear. The bear was big and had a small hole in it. Tim loved his bear very much.
[36m(ColocatedWorker pid=2526566)[0m One day, Tim wanted to see his bear inside the hole. He thought
[36m(ColocatedWorker pid=2526566)[0m Response #1 (1.0 reward): 
[36m(ColocatedWorker pid=2526566)[0m <|endoftext|>
[36m(ColocatedWorker pid=2526566)[0m Once upon a time, there was a friendly dog named Max. Max liked to play with his friends in the park. One day, while playing, he saw a big tree. Max wanted to climb the tree, but he was too small.
[36m(ColocatedWorker pid=2526566)[0m A wise old owl saw Max and
[36m(ColocatedWorker pid=2526566)[0m Response #2 (1.0 reward): 
[36m(ColocatedWorker pid=2526566)[0m <|endoftext|>
[36m(ColocatedWorker pid=2526566)[0m Once upon a time, there was a bossy cat named Tom. Tom liked to tell everyone what to do. One day, Tom saw a big storm coming. He knew it was dangerous.
[36m(ColocatedWorker pid=2526566)[0m Tom's friend, a dog named Max, came over to help. Max said,
[36m(ColocatedWorker pid=2526566)[0m Response #3 (1.0 reward): 
[36m(ColocatedWorker pid=2526566)[0m <|endoftext|>
[36m(ColocatedWorker pid=2526566)[0m Once upon a time, there was a big, angry dog. He liked to scare everyone. One day, he saw a little girl named Lily. Lily was crying. She had lost her toy. The dog was in a hurry.
[36m(ColocatedWorker pid=2526566)[0m Lily wanted to help her friend. She
[36m(ColocatedWorker pid=2526566)[0m Prompt: Write a story that includes the word time. One day,  (Keywords: ['time'])
[36m(ColocatedWorker pid=2526566)[0m Response #0 (1.0 reward): 
[36m(ColocatedWorker pid=2526566)[0m <|endoftext|>
[36m(ColocatedWorker pid=2526566)[0m Once upon a time, there was a big, round rock. The rock liked to sleep all day. It would sleep all day and all night. One day, a little boy found the rock. The boy did not recognize it. He took the rock to his mom.
[36m(ColocatedWorker pid=2526566)[0m "
[36m(ColocatedWorker pid=2526566)[0m Response #1 (1.0 reward): 
[36m(ColocatedWorker pid=2526566)[0m Then one day a storm broke the sea. The missile was lost and couldn’t find its way back home. The end.
[36m(ColocatedWorker pid=2526566)[0m <|endoftext|>
[36m(ColocatedWorker pid=2526566)[0m Once upon a time, there was a little boy named Tim. Tim was adventurous. He loved to explore and play with his friends. One day
[36m(ColocatedWorker pid=2526566)[0m Response #2 (1.0 reward): 
[36m(ColocatedWorker pid=2526566)[0m <|endoftext|>
[36m(ColocatedWorker pid=2526566)[0m Once upon a time, there was a weird bird. The bird lived in a big tree. The tree had a big branch called a "goug". The tree liked to play and have fun. One day, the tree had an idea. "I will cut a branch to
[36m(ColocatedWorker pid=2526566)[0m Response #3 (0.0 reward): 
[36m(ColocatedWorker pid=2526566)[0m The eagle returned for the little boy to continue his journey with his dream. And the little boy was still scared.
[36m(ColocatedWorker pid=2526566)[0m <|endoftext|>
[36m(ColocatedWorker pid=2526566)[0m One day, a little girl named Sally went to the park with her mom. They saw a big tree with a long branch. It was so high that the tree
Step 2 (warmup=True): {'step': 0, 'loss': -0.003263525664806366, 'num_trajectories': 2, 'avg_reward': 0.875, 'total_time_ms': 897.619070019573, 'rollout_time_ms': '802.4411190417595 (89.4%)', 'update_time_ms': '93.03846798138693 (10.4%)', 'transfer_time_ms': '2.1137729636393487 (0.2%)', 'reference_time_ms': '0.0 (0.0%)'}
[36m(ColocatedWorker pid=2526566)[0m Loss: 0.0
[36m(ColocatedWorker pid=2526566)[0m Loss: -0.003263525664806366
[36m(ColocatedWorker pid=2526566)[0m Prompt: Write a story that includes the word time. One day,  (Keywords: ['time'])
[36m(ColocatedWorker pid=2526566)[0m Response #0 (1.0 reward): 
[36m(ColocatedWorker pid=2526566)[0m <|endoftext|>
[36m(ColocatedWorker pid=2526566)[0m Once upon a time, there was a little girl named Lily. She had an elderly lady who gave her a toy. The toy had a big, round ball. Lily loved to play with her friends every day.
[36m(ColocatedWorker pid=2526566)[0m One day, Lily saw a big tree with a long branch.
[36m(ColocatedWorker pid=2526566)[0m Response #1 (0.0 reward): 
[36m(ColocatedWorker pid=2526566)[0m <|endoftext|>
[36m(ColocatedWorker pid=2526566)[0m One day, a big lion and a little mouse were on a tall tree. The lion could not move or play. The lion was very sad. He did not like to lose his friend, the mouse, to. The mouse was scared of the lion's roar.
[36m(ColocatedWorker pid=2526566)[0m The lion
[36m(ColocatedWorker pid=2526566)[0m Response #2 (1.0 reward): 
[36m(ColocatedWorker pid=2526566)[0m <|endoftext|>
[36m(ColocatedWorker pid=2526566)[0m Once upon a time, there was a poor little dog named Max. Max had a best friend named Timmy. Timmy was a little bird who could fly high. Max and Timmy were best friends. One day, Max wanted to fly high in the sky like Timmy.
[36m(ColocatedWorker pid=2526566)[0m Response #3 (1.0 reward): 
[36m(ColocatedWorker pid=2526566)[0m <|endoftext|>
[36m(ColocatedWorker pid=2526566)[0m Once upon a time, there was a little boy named Tim. Tim was worried. He had a toy he had to play with. Tim's mom told him to be brave, but Tim did not listen.
[36m(ColocatedWorker pid=2526566)[0m One day, Tim went outside to play. He played with his toy
[36m(ColocatedWorker pid=2526566)[0m Prompt: Write a story that includes the word time. One day,  (Keywords: ['time'])
[36m(ColocatedWorker pid=2526566)[0m Response #0 (1.0 reward): 
[36m(ColocatedWorker pid=2526566)[0m <|endoftext|>
[36m(ColocatedWorker pid=2526566)[0m Once upon a time, there was a cute little dog named Max. Max liked to play with his friends in the park. One day, Max saw a big tree with a long branch that he had never seen before. Max wanted to climb the branch but he was scared.
[36m(ColocatedWorker pid=2526566)[0m Max
[36m(ColocatedWorker pid=2526566)[0m Response #1 (1.0 reward): 
[36m(ColocatedWorker pid=2526566)[0m <|endoftext|>
[36m(ColocatedWorker pid=2526566)[0m Once upon a time, there was a little boy named Tim. Tim had a small, fragile toy. He named it Mr. Knot. Tim loved to play with Mr. Moony all day. One day, Tim's mom said, "Tim, you need to take time to
[36m(ColocatedWorker pid=2526566)[0m Response #2 (1.0 reward): 
[36m(ColocatedWorker pid=2526566)[0m <|endoftext|>
[36m(ColocatedWorker pid=2526566)[0m Once upon a time, there was a big vehicle. The vehicle was very strong. It could carry many things. One day, the vehicle saw a little boy with a big, mean dog. The dog wanted the little boy to take his toy.
[36m(ColocatedWorker pid=2526566)[0m The little boy wanted to take
[36m(ColocatedWorker pid=2526566)[0m Response #3 (1.0 reward): 
[36m(ColocatedWorker pid=2526566)[0m <|endoftext|>
[36m(ColocatedWorker pid=2526566)[0m Once upon a time, there was a little boy named Tom. Tom liked to play with his friends in the park. One day, Tom saw a big tree with a long branch. Tom wanted to climb the branch to see what was on the branch. He told his friends to stay
[36m(ColocatedWorker pid=2526566)[0m Loss: 4.470348358154297e-08
Step 4 (warmup=False): {'step': 2, 'loss': 0.0, 'num_trajectories': 2, 'avg_reward': 0.875, 'total_time_ms': 772.0714249880984, 'rollout_time_ms': '681.1266769655049 (88.2%)', 'update_time_ms': '88.91576703172177 (11.5%)', 'transfer_time_ms': '2.0136000239290297 (0.3%)', 'reference_time_ms': '0.0 (0.0%)'}
[36m(ColocatedWorker pid=2526566)[0m Loss: 0.0
[36m(ColocatedWorker pid=2526566)[0m Prompt: Write a story that includes the word time. One day,  (Keywords: ['time'])
[36m(ColocatedWorker pid=2526566)[0m Response #0 (1.0 reward): 
[36m(ColocatedWorker pid=2526566)[0m <|endoftext|>
[36m(ColocatedWorker pid=2526566)[0m Once upon a time, there was a big, enormous tree. The tree had a long branch. The branch had a long branch. The branch could stand tall. The branch had a big branch. The branch thought there was a good place to rest.
[36m(ColocatedWorker pid=2526566)[0m One day, the branch
[36m(ColocatedWorker pid=2526566)[0m Response #1 (1.0 reward): 
[36m(ColocatedWorker pid=2526566)[0m <|endoftext|>
[36m(ColocatedWorker pid=2526566)[0m Once upon a time, there was a little boy named Tim. Tim had a toy called a screen. The screen was very big and had many colors. Tim liked to play with his friends all day.
[36m(ColocatedWorker pid=2526566)[0m One day, Tim found a toy he had never seen before. It had
[36m(ColocatedWorker pid=2526566)[0m Response #2 (1.0 reward): 
[36m(ColocatedWorker pid=2526566)[0m <|endoftext|>
[36m(ColocatedWorker pid=2526566)[0m Once upon a time, there was a boy named Tim. Tim had a big, round ball. One day, Tim saw a penny on a high shelf. Tim wanted to get a toy. But he had only one toy he could reach. Tim thought, "I can get the
[36m(ColocatedWorker pid=2526566)[0m Response #3 (1.0 reward): 
[36m(ColocatedWorker pid=2526566)[0m <|endoftext|>
[36m(ColocatedWorker pid=2526566)[0m Once upon a time, there was a little boy named Tim. Tim had a toy he had very long. It was a toy. Tim loved to play with his friends all day. One day, Tim saw a big tree with a long branch that looked dizzy from moving. Tim
[36m(ColocatedWorker pid=2526566)[0m Prompt: Write a story that includes the word time. One day,  (Keywords: ['time'])
[36m(ColocatedWorker pid=2526566)[0m Response #0 (1.0 reward): 
[36m(ColocatedWorker pid=2526566)[0m <|endoftext|>
[36m(ColocatedWorker pid=2526566)[0m Once upon a time, there was a big, round rock. The rock lived in a small house. The little rock was just a tree. One day, a girl came to see the rock. She wanted to see the small rock.
[36m(ColocatedWorker pid=2526566)[0m The girl saw a cup of water.
[36m(ColocatedWorker pid=2526566)[0m Response #1 (1.0 reward): 
[36m(ColocatedWorker pid=2526566)[0m <|endoftext|>
[36m(ColocatedWorker pid=2526566)[0m Once upon a time, there was a little boy named Tim. Tim had a toy he found. It was an ashtray. Tim didn't know what it was. It was a toy. Tim wanted to play with it.
[36m(ColocatedWorker pid=2526566)[0m Tim took the ashtray to his mom
[36m(ColocatedWorker pid=2526566)[0m Response #2 (1.0 reward): 
[36m(ColocatedWorker pid=2526566)[0m <|endoftext|>
[36m(ColocatedWorker pid=2526566)[0m Once upon a time, there was a little girl named Lily. She had a toy called Zigzag. Zigzag was a toy that he had a very important home. Lily loved to play with Zigzag all day. One day, Lily and Zigzag were playing together.
[36m(ColocatedWorker pid=2526566)[0m L
[36m(ColocatedWorker pid=2526566)[0m Response #3 (1.0 reward): 
[36m(ColocatedWorker pid=2526566)[0m <|endoftext|>
[36m(ColocatedWorker pid=2526566)[0m Once upon a time, there was a little girl named Lily. She had a toy she had a toy. She loved to play with her friends all day. One day, Lily's mom told her to behave, but Lily did not like chores. She wanted her toy back. So
Step 6 (warmup=False): {'step': 4, 'loss': 0.0, 'num_trajectories': 2, 'avg_reward': 1.0, 'total_time_ms': 758.5071169887669, 'rollout_time_ms': '667.5146489869803 (88.0%)', 'update_time_ms': '89.16312095243484 (11.8%)', 'transfer_time_ms': '1.8147740047425032 (0.2%)', 'reference_time_ms': '0.0 (0.0%)'}
[36m(ColocatedWorker pid=2526566)[0m Loss: 0.0
[36m(ColocatedWorker pid=2526566)[0m Loss: 0.0
[36m(ColocatedWorker pid=2526566)[0m Prompt: Write a story that includes the word time. One day,  (Keywords: ['time'])
[36m(ColocatedWorker pid=2526566)[0m Response #0 (1.0 reward): 
[36m(ColocatedWorker pid=2526566)[0m <|endoftext|>
[36m(ColocatedWorker pid=2526566)[0m Once upon a time, there was a little boy named Tim. Tim had a big, round thing called a toy. Tim could make things with his toy with his toy. He would play with his friends all day. One day, Tim found a toy he had never seen before.
[36m(ColocatedWorker pid=2526566)[0m Response #1 (1.0 reward): 
[36m(ColocatedWorker pid=2526566)[0m <|endoftext|>
[36m(ColocatedWorker pid=2526566)[0m Once upon a time, there was a little boy named Tim. Tim had a toy he had a toy. The toy was a toy. Tim loved to play with his friends all day. One day, Tim saw a toy he had never seen before. Tim didn't know what it
[36m(ColocatedWorker pid=2526566)[0m Response #2 (1.0 reward): 
[36m(ColocatedWorker pid=2526566)[0m Once upon a time there was a big tree. It had lots of branches and leaves. One day the tree was leaning to place.
[36m(ColocatedWorker pid=2526566)[0m The tree wanted to reach the top of the tree. So it asked its mom if they could get a branch. The Mom said yes. So the owl
[36m(ColocatedWorker pid=2526566)[0m Response #3 (1.0 reward): 
[36m(ColocatedWorker pid=2526566)[0m <|endoftext|>
[36m(ColocatedWorker pid=2526566)[0m Once upon a time, there was a big, round rock. The rock lived in a forest. The forest had many friends.
[36m(ColocatedWorker pid=2526566)[0m One day, a little bird wanted to fly high. The bird said to his friends, "I will fly high and see the sky." His friends
[36m(ColocatedWorker pid=2526566)[0m Prompt: Write a story that includes the word time. One day,  (Keywords: ['time'])
[36m(ColocatedWorker pid=2526566)[0m Response #0 (1.0 reward): 
[36m(ColocatedWorker pid=2526566)[0m <|endoftext|>
[36m(ColocatedWorker pid=2526566)[0m Once upon a time, there was a friendly dog named Max. Max liked to play with his friends in the park. One day, Max saw a big tree with a long branch had fallen. Max wanted to climb the branch, but he was too short.
[36m(ColocatedWorker pid=2526566)[0m Max had an idea
[36m(ColocatedWorker pid=2526566)[0m Response #1 (1.0 reward): 
[36m(ColocatedWorker pid=2526566)[0m <|endoftext|>
[36m(ColocatedWorker pid=2526566)[0m Once upon a time, there was a friendly dog named Max. Max liked to play with his friends in the park. One day, Max saw a big tree with a long branch that looked like a long branch. Max thought he would be perfect to climb it.
[36m(ColocatedWorker pid=2526566)[0m Max started to
[36m(ColocatedWorker pid=2526566)[0m Response #2 (1.0 reward): 
[36m(ColocatedWorker pid=2526566)[0m <|endoftext|>
[36m(ColocatedWorker pid=2526566)[0m Once upon a time, there was a little boy named Tim. Tim had a toy he had to play with. Tim liked to play with his friends all day. One day, Tim saw a big tree with a long branch. Tim thought there might be a good place to lay down
[36m(ColocatedWorker pid=2526566)[0m Response #3 (1.0 reward): 
[36m(ColocatedWorker pid=2526566)[0m <|endoftext|>
[36m(ColocatedWorker pid=2526566)[0m Once upon a time, there was a little boy named Tim. Tim had a toy he had. Tim did not like his toy. It was a toy. Tim's toy. Tim played with him all day. Tim's toy did not work well. Tim's toy was very soft
Step 8 (warmup=False): {'step': 6, 'loss': 0.0, 'num_trajectories': 2, 'avg_reward': 1.0, 'total_time_ms': 752.5852739927359, 'rollout_time_ms': '658.8223029975779 (87.5%)', 'update_time_ms': '91.71263303142041 (12.2%)', 'transfer_time_ms': '2.034254022873938 (0.3%)', 'reference_time_ms': '0.0 (0.0%)'}
[36m(ColocatedWorker pid=2526566)[0m Loss: 0.0
[36m(ColocatedWorker pid=2526566)[0m Loss: 0.0
Step 10 (warmup=False): {'step': 8, 'loss': 0.0, 'num_trajectories': 2, 'avg_reward': 1.0, 'total_time_ms': 738.8326619984582, 'rollout_time_ms': '646.8071969575249 (87.5%)', 'update_time_ms': '89.9607430328615 (12.2%)', 'transfer_time_ms': '2.0393840386532247 (0.3%)', 'reference_time_ms': '0.0 (0.0%)'}
[36m(ColocatedWorker pid=2526566)[0m Prompt: Write a story that includes the word time. One day,  (Keywords: ['time'])
[36m(ColocatedWorker pid=2526566)[0m Response #0 (1.0 reward): 
[36m(ColocatedWorker pid=2526566)[0m <|endoftext|>
[36m(ColocatedWorker pid=2526566)[0m Once upon a time, there was a big tree. The tree had a long branch called a "Help me pull this branch!" A wise old owl lived nearby. The owl liked to help his friends.
[36m(ColocatedWorker pid=2526566)[0m One day, the wise owl saw a big tree. The owl said to
[36m(ColocatedWorker pid=2526566)[0m Response #1 (1.0 reward): 
[36m(ColocatedWorker pid=2526566)[0m <|endoftext|>
[36m(ColocatedWorker pid=2526566)[0m Once upon a time, there was a little boy named Tim. Tim had a toy he had a toy. Tim had a toy he had a toy, a toy. Tim loved to play with his friends all day. One day, Tim found a toy he had never seen before.
[36m(ColocatedWorker pid=2526566)[0m Response #2 (1.0 reward): 
[36m(ColocatedWorker pid=2526566)[0m <|endoftext|>
[36m(ColocatedWorker pid=2526566)[0m Once upon a time, there was a small bird named Tim. Tim had a toy called Mr. Bear. Tim and Mr. Bear were good friends. One day, Tim wanted to borrow an eraser. Tim said, "Boys, please borrow Mr. Bear. Be this
[36m(ColocatedWorker pid=2526566)[0m Response #3 (1.0 reward): 
[36m(ColocatedWorker pid=2526566)[0m <|endoftext|>
[36m(ColocatedWorker pid=2526566)[0m Once upon a time, there was a little boy named Tim. Tim had a toy. Tim. Tim's toy was poor. Tim's mom told him to put a toy in his toy. Tim did not want to do that. Tim's mom told Tim to be honest.
[36m(ColocatedWorker pid=2526566)[0m 
[36m(ColocatedWorker pid=2526566)[0m Prompt: Write a story that includes the word time. One day,  (Keywords: ['time'])
[36m(ColocatedWorker pid=2526566)[0m Response #0 (1.0 reward): 
[36m(ColocatedWorker pid=2526566)[0m <|endoftext|>
[36m(ColocatedWorker pid=2526566)[0m Once upon a time, there was a playful bird. The bird liked to work in a big tree. One day, the bird found a big tree.
[36m(ColocatedWorker pid=2526566)[0m Tim had an idea. He wanted to lift the tree to see what was up high. Tim thought, "Maybe I can
[36m(ColocatedWorker pid=2526566)[0m Response #1 (1.0 reward): 
[36m(ColocatedWorker pid=2526566)[0m <|endoftext|>
[36m(ColocatedWorker pid=2526566)[0m Once upon a time, there was a little dog named Max. Max liked to play with his friends in the park. One day, Max saw a big tree with a long branch up close. The branch had an axe in it. Max wanted to see what was up at the top
[36m(ColocatedWorker pid=2526566)[0m Response #2 (1.0 reward): 
[36m(ColocatedWorker pid=2526566)[0m <|endoftext|>
[36m(ColocatedWorker pid=2526566)[0m Once upon a time, there was a brown dog named Max. Max liked to play with his friends in the park. One day, Max saw a big tree with a long branch he had never seen before. Max thought it was a toy and wanted to play with it.
[36m(ColocatedWorker pid=2526566)[0m Max
[36m(ColocatedWorker pid=2526566)[0m Response #3 (1.0 reward): 
[36m(ColocatedWorker pid=2526566)[0m THE things were exciting to explore.
[36m(ColocatedWorker pid=2526566)[0m <|endoftext|>
[36m(ColocatedWorker pid=2526566)[0m Once upon a time, there was a little girl named Lily. She had an elderly lady who gave her a toy. The toy had a toy, a toy. Lily loved to play with her friends all day.
[36m(ColocatedWorker pid=2526566)[0m One day, a big
[36m(ColocatedWorker pid=2526566)[0m Loss: 0.0
[36m(ColocatedWorker pid=2526566)[0m Loss: 0.0
[36m(ColocatedWorker pid=2526566)[0m Prompt: Write a story that includes the word time. One day,  (Keywords: ['time'])
[36m(ColocatedWorker pid=2526566)[0m Response #0 (1.0 reward): 
[36m(ColocatedWorker pid=2526566)[0m <|endoftext|>
[36m(ColocatedWorker pid=2526566)[0m Once upon a time, there was a big, dangerous dog named Max. Max liked to play with his friends. One day, Max wanted to play with his friends.
[36m(ColocatedWorker pid=2526566)[0m Max had an idea. He wanted to go outside and see his friends. Max went to play with his friends
[36m(ColocatedWorker pid=2526566)[0m Response #1 (1.0 reward):  time exploring and find a way to the exit.
[36m(ColocatedWorker pid=2526566)[0m <|endoftext|>
[36m(ColocatedWorker pid=2526566)[0m Once upon a time, there was a little boy named Tim. Tim had a toy. Tim's toy was a toy. Tim's mom told him to reverse the toy. Tim wanted to play with it. Tim had a toy he
[36m(ColocatedWorker pid=2526566)[0m Response #2 (1.0 reward): 
[36m(ColocatedWorker pid=2526566)[0m <|endoftext|>
[36m(ColocatedWorker pid=2526566)[0m Once upon a time, there was a little boy named Tim. Tim had a toy he had. Tim's toy was about toy. Tim's friend, Timmy. Timmy could play with his toys. Timmy was spoiled. Timmy wanted to play with other kids who would
[36m(ColocatedWorker pid=2526566)[0m Response #3 (0.0 reward): 
[36m(ColocatedWorker pid=2526566)[0m They were close early when they put their treasures in the park. As they wandered, they heard a mysterious noise.
[36m(ColocatedWorker pid=2526566)[0m "What was that it's?" asked someone. 
[36m(ColocatedWorker pid=2526566)[0m "It's a fairy," said Mum. 
[36m(ColocatedWorker pid=2526566)[0m "Let's go explore," said Jack.
[36m(ColocatedWorker pid=2526566)[0m Their parents
[36m(ColocatedWorker pid=2526566)[0m Prompt: Write a story that includes the word time. One day,  (Keywords: ['time'])
[36m(ColocatedWorker pid=2526566)[0m Response #0 (1.0 reward): 
[36m(ColocatedWorker pid=2526566)[0m <|endoftext|>
[36m(ColocatedWorker pid=2526566)[0m Once upon a time, there was a little boy named Tim. Tim had a toy he had. Tim's toy had a toy he had. Tim loved to play with his friends. One day, Tim found a toy he had never seen before. It before. Tim didn't recognize
[36m(ColocatedWorker pid=2526566)[0m Response #1 (1.0 reward): 
[36m(ColocatedWorker pid=2526566)[0m <|endoftext|>
[36m(ColocatedWorker pid=2526566)[0m Once upon a time, there was a little boy named Tim. Tim had an adorable cat. Tim had a toy he had. Tim had a toy he had. Tim's toy was a toy. Tim's toy was a toy. Tim had a toy he had a toy. Tim
[36m(ColocatedWorker pid=2526566)[0m Response #2 (1.0 reward): 
[36m(ColocatedWorker pid=2526566)[0m <|endoftext|>
[36m(ColocatedWorker pid=2526566)[0m Once upon a time, there was a poor little bird. The little bird lived in a big tree. The little bird had a long branch. The branch had a long branch.
[36m(ColocatedWorker pid=2526566)[0m One day, the long branch found a big branch. The branch had many long branch. The branch
[36m(ColocatedWorker pid=2526566)[0m Response #3 (1.0 reward): 
[36m(ColocatedWorker pid=2526566)[0m <|endoftext|>
[36m(ColocatedWorker pid=2526566)[0m Once upon a time, there was a little dog named Max. Max liked to play with his friends. One day, Max saw a big tree with a long branch on a branch. Max wanted to play with the branch. Max tried to play with the branch, but it was too
[36m(ColocatedWorker pid=2526566)[0m Loss: -7.450580596923828e-09
Step 12 (warmup=False): {'step': 10, 'loss': 0.0, 'num_trajectories': 2, 'avg_reward': 0.875, 'total_time_ms': 742.0172049896792, 'rollout_time_ms': '653.4266730304807 (88.1%)', 'update_time_ms': '86.56194497598335 (11.7%)', 'transfer_time_ms': '2.015631995163858 (0.3%)', 'reference_time_ms': '0.0 (0.0%)'}
[36m(ColocatedWorker pid=2526566)[0m Loss: 0.0
[36m(ColocatedWorker pid=2526566)[0m Prompt: Write a story that includes the word time. One day,  (Keywords: ['time'])
[36m(ColocatedWorker pid=2526566)[0m Response #0 (1.0 reward):  time exploring and explore something new might happen to the best.
[36m(ColocatedWorker pid=2526566)[0m <|endoftext|>
[36m(ColocatedWorker pid=2526566)[0m Once upon a time, there was a little boy named Tim. Tim had a toy. Tim. Tim's doll was interesting. Tim's mom told him to keep all his toys. Tim wanted to play with his friends in
[36m(ColocatedWorker pid=2526566)[0m Response #1 (1.0 reward): 
[36m(ColocatedWorker pid=2526566)[0m <|endoftext|>
[36m(ColocatedWorker pid=2526566)[0m Once upon a time, there was a boy named Tim. Tim had a toy. Tim's toy was a toy. Tim's mom told him to eat. Tim went to play with his friends. But Tim's mom said, "Tim, we must find a toy before we go
[36m(ColocatedWorker pid=2526566)[0m Response #2 (1.0 reward): 
[36m(ColocatedWorker pid=2526566)[0m <|endoftext|>
[36m(ColocatedWorker pid=2526566)[0m Once upon a time, there was a boy named Tim. Tim had a toy. Tim's toy was a toy. Tim's mom told him to play with other toys. Tim said, "No, Tim. Tim is old. We should play with other kids."
[36m(ColocatedWorker pid=2526566)[0m Tim played
[36m(ColocatedWorker pid=2526566)[0m Response #3 (1.0 reward): <|endoftext|>
[36m(ColocatedWorker pid=2526566)[0m Once upon a time, there was a big, expensive toy. The toy had a toy. The toy had a toy. The toy belonged to Tim. Tim's mom told him, "Be brave, Tim. I tells you to stay away from the toy."
[36m(ColocatedWorker pid=2526566)[0m Tim went to play
[36m(ColocatedWorker pid=2526566)[0m Prompt: Write a story that includes the word time. One day,  (Keywords: ['time'])
[36m(ColocatedWorker pid=2526566)[0m Response #0 (1.0 reward): 
[36m(ColocatedWorker pid=2526566)[0m <|endoftext|>
[36m(ColocatedWorker pid=2526566)[0m Once upon a time, there was a little boy named Tim. Tim had a toy. Tim's toy was fake. Tim's toy was broken. Tim's mom told him to be brave. Tim's mom gave him a toy. Tim wanted to play with his toy.
[36m(ColocatedWorker pid=2526566)[0m Tim
[36m(ColocatedWorker pid=2526566)[0m Response #1 (1.0 reward):  adventures, exploring new places.
[36m(ColocatedWorker pid=2526566)[0m <|endoftext|>
[36m(ColocatedWorker pid=2526566)[0m Once upon a time, there was a little boy named Tim. Tim had a toy. Tim's toy was a toy. Tim's mom told him to play with his toy. Tim did not want to play with his toy. Tim's mom said they
[36m(ColocatedWorker pid=2526566)[0m Response #2 (1.0 reward): 
[36m(ColocatedWorker pid=2526566)[0m <|endoftext|>
[36m(ColocatedWorker pid=2526566)[0m Once upon a time, there was a little dog named Tim. Tim had a big, round rock. Timmy wanted to play with his friends. So, Timmy took a toy to play with. Timmy's friends were playing a game. Timmy was to find a toy
[36m(ColocatedWorker pid=2526566)[0m Response #3 (1.0 reward):  time exploring the garden, the sunflgood down.
[36m(ColocatedWorker pid=2526566)[0m <|endoftext|>
[36m(ColocatedWorker pid=2526566)[0m Once upon a time, there was a friendly dog named Max. Max liked to play with his friends. One day, Max found a big tree with a long branch. Max had an idea.
[36m(ColocatedWorker pid=2526566)[0m Max said to his friends,
[36m(ColocatedWorker pid=2526566)[0m Loss: 0.0
Step 14 (warmup=False): {'step': 12, 'loss': 0.0, 'num_trajectories': 2, 'avg_reward': 1.0, 'total_time_ms': 748.1293169548735, 'rollout_time_ms': '655.8403809904121 (87.7%)', 'update_time_ms': '90.33982298569754 (12.1%)', 'transfer_time_ms': '1.9334019743837416 (0.3%)', 'reference_time_ms': '0.0 (0.0%)'}
[36m(ColocatedWorker pid=2526566)[0m Loss: 0.0
[36m(ColocatedWorker pid=2526566)[0m Prompt: Write a story that includes the word time. One day,  (Keywords: ['time'])
[36m(ColocatedWorker pid=2526566)[0m Response #0 (1.0 reward):  can explore a new place.
[36m(ColocatedWorker pid=2526566)[0m <|endoftext|>
[36m(ColocatedWorker pid=2526566)[0m Once upon a time, there was a small dog named Max. Max liked to play with his friends. One day, Max found a big tree. Max thought it would be fun to climb.
[36m(ColocatedWorker pid=2526566)[0m Max started to climb the high branches. "Look up
[36m(ColocatedWorker pid=2526566)[0m Response #1 (1.0 reward):  like adventures in the forest, they found new treasures.
[36m(ColocatedWorker pid=2526566)[0m <|endoftext|>
[36m(ColocatedWorker pid=2526566)[0m Once upon a time, there was a big brown dog. The dog liked to play with his friends. One day, he found a tree with a long branch hanging from one branch.
[36m(ColocatedWorker pid=2526566)[0m Under the branch, Tim found a long
[36m(ColocatedWorker pid=2526566)[0m Response #2 (1.0 reward):  time exploring something new, but also do not stop exploring.
[36m(ColocatedWorker pid=2526566)[0m <|endoftext|>
[36m(ColocatedWorker pid=2526566)[0m Once upon a time, there was a little girl named Sue. Sue had a toy. She played with it all day. Sue's mom told her to be brave. Sue wanted to play with her friends.
[36m(ColocatedWorker pid=2526566)[0m Sue
[36m(ColocatedWorker pid=2526566)[0m Response #3 (1.0 reward):  in a big tunnel near your home, it's super exciting than exploring.
[36m(ColocatedWorker pid=2526566)[0m <|endoftext|>
[36m(ColocatedWorker pid=2526566)[0m Once upon a time, there was a charming little town. In this town, there was a big tree. The tree was a good branch. People liked to support each other. One day, a little bird
[36m(ColocatedWorker pid=2526566)[0m Prompt: Write a story that includes the word time. One day,  (Keywords: ['time'])
[36m(ColocatedWorker pid=2526566)[0m Response #0 (1.0 reward):  adventures adventure can explore the world.
[36m(ColocatedWorker pid=2526566)[0m <|endoftext|>
[36m(ColocatedWorker pid=2526566)[0m Once upon a time, there was a big, deep hole in a small village. The big, deep hole would keep the ground safe. One day, a brave bear named Ben wanted to go on an adventure.
[36m(ColocatedWorker pid=2526566)[0m As Ben walked through the deep
[36m(ColocatedWorker pid=2526566)[0m Response #1 (1.0 reward):  time exploring the exciting places.
[36m(ColocatedWorker pid=2526566)[0m <|endoftext|>
[36m(ColocatedWorker pid=2526566)[0m Once upon a time, there was a little boy named Tim. Tim was worried. He wanted to go outside and play with his friends. Tim's mom told him to be brave, but Tim was scared.
[36m(ColocatedWorker pid=2526566)[0m Tim told his mom, "I am
[36m(ColocatedWorker pid=2526566)[0m Response #2 (1.0 reward):  time exploring outside.
[36m(ColocatedWorker pid=2526566)[0m <|endoftext|>
[36m(ColocatedWorker pid=2526566)[0m Once upon a time, there was a friendly dog named Max. Max liked to play with his friends. One day, Max found a big tree with a long branch. Max wanted to see the long branch up close. Max had an idea.
[36m(ColocatedWorker pid=2526566)[0m Max put the
[36m(ColocatedWorker pid=2526566)[0m Response #3 (1.0 reward):  hopped along a new way to find a wonderful adventure.
[36m(ColocatedWorker pid=2526566)[0m <|endoftext|>
[36m(ColocatedWorker pid=2526566)[0m Once upon a time, there was a little girl named Lily. Lily liked to play with her friends. One day, she found a toy she had never seen before. It was a toy. Lily didn't know what it was
Step 16 (warmup=False): {'step': 14, 'loss': 0.0, 'num_trajectories': 2, 'avg_reward': 1.0, 'total_time_ms': 754.71813097829, 'rollout_time_ms': '663.6285679996945 (87.9%)', 'update_time_ms': '89.13200895767659 (11.8%)', 'transfer_time_ms': '1.9448610255494714 (0.3%)', 'reference_time_ms': '0.0 (0.0%)'}
[36m(ColocatedWorker pid=2526566)[0m Loss: 0.0
[36m(ColocatedWorker pid=2526566)[0m Loss: 0.0
[36m(ColocatedWorker pid=2526566)[0m Prompt: Write a story that includes the word time. One day,  (Keywords: ['time'])
[36m(ColocatedWorker pid=2526566)[0m Response #0 (1.0 reward):  time exploring, but also do not end up exploring around.
[36m(ColocatedWorker pid=2526566)[0m <|endoftext|>
[36m(ColocatedWorker pid=2526566)[0m Once upon a time, there was a friendly dog named Max. Max liked to play with his friends. One day, Max saw a big tree with a long branch. Max wanted to play with the branch.
[36m(ColocatedWorker pid=2526566)[0m Max tried
[36m(ColocatedWorker pid=2526566)[0m Response #1 (1.0 reward):  time exploring and find a way to get something safe.
[36m(ColocatedWorker pid=2526566)[0m <|endoftext|>
[36m(ColocatedWorker pid=2526566)[0m Once upon a time, there was a little boy named Tim. Tim had a toy. Tim's mom told him to be brave. Tim's mom told him to be brave. Tim wanted to play with his friends.
[36m(ColocatedWorker pid=2526566)[0m One
[36m(ColocatedWorker pid=2526566)[0m Response #2 (1.0 reward):  time exploring outside, but also do not stop us from exploring.
[36m(ColocatedWorker pid=2526566)[0m <|endoftext|>
[36m(ColocatedWorker pid=2526566)[0m Once upon a time, there was a little boy named Tim. Tim had a toy. Tim's mom told him to play with his friends. Tim's mom said, "You can play with your friends." Tim did
[36m(ColocatedWorker pid=2526566)[0m Response #3 (1.0 reward):  time exploring in the ro world, now and not exit down from exploring.
[36m(ColocatedWorker pid=2526566)[0m <|endoftext|>
[36m(ColocatedWorker pid=2526566)[0m Once upon a time, there was a big, round rock. The rock wanted to find a friend. So, the rock started to crawl. The rock crawled up to see.
[36m(ColocatedWorker pid=2526566)[0m As the rock crawled,
[36m(ColocatedWorker pid=2526566)[0m Prompt: Write a story that includes the word time. One day,  (Keywords: ['time'])
[36m(ColocatedWorker pid=2526566)[0m Response #0 (1.0 reward):  time exploring a new place inside to see what's inside.
[36m(ColocatedWorker pid=2526566)[0m <|endoftext|>
[36m(ColocatedWorker pid=2526566)[0m Once upon a time, there was a little boy named Tim. Tim had a toy. Tim's mommy told him to stop playing with toys. Tim wanted to play with his friends. But Tim's mommy told him
[36m(ColocatedWorker pid=2526566)[0m Response #1 (1.0 reward):  time exploring in a big adventure.
[36m(ColocatedWorker pid=2526566)[0m <|endoftext|>
[36m(ColocatedWorker pid=2526566)[0m Once upon a time, there was a small log. The small log had a friend. The small pebble was a toy. The small berry wanted to play with it.
[36m(ColocatedWorker pid=2526566)[0m One day, while the small pebble was playing,
[36m(ColocatedWorker pid=2526566)[0m Response #2 (1.0 reward):  time exploring, but also do not stop you exploring.
[36m(ColocatedWorker pid=2526566)[0m <|endoftext|>
[36m(ColocatedWorker pid=2526566)[0m Once upon a time, there was a friendly dog named Max. Max liked to play with his friends. One day, Max wanted to play with his friends.
[36m(ColocatedWorker pid=2526566)[0m Max went outside to play. He saw his friends playing with a
[36m(ColocatedWorker pid=2526566)[0m Response #3 (1.0 reward):  time exploring and explore, but also do.
[36m(ColocatedWorker pid=2526566)[0m <|endoftext|>
[36m(ColocatedWorker pid=2526566)[0m Once upon a time, there was a little boy named Tim. Tim had a toy. Tim's mom told him to play with it. Tim's mom told him to examine it, but Tim did not know how it would get dirty.
[36m(ColocatedWorker pid=2526566)[0m Loss: 0.0
Step 18 (warmup=False): {'step': 16, 'loss': 0.0, 'num_trajectories': 2, 'avg_reward': 1.0, 'total_time_ms': 756.6763999639079, 'rollout_time_ms': '663.0063289776444 (87.6%)', 'update_time_ms': '91.5837130160071 (12.1%)', 'transfer_time_ms': '2.0699359592981637 (0.3%)', 'reference_time_ms': '0.0 (0.0%)'}
[36m(ColocatedWorker pid=2526566)[0m Loss: 0.0
[36m(ColocatedWorker pid=2526566)[0m Prompt: Write a story that includes the word time. One day,  (Keywords: ['time'])
[36m(ColocatedWorker pid=2526566)[0m Response #0 (1.0 reward):  was exploring, but only a time out to explore, even if something might seem exciting.
[36m(ColocatedWorker pid=2526566)[0m <|endoftext|>
[36m(ColocatedWorker pid=2526566)[0m Once upon a time, there was a smart dog named Max. Max liked to play with his friends. One day, Max found a big tree with a long branch. Max decided to play with
[36m(ColocatedWorker pid=2526566)[0m Response #1 (1.0 reward):  time exploring and find a way to your home.
[36m(ColocatedWorker pid=2526566)[0m <|endoftext|>
[36m(ColocatedWorker pid=2526566)[0m Once upon a time, there was a little boy named Tim. Tim wanted to play with his friends. Tim's mom told him to stay inside, but Tim did not listen. One day, Tim wanted to play with his friends.
[36m(ColocatedWorker pid=2526566)[0m Response #2 (1.0 reward):  time exploring too much.
[36m(ColocatedWorker pid=2526566)[0m <|endoftext|>
[36m(ColocatedWorker pid=2526566)[0m Once upon a time, there was a little dog named Max. Max had an elderly lady who gave him something special. Max's mommy told him to do something. Max wanted to play with his friends.
[36m(ColocatedWorker pid=2526566)[0m One day, Max had an idea. He
[36m(ColocatedWorker pid=2526566)[0m Response #3 (1.0 reward):  time exploring, but also do not stop us from exploring.
[36m(ColocatedWorker pid=2526566)[0m <|endoftext|>
[36m(ColocatedWorker pid=2526566)[0m Once upon a time, there was a hungry dog named Max. Max wanted to eat some meat. Max had a job to do. Max wanted to eat meat.
[36m(ColocatedWorker pid=2526566)[0m Max had an idea. He wanted to find a meat
[36m(ColocatedWorker pid=2526566)[0m Prompt: Write a story that includes the word time. One day,  (Keywords: ['time'])
[36m(ColocatedWorker pid=2526566)[0m Response #0 (1.0 reward):  time exploring and find a way back home.
[36m(ColocatedWorker pid=2526566)[0m <|endoftext|>
[36m(ColocatedWorker pid=2526566)[0m Once upon a time, there was a friendly dog named Max. Max liked to play with his friends. One day, Max saw a big tree with a long branch up a branch on it. Max wanted to cut a branch to get the
[36m(ColocatedWorker pid=2526566)[0m Response #1 (1.0 reward):  time walking down the hill, when it had suddenly stopped.
[36m(ColocatedWorker pid=2526566)[0m <|endoftext|>
[36m(ColocatedWorker pid=2526566)[0m Once upon a time, there was a little boy named Tim. Tim had a toy. Tim's mom told him to play with his friends. Tim's mom would take from him to bed. Tim's mom told Tim to
[36m(ColocatedWorker pid=2526566)[0m Response #2 (1.0 reward):  time measuring something new or mysterious.
[36m(ColocatedWorker pid=2526566)[0m <|endoftext|>
[36m(ColocatedWorker pid=2526566)[0m Once upon a time, there was a big, hairy dog named Max. Max liked to play with his friends. One day, Max saw a big tree with a long branch. Max thought, "I know where the branch came from."
[36m(ColocatedWorker pid=2526566)[0m Max
[36m(ColocatedWorker pid=2526566)[0m Response #3 (1.0 reward):  time zipping the exit right somewhere.
[36m(ColocatedWorker pid=2526566)[0m <|endoftext|>
[36m(ColocatedWorker pid=2526566)[0m Once upon a time, there was a little boy named Tim. Tim had a toy. Tim's. Tim's mom told him to eat. Tim's mom wanted to eat, but Tim wanted the food. Tim's mom said, "No
[36m(ColocatedWorker pid=2526566)[0m Loss: 0.0
Step 20 (warmup=False): {'step': 18, 'loss': 0.0, 'num_trajectories': 2, 'avg_reward': 1.0, 'total_time_ms': 757.0895390235819, 'rollout_time_ms': '665.1538159931079 (87.9%)', 'update_time_ms': '89.89826298784465 (11.9%)', 'transfer_time_ms': '2.020677027758211 (0.3%)', 'reference_time_ms': '0.0 (0.0%)'}
[36m(ColocatedWorker pid=2526566)[0m Loss: 0.0
[36m(ColocatedWorker pid=2526566)[0m Prompt: Write a story that includes the word time. One day,  (Keywords: ['time'])
[36m(ColocatedWorker pid=2526566)[0m Response #0 (1.0 reward):  time exploring to explore and find a way back outside!
[36m(ColocatedWorker pid=2526566)[0m <|endoftext|>
[36m(ColocatedWorker pid=2526566)[0m Once upon a time, there was a boy named Tim. Tim had exercise. Tim's favorite food was celery. Tim's mom gave him a celery. Tim's mom told him to pick it up. Tim said,
[36m(ColocatedWorker pid=2526566)[0m Response #1 (1.0 reward):  time playing with your friends.
[36m(ColocatedWorker pid=2526566)[0m <|endoftext|>
[36m(ColocatedWorker pid=2526566)[0m Once upon a time, there was a big, friendly dog named Max. Max liked to play with his friends. One day, Max wanted to play with his friends. Max had an idea.
[36m(ColocatedWorker pid=2526566)[0m Max said to his friends, "Let's play a
[36m(ColocatedWorker pid=2526566)[0m Response #2 (1.0 reward):  time exploring inside home, isn up your way back home to explore on your way back home."
[36m(ColocatedWorker pid=2526566)[0m <|endoftext|>
[36m(ColocatedWorker pid=2526566)[0m Once upon a time, there was a dog named Max. Max liked to play with his friends. One day, Max wanted to play with his friends. So, Max had a plan.
[36m(ColocatedWorker pid=2526566)[0m Response #3 (1.0 reward):  time exploring and find something new and find a way out. risks down your home.
[36m(ColocatedWorker pid=2526566)[0m <|endoftext|>
[36m(ColocatedWorker pid=2526566)[0m Once upon a time, there was a little boy named Tim. Tim had a toy. Tim's toy was about toy. Tim's mom told him to be brave to play with things. Tim wanted
[36m(ColocatedWorker pid=2526566)[0m Prompt: Write a story that includes the word time. One day,  (Keywords: ['time'])
[36m(ColocatedWorker pid=2526566)[0m Response #0 (1.0 reward):  time exploring adventures and to find a way back home.
[36m(ColocatedWorker pid=2526566)[0m <|endoftext|>
[36m(ColocatedWorker pid=2526566)[0m Once upon a time, there was a little boy named Tim. Tim had an elderly lady who gave things. One day, Tim wanted to go outside. Tim's mom said they needed to buy food. Tim's mom had a
[36m(ColocatedWorker pid=2526566)[0m Response #1 (1.0 reward):  time exploring, playing and explore until it stopped exploring.
[36m(ColocatedWorker pid=2526566)[0m <|endoftext|>
[36m(ColocatedWorker pid=2526566)[0m Once upon a time, there was a great big dog named Max. Max liked to play with his friends. One day, Max wanted to play with his friends. But Max needed to go outside.
[36m(ColocatedWorker pid=2526566)[0m Max had an idea.
[36m(ColocatedWorker pid=2526566)[0m Response #2 (1.0 reward):  time exploring and find new things to explore and explore.
[36m(ColocatedWorker pid=2526566)[0m <|endoftext|>
[36m(ColocatedWorker pid=2526566)[0m Once upon a time, there was a yellow dog named Max. Max liked to play with his friends. One day, Max wanted to play with his friends.
[36m(ColocatedWorker pid=2526566)[0m Max had a big, round ball. Max wanted to play with
[36m(ColocatedWorker pid=2526566)[0m Response #3 (1.0 reward):  time exploring and find new things to explore.
[36m(ColocatedWorker pid=2526566)[0m <|endoftext|>
[36m(ColocatedWorker pid=2526566)[0m Once upon a time, there was a little boy named Tim. Tim had long skin. Tim's mommy said they lived near a big tree. Timmy always happily when he was playing. One day, Timmy's mommy told
Step 22 (warmup=False): {'step': 20, 'loss': 0.0, 'num_trajectories': 2, 'avg_reward': 1.0, 'total_time_ms': 747.4934139754623, 'rollout_time_ms': '655.9721739613451 (87.8%)', 'update_time_ms': '89.61309998994693 (12.0%)', 'transfer_time_ms': '1.8783690175041556 (0.3%)', 'reference_time_ms': '0.0 (0.0%)'}
[36m(ColocatedWorker pid=2526566)[0m Loss: 0.0
[36m(ColocatedWorker pid=2526566)[0m Loss: 0.0
Step 24 (warmup=False): {'step': 22, 'loss': 0.0, 'num_trajectories': 2, 'avg_reward': 1.0, 'total_time_ms': 757.5276530114934, 'rollout_time_ms': '670.4602690297179 (88.5%)', 'update_time_ms': '85.19727800739929 (11.2%)', 'transfer_time_ms': '1.8572679837234318 (0.2%)', 'reference_time_ms': '0.0 (0.0%)'}
[36m(ColocatedWorker pid=2526566)[0m Prompt: Write a story that includes the word time. One day,  (Keywords: ['time'])
[36m(ColocatedWorker pid=2526566)[0m Response #0 (1.0 reward):  time exploring, but also do not stop us from exploring.
[36m(ColocatedWorker pid=2526566)[0m <|endoftext|>
[36m(ColocatedWorker pid=2526566)[0m Once upon a time, there was a little rabbit named Tim. Tim wanted to hop. Tim was slow, but Tim wanted to explore. Tim liked to play with his friends.
[36m(ColocatedWorker pid=2526566)[0m One day, Tim found a big tree
[36m(ColocatedWorker pid=2526566)[0m Response #1 (1.0 reward):  time playing outside, but also do not stop you play safe.
[36m(ColocatedWorker pid=2526566)[0m <|endoftext|>
[36m(ColocatedWorker pid=2526566)[0m Once upon a time, there was a little boy named Timmy. Timmy was adventurous. Timmy loved to explore. Timmy loved to explore. One day, Timmy wanted to explore new things. Timmy
[36m(ColocatedWorker pid=2526566)[0m Response #2 (1.0 reward):  time exploring together, but also do not stop exploring.
[36m(ColocatedWorker pid=2526566)[0m <|endoftext|>
[36m(ColocatedWorker pid=2526566)[0m Once upon a time, there was a little boy named Tim. Tim had a toy. Tim's mom told him to play with toys. Tim's mom told him to Tim's playtime. Tim's mom said, "Tim
[36m(ColocatedWorker pid=2526566)[0m Response #3 (1.0 reward):  time exploring something new, when you were playing outside.
[36m(ColocatedWorker pid=2526566)[0m <|endoftext|>
[36m(ColocatedWorker pid=2526566)[0m Once upon a time, there was an elderly lady who had a big, round rock. She lived in a small house. The nice lady liked to pick up rocks. One day, she found a big rock. She wanted to
[36m(ColocatedWorker pid=2526566)[0m Prompt: Write a story that includes the word time. One day,  (Keywords: ['time'])
[36m(ColocatedWorker pid=2526566)[0m Response #0 (1.0 reward):  time exploring the exit until home way back to your path.
[36m(ColocatedWorker pid=2526566)[0m <|endoftext|>
[36m(ColocatedWorker pid=2526566)[0m Once upon a time, there was a little boy named Tim. Tim had a toy. Tim's mom told him to enter. Tim's mom told him to rest. Tim's mom said, "Be brave, Tim.
[36m(ColocatedWorker pid=2526566)[0m Response #1 (1.0 reward):  time exploring down your home, but also do not stop us exploring.
[36m(ColocatedWorker pid=2526566)[0m <|endoftext|>
[36m(ColocatedWorker pid=2526566)[0m Once upon a time, there was a little boy named Tim. Timmy was playing with his friends. Timmy was too high. Timmy wanted to play with his friends. Timmy's mommy told him
[36m(ColocatedWorker pid=2526566)[0m Response #2 (1.0 reward):  time exploring and find a way to a time to see a new adventure.<|endoftext|>
[36m(ColocatedWorker pid=2526566)[0m Once upon a time, there was a friendly dog named Max. Max liked to play with his friends. One day, Max wanted to play with his friends. Wednesday had a big tree to play with when he was
[36m(ColocatedWorker pid=2526566)[0m Response #3 (1.0 reward):  time exploring and see what new things happen to a new world.
[36m(ColocatedWorker pid=2526566)[0m <|endoftext|>
[36m(ColocatedWorker pid=2526566)[0m One day, a boy named Tim found a toy. Tim's mom said, "I can use this toy." Tim wanted to play with the toy. Tim had an idea. He wanted to measure things with his friends
[36m(ColocatedWorker pid=2526566)[0m Loss: 0.0
[36m(ColocatedWorker pid=2526566)[0m Loss: 0.0
[36m(ColocatedWorker pid=2526566)[0m Prompt: Write a story that includes the word time. One day,  (Keywords: ['time'])
[36m(ColocatedWorker pid=2526566)[0m Response #0 (1.0 reward):  time exploring new things off your long adventure.
[36m(ColocatedWorker pid=2526566)[0m <|endoftext|>
[36m(ColocatedWorker pid=2526566)[0m Once upon a time, there was a boy named Tim. Tim had a toy. Tim's mommy told him to eat a food. Tim's mommy would buy the food. Tim's mommy told him to eat. Timmy
[36m(ColocatedWorker pid=2526566)[0m Response #1 (1.0 reward):  time exploring in new places, but also do not stop us from exploring.
[36m(ColocatedWorker pid=2526566)[0m <|endoftext|>
[36m(ColocatedWorker pid=2526566)[0m Once upon a time, there was a mighty dog named Max. Max wanted to play with his friends. One day, Max wanted to play with his friends.
[36m(ColocatedWorker pid=2526566)[0m Max's mommy told him to wait around
[36m(ColocatedWorker pid=2526566)[0m Response #2 (1.0 reward):  time exploring and see a big puddle safer to explore.
[36m(ColocatedWorker pid=2526566)[0m <|endoftext|>
[36m(ColocatedWorker pid=2526566)[0m Once upon a time, there was a little boy named Tim. Timmy's mom was cooking. Timmy was cooking. Timmy was cooking. Timmy, Timmy, was cooking. Timmy's mommy was
[36m(ColocatedWorker pid=2526566)[0m Response #3 (1.0 reward):  time zoom around in a great way, with our friends.
[36m(ColocatedWorker pid=2526566)[0m <|endoftext|>
[36m(ColocatedWorker pid=2526566)[0m Once upon a time, there was a little boy named Tim. Tim had a toy. Tim's mommy was selling toy. Tim's mommy told him to buy a toy. Tim's mommy told him to be
[36m(ColocatedWorker pid=2526566)[0m Prompt: Write a story that includes the word time. One day,  (Keywords: ['time'])
[36m(ColocatedWorker pid=2526566)[0m Response #0 (1.0 reward):  time to play with your friends around your time with your friends.
[36m(ColocatedWorker pid=2526566)[0m <|endoftext|>
[36m(ColocatedWorker pid=2526566)[0m Once upon a time, there was a happy dog named Max. Max had a friend named Timmy. Timmy's cell was Timmy. Timmy could fly high. Timmy wanted to fly high. Timmy
[36m(ColocatedWorker pid=2526566)[0m Response #1 (1.0 reward):  time exploring and explore somewhere around in a safe place.
[36m(ColocatedWorker pid=2526566)[0m <|endoftext|>
[36m(ColocatedWorker pid=2526566)[0m Once upon a time, there was a boy named Tim. Tim wanted a toy. Tim's mom told him to go outside today. Tim's mom would allow him to play with her. Tim's mom said they would need a
[36m(ColocatedWorker pid=2526566)[0m Response #2 (1.0 reward):  time exploring and find a way to a time to do something new too.
[36m(ColocatedWorker pid=2526566)[0m <|endoftext|>
[36m(ColocatedWorker pid=2526566)[0m Once upon a time, there was a friendly dog named Max. Max liked to play with his friends. One day, Max wanted to play with his friends.
[36m(ColocatedWorker pid=2526566)[0m Max went to play with his friends. He
[36m(ColocatedWorker pid=2526566)[0m Response #3 (1.0 reward):  time down to twist, but also do not stop us from exploring.
[36m(ColocatedWorker pid=2526566)[0m <|endoftext|>
[36m(ColocatedWorker pid=2526566)[0m Once upon a time, there was a poor little dog named Max. Max wanted to play with his friends. One day, Max went outside to play. Max wanted to explore.
[36m(ColocatedWorker pid=2526566)[0m Max saw a big tree with
[36m(ColocatedWorker pid=2526566)[0m Loss: 0.0
Step 26 (warmup=False): {'step': 24, 'loss': 0.0, 'num_trajectories': 2, 'avg_reward': 1.0, 'total_time_ms': 735.7755450066179, 'rollout_time_ms': '646.3931740145199 (87.9%)', 'update_time_ms': '87.29604800464585 (11.9%)', 'transfer_time_ms': '2.0695229759439826 (0.3%)', 'reference_time_ms': '0.0 (0.0%)'}
[36m(ColocatedWorker pid=2526566)[0m Loss: 0.0
[36m(ColocatedWorker pid=2526566)[0m Prompt: Write a story that includes the word time. One day,  (Keywords: ['time'])
[36m(ColocatedWorker pid=2526566)[0m Response #0 (1.0 reward):  time exploring and find a way back home.
[36m(ColocatedWorker pid=2526566)[0m <|endoftext|>
[36m(ColocatedWorker pid=2526566)[0m Once upon a time, there was a little boy named Tim. Tim. Tim's mommy gave him a toy. Tim's mommy told him to play with it. Tim's mommy said, but Timmy had to play with
[36m(ColocatedWorker pid=2526566)[0m Response #1 (1.0 reward):  time exploring, but also do not stop you exploring.
[36m(ColocatedWorker pid=2526566)[0m <|endoftext|>
[36m(ColocatedWorker pid=2526566)[0m Once upon a time, there was a big, noisy dog named Max. Max liked to play with his friends. One day, Max saw a big tree with a long branch hanging on a branch. Max wanted to help his friends
[36m(ColocatedWorker pid=2526566)[0m Response #2 (1.0 reward):  time something new up to a new adventure?<|endoftext|>
[36m(ColocatedWorker pid=2526566)[0m Once upon a time, there was a little boy named Tim. Tim's mom was going shopping. Tim's mom told him to eat the dinner. Tim wanted to eat dinner. Tim's mom said, "No, Tim. dinner today is
[36m(ColocatedWorker pid=2526566)[0m Response #3 (1.0 reward):  time crawling home to tell a story to look what way to do, but also do not stop us exploring.
[36m(ColocatedWorker pid=2526566)[0m <|endoftext|>
[36m(ColocatedWorker pid=2526566)[0m Once upon a time, there was a little boy named Tim. Tim's mommy would cook a meal. Tim's mommy told him to follow the big ones. Tim
[36m(ColocatedWorker pid=2526566)[0m Prompt: Write a story that includes the word time. One day,  (Keywords: ['time'])
[36m(ColocatedWorker pid=2526566)[0m Response #0 (1.0 reward):  time exploring something new, but also do not stop us from exploring.
[36m(ColocatedWorker pid=2526566)[0m <|endoftext|>
[36m(ColocatedWorker pid=2526566)[0m Once upon a time, there was a little boy named Tim. Tim's mommy and daddy had to cook dinner. Tim's mommy made a big pot with a toy. Tim's mommy told him to
[36m(ColocatedWorker pid=2526566)[0m Response #1 (1.0 reward):  time exploring and find something new to explore.
[36m(ColocatedWorker pid=2526566)[0m <|endoftext|>
[36m(ColocatedWorker pid=2526566)[0m Once upon a time, there was a little dog named Max. Max wanted to play outside. He had an idea. Max wanted to play.
[36m(ColocatedWorker pid=2526566)[0m Max went outside. He found a long branch. Max put the branch to fall. Max
[36m(ColocatedWorker pid=2526566)[0m Response #2 (1.0 reward):  time playingtime with your friends, but also do not stop us exploring.
[36m(ColocatedWorker pid=2526566)[0m <|endoftext|>
[36m(ColocatedWorker pid=2526566)[0m Once upon a time, there was a little boy named Tim. Tim was playing outside. Tim's mom told him to stay inside. Tim's mom said, "Tim, we need to find a way to
[36m(ColocatedWorker pid=2526566)[0m Response #3 (1.0 reward):  time exploring around, with friends will have fun!"
[36m(ColocatedWorker pid=2526566)[0m <|endoftext|>
[36m(ColocatedWorker pid=2526566)[0m Once upon a time, there was a little dog named Max. Max wanted to play with his friends. Max wanted to play with his friends. One day, Max saw a big tree. Max wanted to climb up a bit. Max
[36m(ColocatedWorker pid=2526566)[0m Loss: 0.0
Step 28 (warmup=False): {'step': 26, 'loss': 0.0, 'num_trajectories': 2, 'avg_reward': 1.0, 'total_time_ms': 719.6892399806529, 'rollout_time_ms': '633.3478500018828 (88.0%)', 'update_time_ms': '84.36608698684722 (11.7%)', 'transfer_time_ms': '1.9608280272223055 (0.3%)', 'reference_time_ms': '0.0 (0.0%)'}
[36m(ColocatedWorker pid=2526566)[0m Loss: 0.0
[36m(ColocatedWorker pid=2526566)[0m Prompt: Write a story that includes the word time. One day,  (Keywords: ['time'])
[36m(ColocatedWorker pid=2526566)[0m Response #0 (1.0 reward):  time to see something new, but also do not jump higher than you'll find a way to space."
[36m(ColocatedWorker pid=2526566)[0m <|endoftext|>
[36m(ColocatedWorker pid=2526566)[0m Once upon a time, there was a boy named Tim. Tim's mommymy was cooking. Tim's mommy told him to find food. Tim's mommy told him
[36m(ColocatedWorker pid=2526566)[0m Response #1 (1.0 reward):  time exploring outside and find a way to a shelter.
[36m(ColocatedWorker pid=2526566)[0m <|endoftext|>
[36m(ColocatedWorker pid=2526566)[0m Once upon a time, there was a little boy named Tim. Tim was playing outside. Tim's mom said she had to help him fix a toy. Tim's mom told him to play with his kids who would have something fun
[36m(ColocatedWorker pid=2526566)[0m Response #2 (1.0 reward):  time playing with a new toy can lead to maps your time into something fun.
[36m(ColocatedWorker pid=2526566)[0m <|endoftext|>
[36m(ColocatedWorker pid=2526566)[0m Once upon a time, there was a small dog named Tim. Timmy wanted to play. Timmy was scared. Timmy was big and wanted to play. Timmy wanted to play with his friends
[36m(ColocatedWorker pid=2526566)[0m Response #3 (1.0 reward):  time exploring somewhere around to find something fun to explore what.” she pucled close to a better place.
[36m(ColocatedWorker pid=2526566)[0m <|endoftext|>
[36m(ColocatedWorker pid=2526566)[0m Once upon a time, there was a small forest. In a small hill, there was a big tree. The tree had many friends. One day, a small
[36m(ColocatedWorker pid=2526566)[0m Prompt: Write a story that includes the word time. One day,  (Keywords: ['time'])
[36m(ColocatedWorker pid=2526566)[0m Response #0 (1.0 reward):  time exploring a way back home, but also do not stop us from exploring.
[36m(ColocatedWorker pid=2526566)[0m <|endoftext|>
[36m(ColocatedWorker pid=2526566)[0m Once upon a time, there was a little boy named Timmy. Timmy was playing with his friends. Timmy was making a toy. Timmy's mommy told him to play with other kids
[36m(ColocatedWorker pid=2526566)[0m Response #1 (1.0 reward):  time exploring and find a way back home, but also do not stop us looking out of exploring.
[36m(ColocatedWorker pid=2526566)[0m <|endoftext|>
[36m(ColocatedWorker pid=2526566)[0m Once upon a time, there was a little boy named Tim. Timmy was worried. He wanted to play pretend. Timmy's mommy made a food for dinner. Timmy
[36m(ColocatedWorker pid=2526566)[0m Response #2 (1.0 reward):  time exploring and see outside, when you're exploring and find something new.
[36m(ColocatedWorker pid=2526566)[0m <|endoftext|>
[36m(ColocatedWorker pid=2526566)[0m Once upon a time, there was a family. The family lived in a small house. The family had a mommy. The mommy birdmy gave them food. She told them to eat food.
[36m(ColocatedWorker pid=2526566)[0m 
[36m(ColocatedWorker pid=2526566)[0m Response #3 (1.0 reward):  time exploring and find a way to new places.
[36m(ColocatedWorker pid=2526566)[0m <|endoftext|>
[36m(ColocatedWorker pid=2526566)[0m Once upon a time, there was a little boy named Timmy. Timmy was walking in a different way. Timmy's mommy. Timmy was walking down a trail. Timmy's mommy said, "Be brave
[36m(ColocatedWorker pid=2526566)[0m Loss: 0.0
Step 30 (warmup=False): {'step': 28, 'loss': 0.0, 'num_trajectories': 2, 'avg_reward': 1.0, 'total_time_ms': 743.2967720087618, 'rollout_time_ms': '654.3921230477281 (88.0%)', 'update_time_ms': '86.83629997540265 (11.7%)', 'transfer_time_ms': '2.054415992461145 (0.3%)', 'reference_time_ms': '0.0 (0.0%)'}
[36m(ColocatedWorker pid=2526566)[0m Loss: 0.0
[36m(ColocatedWorker pid=2526566)[0m Prompt: Write a story that includes the word time. One day,  (Keywords: ['time'])
[36m(ColocatedWorker pid=2526566)[0m Response #0 (1.0 reward):  time exploring and see outside again to explore more and see the exit.
[36m(ColocatedWorker pid=2526566)[0m <|endoftext|>
[36m(ColocatedWorker pid=2526566)[0m Once upon a time, there was a dog named Max. Max wanted to play with his friends. One day, Tim wanted to play with his friends. Tim wanted to play with his friends. Tim's mom said
[36m(ColocatedWorker pid=2526566)[0m Response #1 (1.0 reward):  time exploring something new and explore the world around your limits can find a new way to the distant hill!
[36m(ColocatedWorker pid=2526566)[0m <|endoftext|>
[36m(ColocatedWorker pid=2526566)[0m Once upon a time, there was a rabbit. The rabbit liked to crawl. One day. One day, he found a game. The game. The game had game. The
[36m(ColocatedWorker pid=2526566)[0m Response #2 (1.0 reward):  time exploring some new things.
[36m(ColocatedWorker pid=2526566)[0m <|endoftext|>
[36m(ColocatedWorker pid=2526566)[0m Once upon a time, there was a girl named Lily. She had an ugly toy. She's mommy gave her a toy. Sue's mommy told her to play with other kids who might play with other kids who would stop us from exploring."
[36m(ColocatedWorker pid=2526566)[0m Response #3 (1.0 reward):  time exploring and play more fun and she had a great time!
[36m(ColocatedWorker pid=2526566)[0m <|endoftext|>
[36m(ColocatedWorker pid=2526566)[0m Once upon a time, there was a little dog named Max. Max wanted to play with his friends. One day, Max wanted to play with his friends. He had a toy. Max needed to play with the other
[36m(ColocatedWorker pid=2526566)[0m Prompt: Write a story that includes the word time. One day,  (Keywords: ['time'])
[36m(ColocatedWorker pid=2526566)[0m Response #0 (1.0 reward):  time exploring new things.
[36m(ColocatedWorker pid=2526566)[0m <|endoftext|>
[36m(ColocatedWorker pid=2526566)[0m Once upon a time, there was a big, angry dog named Max. Max liked to play with his friends. One day, Max wanted to play with his friends.
[36m(ColocatedWorker pid=2526566)[0m Max had an idea. He wanted to play his friends in the play with his friends
[36m(ColocatedWorker pid=2526566)[0m Response #1 (1.0 reward):  time exploring and find a time to play.<|endoftext|>
[36m(ColocatedWorker pid=2526566)[0m Once upon a time, there was a little girl named Lily. She had a toy. Lily's mommy told her to play with her. Lily's mommy and daddy told her to play with the toys. Lily wanted to play with them
[36m(ColocatedWorker pid=2526566)[0m Response #2 (1.0 reward):  time exploring and find a way to a home from dinner adventure!
[36m(ColocatedWorker pid=2526566)[0m <|endoftext|>
[36m(ColocatedWorker pid=2526566)[0m Once upon a time, there were twin friends. One day, Tim and Timmy were playing a game. Timmy wanted to play, but Timmy was too competitive. Timmy wanted to play with other kids who
[36m(ColocatedWorker pid=2526566)[0m Response #3 (1.0 reward):  time exploring and find something new, and found a way to a new place.
[36m(ColocatedWorker pid=2526566)[0m <|endoftext|>
[36m(ColocatedWorker pid=2526566)[0m Once upon a time, there was a big, enthusiastic dog named Max. Max liked to play with his friends. One day, Max wanted to play with his friends.
[36m(ColocatedWorker pid=2526566)[0m Max had a toy. Max
Step 32 (warmup=False): {'step': 30, 'loss': 0.0, 'num_trajectories': 2, 'avg_reward': 1.0, 'total_time_ms': 736.1425620038062, 'rollout_time_ms': '648.9653289900161 (88.2%)', 'update_time_ms': '85.27817099820822 (11.6%)', 'transfer_time_ms': '1.8829170148819685 (0.3%)', 'reference_time_ms': '0.0 (0.0%)'}
[36m(ColocatedWorker pid=2526566)[0m Loss: 0.0
[36m(ColocatedWorker pid=2526566)[0m Loss: 0.0
[36m(ColocatedWorker pid=2526566)[0m Prompt: Write a story that includes the word time. One day,  (Keywords: ['time'])
[36m(ColocatedWorker pid=2526566)[0m Response #0 (1.0 reward):  time a way back home your home, but also do not stop us from exploring.
[36m(ColocatedWorker pid=2526566)[0m <|endoftext|>
[36m(ColocatedWorker pid=2526566)[0m Once upon a time, there was a little boy named Tim. Tim was swinging. Tim. Tim's mom told him to do something fun. Tim's mom told him to watch a movie. Tim
[36m(ColocatedWorker pid=2526566)[0m Response #1 (1.0 reward):  time having a time exploring,, and Mommy would always have fun.
[36m(ColocatedWorker pid=2526566)[0m <|endoftext|>
[36m(ColocatedWorker pid=2526566)[0m Once upon a time, there was an adventurous dog named Max. Max liked to explore. One day, Max wanted to play with his friends.
[36m(ColocatedWorker pid=2526566)[0m Max found a big tree. Max had an idea. Max
[36m(ColocatedWorker pid=2526566)[0m Response #2 (1.0 reward):  time to play outside with your friends.
[36m(ColocatedWorker pid=2526566)[0m <|endoftext|>
[36m(ColocatedWorker pid=2526566)[0m Once upon a time, there was a boy named Tim. Tim's mom made a cake. Tim's mom told him to bake a cake. Tim's mom told him to wait outside for the cake. Tim wanted to bake a cake..
[36m(ColocatedWorker pid=2526566)[0m Response #3 (1.0 reward):  time exploring this lab can find something interesting, but also have fun exploring and discovered new things.
[36m(ColocatedWorker pid=2526566)[0m <|endoftext|>
[36m(ColocatedWorker pid=2526566)[0m Once upon a time, there was a little girl named Lily. Lily lived in a small house. One day, Lily wanted to play with her friends. Lily's mommy said she would
[36m(ColocatedWorker pid=2526566)[0m Prompt: Write a story that includes the word time. One day,  (Keywords: ['time'])
[36m(ColocatedWorker pid=2526566)[0m Response #0 (1.0 reward):  time exploring and find a way to a time exploring new ideas in new places.
[36m(ColocatedWorker pid=2526566)[0m <|endoftext|>
[36m(ColocatedWorker pid=2526566)[0m Once upon a time, there was a little boy named Tim. Tim was walking in the woods. Timmy's mommy told him to go outside. Timmy was wet from playing outside. Timmy
[36m(ColocatedWorker pid=2526566)[0m Response #1 (1.0 reward):  time exploring new places, playing with your friends will always find a way to your home.
[36m(ColocatedWorker pid=2526566)[0m <|endoftext|>
[36m(ColocatedWorker pid=2526566)[0m Once upon a time, there was a little boy named Tim. Timmy was going on a trip. Timmy was going on an adventure. Timmy's mom told him to enter and get
[36m(ColocatedWorker pid=2526566)[0m Response #2 (1.0 reward):  time exploring and find a way to the exit.
[36m(ColocatedWorker pid=2526566)[0m <|endoftext|>
[36m(ColocatedWorker pid=2526566)[0m Once upon a time, there was a big, round rock. The rock wanted to play. It had a friend. The big rock wanted to play with the big rock.
[36m(ColocatedWorker pid=2526566)[0m "Let's play with the big rock," said the
[36m(ColocatedWorker pid=2526566)[0m Response #3 (1.0 reward):  time exploring a new way back home to your friends' home.
[36m(ColocatedWorker pid=2526566)[0m <|endoftext|>
[36m(ColocatedWorker pid=2526566)[0m Once upon a time, there was a boy named Tim. Tim. Tim was a regular boy. Tim's mom told him to get a toy. Tim's mom told him to count the toys. Tim's mom told
Step 34 (warmup=False): {'step': 32, 'loss': 0.0, 'num_trajectories': 2, 'avg_reward': 1.0, 'total_time_ms': 726.8661540001631, 'rollout_time_ms': '639.3802719539963 (88.0%)', 'update_time_ms': '85.59080900158733 (11.8%)', 'transfer_time_ms': '1.8817100208252668 (0.3%)', 'reference_time_ms': '0.0 (0.0%)'}
Final training statistics: {'step_count': 32, 'model_parameters': 0, 'time_stats': {'rollout': 10504.237783898134, 'update': 1411.4458099356852, 'transfer': 31.471551104914397, 'reference': 0.0, 'total': 11947.41840986535}, 'time_stats_pct': {'rollout': 87.92056512580544, 'update': 11.813814177380873, 'transfer': 0.2634171670000891, 'reference': 0.0, 'total': 100.0}}
Training completed.
Ray shutdown.
