Args: Namespace(keywords_file='cse599o_alignment/prompts/keywords.txt', train_val_kw_split_dir='cse599o_alignment/prompts/', ckpt_file='cse599o_alignment/ckpt/model.pt', result_dir='cse599o_alignment/results/async/20251207_060700/k1', steps=16, workers=1, prompts_per_batch=1, num_val_prompts=32, steps_per_rollout=1, ckpt_interval=100, monitor_kl=False, profile=False, verbose=True).
2025-12-07 06:07:16,394	INFO worker.py:2012 -- Started a local Ray instance.
2025-12-07 06:07:16,848	INFO packaging.py:588 -- Creating a file package for local module '/homes/iws/yhruan22/au25-cse599o-hw3'.
2025-12-07 06:07:17,199	WARNING packaging.py:430 -- File /homes/iws/yhruan22/au25-cse599o-hw3/cse599o_alignment/ckpt/model.pt is very large (243.85MiB). Consider adding this file to the 'excludes' list to skip uploading it: `ray.init(..., runtime_env={'excludes': ['/homes/iws/yhruan22/au25-cse599o-hw3/cse599o_alignment/ckpt/model.pt']})`
2025-12-07 06:07:19,683	INFO packaging.py:380 -- Pushing file package 'gcs://_ray_pkg_7fd08f625de7ba21.zip' (245.59MiB) to Ray cluster...
2025-12-07 06:07:20,410	INFO packaging.py:393 -- Successfully pushed file package 'gcs://_ray_pkg_7fd08f625de7ba21.zip'.
/homes/iws/yhruan22/au25-cse599o-hw3/.venv/lib64/python3.12/site-packages/ray/_private/worker.py:2051: FutureWarning: Tip: In future versions of Ray, Ray will no longer override accelerator visible devices env var if num_gpus=0 or num_gpus=None (default). To enable this behavior and turn off this error message, set RAY_ACCEL_ENV_VAR_OVERRIDE_ON_ZERO=0
  warnings.warn(
Ray initialized.
[33m(raylet)[0m warning: `VIRTUAL_ENV=/homes/iws/yhruan22/au25-cse599o-hw3/.venv` does not match the project environment path `.venv` and will be ignored; use `--active` to target the active environment instead
[33m(raylet)[0m Using CPython 3.12.9 interpreter at: /usr/bin/python3
[33m(raylet)[0m Creating virtual environment at: .venv
[33m(raylet)[0m    Building alignment @ file:///homes/iws/yhruan22/raytmp/session_2025-12-07_06-07-09_129638_2320242/runtime_resources/working_dir_files/_ray_pkg_7fd08f625de7ba21
[33m(raylet)[0m    Building cse599o-basics @ file:///homes/iws/yhruan22/raytmp/session_2025-12-07_06-07-09_129638_2320242/runtime_resources/working_dir_files/_ray_pkg_7fd08f625de7ba21/cse599o-basics
[33m(raylet)[0m       Built alignment @ file:///homes/iws/yhruan22/raytmp/session_2025-12-07_06-07-09_129638_2320242/runtime_resources/working_dir_files/_ray_pkg_7fd08f625de7ba21
[33m(raylet)[0m       Built cse599o-basics @ file:///homes/iws/yhruan22/raytmp/session_2025-12-07_06-07-09_129638_2320242/runtime_resources/working_dir_files/_ray_pkg_7fd08f625de7ba21/cse599o-basics
[33m(raylet)[0m Installed 205 packages in 5.01s
[36m(pid=gcs_server)[0m [2025-12-07 06:07:40,044 E 2320743 2320743] (gcs_server) gcs_server.cc:302: Failed to establish connection to the event+metrics exporter agent. Events and metrics will not be exported. Exporter agent status: RpcError: Running out of retries to initialize the metrics agent. rpc_code: 14
[33m(raylet)[0m [2025-12-07 06:07:45,677 E 2321165 2321165] (raylet) main.cc:975: Failed to establish connection to the metrics exporter agent. Metrics will not be exported. Exporter agent status: RpcError: Running out of retries to initialize the metrics agent. rpc_code: 14
[36m(pid=2321632)[0m [2025-12-07 06:07:53,937 E 2321632 2322773] core_worker_process.cc:825: Failed to establish connection to the metrics exporter agent. Metrics will not be exported. Exporter agent status: RpcError: Running out of retries to initialize the metrics agent. rpc_code: 14
[2025-12-07 06:07:56,552 E 2320242 2321617] core_worker_process.cc:825: Failed to establish connection to the metrics exporter agent. Metrics will not be exported. Exporter agent status: RpcError: Running out of retries to initialize the metrics agent. rpc_code: 14
[36m(ColocatedWorker pid=2325106)[0m [2025-12-07 06:08:07,171 E 2325106 2325245] core_worker_process.cc:825: Failed to establish connection to the metrics exporter agent. Metrics will not be exported. Exporter agent status: RpcError: Running out of retries to initialize the metrics agent. rpc_code: 14[32m [repeated 39x across cluster] (Ray deduplicates logs by default. Set RAY_DEDUP_LOGS=0 to disable log deduplication, or see https://docs.ray.io/en/master/ray-observability/user-guides/configure-logging.html#log-deduplication for more options.)[0m
[36m(ColocatedWorker pid=2325106)[0m Prompt: Write a story that includes the word grape. One day,  (Keywords: ['grape'])
[36m(ColocatedWorker pid=2325106)[0m Response #0 (1.0 reward): 
[36m(ColocatedWorker pid=2325106)[0m The next day, she asked the giant, "Why is the grape so unhappy?" The giant smiled and said, "I think we should write on the phone. But it won't fit in the garden."
[36m(ColocatedWorker pid=2325106)[0m The girl said, "That's okay. Let's go to the park."
[36m(ColocatedWorker pid=2325106)[0m Response #1 (1.0 reward): 
[36m(ColocatedWorker pid=2325106)[0m The two friends went to see the grape tree together. As they talked, the grapes and the tree became very serious. They talked about the grape tree and the grapes.
[36m(ColocatedWorker pid=2325106)[0m The two friends did what they met. They all laughed and smiled. The grapes were so happy and they all had a
[36m(ColocatedWorker pid=2325106)[0m Response #2 (1.0 reward): 
[36m(ColocatedWorker pid=2325106)[0m The next day, the woman and the bird went to the store. They bought lots of yummy food! The woman was so happy that the bird had saved her. They became good friends and shared the grape together.
[36m(ColocatedWorker pid=2325106)[0m <|endoftext|>
[36m(ColocatedWorker pid=2325106)[0m Response #3 (0.0 reward): 
[36m(ColocatedWorker pid=2325106)[0m Mum said, "Mum, the five of those who love your garden is full of light." 
[36m(ColocatedWorker pid=2325106)[0m Jane nodded sadly. She said, "I wonder that I will always be here. I promise."
[36m(ColocatedWorker pid=2325106)[0m Mum smiled and said, "I promise. Sometimes you need to take
[36m(ColocatedWorker pid=2325106)[0m Norm before grad clipping: 1.8697
Step 0 (warmup=True): {'step': 0, 'loss': 1.7881393432617188e-07, 'num_trajectories': 1, 'avg_reward': 0.75, 'total_time_ms': 12697.122290963307, 'rollout_time_ms': '10539.004441990983 (83.0%)', 'update_time_ms': '2155.3601989871822 (17.0%)', 'transfer_time_ms': '2.738929004408419 (0.0%)', 'reference_time_ms': '0.0 (0.0%)'}
[36m(ColocatedWorker pid=2325106)[0m Loss: 1.7881393432617188e-07
[36m(ColocatedWorker pid=2325106)[0m Prompt: Write a story that includes the word empty. One day,  (Keywords: ['empty'])
[36m(ColocatedWorker pid=2325106)[0m Response #0 (0.0 reward): 
[36m(ColocatedWorker pid=2325106)[0m The cat went to sleep in the tree. The cat saw a message on the ground. The message was from the cat and the cat had to hide. The cat ran to the tree and hid behind it. The cat closed its eyes and started to sleep.
[36m(ColocatedWorker pid=2325106)[0m The cat woke up and saw
[36m(ColocatedWorker pid=2325106)[0m Response #1 (0.0 reward): 
[36m(ColocatedWorker pid=2325106)[0m The next day, the next day, the cat and the bird went to the store. They bought a big, shiny toy. The bird showed the story to its friends. They all liked the story. They were happy the cat was gone. The story was a good day for everyone.
[36m(ColocatedWorker pid=2325106)[0m 
[36m(ColocatedWorker pid=2325106)[0m Response #2 (0.0 reward): 
[36m(ColocatedWorker pid=2325106)[0m The story has a big fight for the mysterious animal. Fire is not good for the animals. The animals like the story and the animals. They like the story and the animals. They give the things to the animals that cannot hear them too. 
[36m(ColocatedWorker pid=2325106)[0m The animals worked together to make the story
[36m(ColocatedWorker pid=2325106)[0m Response #3 (0.0 reward): 
[36m(ColocatedWorker pid=2325106)[0m The princess wanted to learn the spell. She asked her mom, "Can you teach me to read the spell?" Her mom said, "I saw the spell, but this word is 'love.'" No spelled. This made you very sad."
[36m(ColocatedWorker pid=2325106)[0m The princess was scared but she knew the
Step 1 (warmup=False): {'step': 1, 'loss': 0.0, 'num_trajectories': 1, 'avg_reward': 0.0, 'total_time_ms': 2567.2407199745066, 'rollout_time_ms': '2409.774761996232 (93.9%)', 'update_time_ms': '155.22481501102448 (6.0%)', 'transfer_time_ms': '2.227230987045914 (0.1%)', 'reference_time_ms': '0.0 (0.0%)'}
[36m(ColocatedWorker pid=2325106)[0m Loss: 0.0
Step 2 (warmup=False): {'step': 2, 'loss': 0.0, 'num_trajectories': 1, 'avg_reward': 0.0, 'total_time_ms': 1809.258029970806, 'rollout_time_ms': '1762.938060972374 (97.4%)', 'update_time_ms': '44.304125010967255 (2.4%)', 'transfer_time_ms': '1.9992769812233746 (0.1%)', 'reference_time_ms': '0.0 (0.0%)'}
[36m(ColocatedWorker pid=2325106)[0m Prompt: Write a story that includes the word beware. One day,  (Keywords: ['beware'])
[36m(ColocatedWorker pid=2325106)[0m Response #0 (0.0 reward): 
[36m(ColocatedWorker pid=2325106)[0m The next day, the bird came to the park. The bird was very happy. The bird showed the picture to all the animals on the page. The animals laughed and clapped. The bird felt very proud. It knew the word was a toy, and all the animals in the park should
[36m(ColocatedWorker pid=2325106)[0m Response #1 (0.0 reward): 
[36m(ColocatedWorker pid=2325106)[0m The next day, the man went to the store on his book. He bought lots of food for the first time. The man was very happy and said, "This is the story!" The man was happy too.
[36m(ColocatedWorker pid=2325106)[0m The end.
[36m(ColocatedWorker pid=2325106)[0m <|endoftext|>
[36m(ColocatedWorker pid=2325106)[0m Response #2 (0.0 reward): 
[36m(ColocatedWorker pid=2325106)[0m The next day, the bird went to the lecture. The quiet place was to hear the story. The bossy bird got mad and flew away. The wise owl was sad because he knew he should not have taken the quiz.
[36m(ColocatedWorker pid=2325106)[0m <|endoftext|>
[36m(ColocatedWorker pid=2325106)[0m Response #3 (0.0 reward): 
[36m(ColocatedWorker pid=2325106)[0m The next day, the next day, the next day, the cat went to get some medicine. But when the cat tried to eat it, it was not good. The cat was sad.
[36m(ColocatedWorker pid=2325106)[0m The cat's friend, the dog, saw the cat and asked what was wrong. The dog
[36m(ColocatedWorker pid=2325106)[0m Loss: 0.0
Step 3 (warmup=False): {'step': 3, 'loss': 0.0, 'num_trajectories': 1, 'avg_reward': 0.0, 'total_time_ms': 660.4839150095358, 'rollout_time_ms': '615.0708380155265 (93.1%)', 'update_time_ms': '43.29279897501692 (6.6%)', 'transfer_time_ms': '2.106296014972031 (0.3%)', 'reference_time_ms': '0.0 (0.0%)'}
[36m(ColocatedWorker pid=2325106)[0m Prompt: Write a story that includes the word demands. One day,  (Keywords: ['demands'])
[36m(ColocatedWorker pid=2325106)[0m Response #0 (0.0 reward): 
[36m(ColocatedWorker pid=2325106)[0m The next day, the bird heard a noise. It was a big, mean cat. The cat wanted to take the bird away. The bird was scared and flew away.
[36m(ColocatedWorker pid=2325106)[0m The bird was very scared. It did not want to be friends with the cat. The cat did not want to
[36m(ColocatedWorker pid=2325106)[0m Response #1 (0.0 reward): 
[36m(ColocatedWorker pid=2325106)[0m The next day, the elephant and the animals took the animals back to jail. They all lived happily ever after. The animals were happy and the elephant was happy too. They all had a fun day in the wild jungle.
[36m(ColocatedWorker pid=2325106)[0m <|endoftext|>
[36m(ColocatedWorker pid=2325106)[0m Response #2 (0.0 reward): 
[36m(ColocatedWorker pid=2325106)[0m The next day, the storm was gone. The storm was so big that it did not open. The storm was so strong that they scattered the exam. The storm was not strong enough for the monkey. The rain was coming, and the lion was scared. The storm passed the rabbit and the
[36m(ColocatedWorker pid=2325106)[0m Response #3 (0.0 reward): 
[36m(ColocatedWorker pid=2325106)[0m The next day, the bird and the bird went to see the bird. They talked and laughed. The bird told the bird about the raven's spell. The bird was not happy. The bird was very happy too. They became good friends and played together every day.
[36m(ColocatedWorker pid=2325106)[0m <|endoftext|>
[36m(ColocatedWorker pid=2325106)[0m Loss: 0.0
[36m(ColocatedWorker pid=2325106)[0m Prompt: Write a story that includes the word sibling. One day,  (Keywords: ['sibling'])
[36m(ColocatedWorker pid=2325106)[0m Response #0 (0.0 reward): 
[36m(ColocatedWorker pid=2325106)[0m The next day, the family went to the park together. They picked out the brave lung and put it on the ground. The purse became very close to the leg and all the birds would sing. The doctor was happy and they both laughed.
[36m(ColocatedWorker pid=2325106)[0m <|endoftext|>
[36m(ColocatedWorker pid=2325106)[0m Response #1 (0.0 reward): 
[36m(ColocatedWorker pid=2325106)[0m The next day, the park ranger went back to the park. The bird saw the novel and began to sing. The bird sang the song again and again. The bird was happy and they became good friends.
[36m(ColocatedWorker pid=2325106)[0m <|endoftext|>
[36m(ColocatedWorker pid=2325106)[0m Response #2 (0.0 reward): 
[36m(ColocatedWorker pid=2325106)[0m The next day, the lawyer was mad at Barky and the lawyer was scared. He gave the lecture to the people. The people were so happy to see him, and they all clapped and laughed together. From that day, the town was more fun than ever.
[36m(ColocatedWorker pid=2325106)[0m <|endoftext|>
[36m(ColocatedWorker pid=2325106)[0m Response #3 (0.0 reward): 
[36m(ColocatedWorker pid=2325106)[0m The next day, the cake was gone. The book was back on the fridge. The judge saw the book and was sorry. The judge was not nice anymore. The man learned that the computer was not nice to take things that were not theirs. The cake was not worth it.
[36m(ColocatedWorker pid=2325106)[0m <|endoftext|>
Step 4 (warmup=False): {'step': 4, 'loss': 0.0, 'num_trajectories': 1, 'avg_reward': 0.0, 'total_time_ms': 1161.7790120071732, 'rollout_time_ms': '1115.6168400193565 (96.0%)', 'update_time_ms': '44.13164302241057 (3.8%)', 'transfer_time_ms': '2.0168559858575463 (0.2%)', 'reference_time_ms': '0.0 (0.0%)'}
[36m(ColocatedWorker pid=2325106)[0m Loss: 0.0
[36m(ColocatedWorker pid=2325106)[0m Prompt: Write a story that includes the word dizziness. One day,  (Keywords: ['dizziness'])
[36m(ColocatedWorker pid=2325106)[0m Response #0 (0.0 reward): 
[36m(ColocatedWorker pid=2325106)[0m The next day, the dog and the bird shared the poem together. They became good friends and shared the poem together. And they lived happily ever after.
[36m(ColocatedWorker pid=2325106)[0m <|endoftext|>
[36m(ColocatedWorker pid=2325106)[0m Response #1 (0.0 reward): 
[36m(ColocatedWorker pid=2325106)[0m The next day, the lion went to the lecture with the lion. The lion was happy and could finally learn to roar with the lion. The lion, the lion, and the lion became good friends and recorded the lion's story. And they lived happily ever after.
[36m(ColocatedWorker pid=2325106)[0m <|endoftext|>
[36m(ColocatedWorker pid=2325106)[0m Response #2 (0.0 reward): 
[36m(ColocatedWorker pid=2325106)[0m The bird was tired and could not read anymore. The bird was sad and still hungry. The bird tried to find a way to talk to the judge for the bird. But the bird could not understand the word. The bird cried and cried.
[36m(ColocatedWorker pid=2325106)[0m A kind, old lady saw the bird and
[36m(ColocatedWorker pid=2325106)[0m Response #3 (0.0 reward): 
[36m(ColocatedWorker pid=2325106)[0m The next day, the bird found the word on the phone. But, something unexpected happened. The bird did not tell anyone about the phone. They all laughed and laughed. The bird liked the phone too, and they all became friends.
[36m(ColocatedWorker pid=2325106)[0m <|endoftext|>
Step 5 (warmup=False): {'step': 5, 'loss': 0.0, 'num_trajectories': 1, 'avg_reward': 0.0, 'total_time_ms': 2190.2129389927723, 'rollout_time_ms': '2014.4640539656393 (92.0%)', 'update_time_ms': '173.7716660136357 (7.9%)', 'transfer_time_ms': '1.9624720443971455 (0.1%)', 'reference_time_ms': '0.0 (0.0%)'}
[36m(ColocatedWorker pid=2325106)[0m Loss: 0.0
Step 6 (warmup=False): {'step': 6, 'loss': 1.043081283569336e-07, 'num_trajectories': 1, 'avg_reward': 0.25, 'total_time_ms': 1475.014821975492, 'rollout_time_ms': '1427.9342099907808 (96.8%)', 'update_time_ms': '44.98370795045048 (3.0%)', 'transfer_time_ms': '2.0811220165342093 (0.1%)', 'reference_time_ms': '0.0 (0.0%)'}
[36m(ColocatedWorker pid=2325106)[0m Prompt: Write a story that includes the word group. One day,  (Keywords: ['group'])
[36m(ColocatedWorker pid=2325106)[0m Response #0 (0.0 reward): 
[36m(ColocatedWorker pid=2325106)[0m The next day, the bird came to the big tree. The bird was happy. The bird was happy too. The bird and the bird became good friends. They read many books together. The book was happy too.
[36m(ColocatedWorker pid=2325106)[0m <|endoftext|>
[36m(ColocatedWorker pid=2325106)[0m Response #1 (1.0 reward): 
[36m(ColocatedWorker pid=2325106)[0m The next day, the bird saw a group of friends playing together. They all became friends and behaved well together. The bird and the bird became good friends and had lots of fun. They all learned that it was better to share and be kind than to be selfish.
[36m(ColocatedWorker pid=2325106)[0m <|endoftext|>
[36m(ColocatedWorker pid=2325106)[0m Response #2 (0.0 reward): 
[36m(ColocatedWorker pid=2325106)[0m The next day, the bird learned the spell. The bird was happy and sang a new trick. The bird and the bird became good friends. They played together and had fun. The bird's gifted hero taught the bird a lesson. The bird was happy too.
[36m(ColocatedWorker pid=2325106)[0m <|endoftext|>
[36m(ColocatedWorker pid=2325106)[0m Response #3 (0.0 reward): 
[36m(ColocatedWorker pid=2325106)[0m The next day, the animals started to sing. They all laughed and had fun. The animals liked the pictures. They all had a great day at the big tree.
[36m(ColocatedWorker pid=2325106)[0m <|endoftext|>
[36m(ColocatedWorker pid=2325106)[0m Norm before grad clipping: 1.4732
[36m(ColocatedWorker pid=2325106)[0m Loss: 1.043081283569336e-07
[36m(ColocatedWorker pid=2325106)[0m Prompt: Write a story that includes the word pepperoni. One day,  (Keywords: ['pepperoni'])
[36m(ColocatedWorker pid=2325106)[0m Response #0 (0.0 reward): 
[36m(ColocatedWorker pid=2325106)[0m The next day, they saw the bird again. This time, it could talk! The bird said, "I live here for a long time. Can we be friends?" The bird and the bird were happy and they all became friends. They all read the story together and had a great day
[36m(ColocatedWorker pid=2325106)[0m Response #1 (0.0 reward): 
[36m(ColocatedWorker pid=2325106)[0m The next day, the mosquito saw a boy who was sad. The boy asked, "Why is the turkey so angry?" The bird said, "I'm sad because the pepper was so hungry. But now, the bird was hungry."
[36m(ColocatedWorker pid=2325106)[0m The bird was happy and ate the pepper. The
[36m(ColocatedWorker pid=2325106)[0m Response #2 (0.0 reward): 
[36m(ColocatedWorker pid=2325106)[0m The next day, the pepper and the cat played together. They both were happy and became good friends. The bird was not rude anymore. They all had a great day and went to sleep on the tree together.
[36m(ColocatedWorker pid=2325106)[0m <|endoftext|>
[36m(ColocatedWorker pid=2325106)[0m Response #3 (0.0 reward): 
[36m(ColocatedWorker pid=2325106)[0m The next day, the next day, the bird saw the pepper again. This time, the bird had an idea. The bird flew up high and hit the pepper. The pepper was so happy! The bird saved the pepper and shared the bird. They became good friends and became good friends.
Step 7 (warmup=False): {'step': 7, 'loss': 0.0, 'num_trajectories': 1, 'avg_reward': 0.0, 'total_time_ms': 775.3710550023243, 'rollout_time_ms': '729.3655339744873 (94.1%)', 'update_time_ms': '44.087219052016735 (5.7%)', 'transfer_time_ms': '1.904288015794009 (0.2%)', 'reference_time_ms': '0.0 (0.0%)'}
[36m(ColocatedWorker pid=2325106)[0m Loss: 0.0
[36m(ColocatedWorker pid=2325106)[0m Prompt: Write a story that includes the word becky. One day,  (Keywords: ['becky'])
[36m(ColocatedWorker pid=2325106)[0m Response #0 (0.0 reward): 
[36m(ColocatedWorker pid=2325106)[0m The next day, the bird saw a frog inside the bookcase. The bird thought there was some food near the bookcase. The bird and the bunny became friends and ate the book together. They all became good friends and shared the book together.
[36m(ColocatedWorker pid=2325106)[0m <|endoftext|>
[36m(ColocatedWorker pid=2325106)[0m Response #1 (0.0 reward): 
[36m(ColocatedWorker pid=2325106)[0m The next day, the bird and the bird went to see the bird sing. So, the bird and the bird became friends. They all became friends and sang together. The bird's sad song was not the same after all.
[36m(ColocatedWorker pid=2325106)[0m <|endoftext|>
[36m(ColocatedWorker pid=2325106)[0m Response #2 (0.0 reward): 
[36m(ColocatedWorker pid=2325106)[0m The next day, the bird took the bird to a big tree. The bird was scared and could not get down. The bird was very sad and went back to the tree. The bird was still in the tree and the bird never saw the bird again.
[36m(ColocatedWorker pid=2325106)[0m <|endoftext|>
[36m(ColocatedWorker pid=2325106)[0m Response #3 (0.0 reward): 
[36m(ColocatedWorker pid=2325106)[0m The next day, the bite got louder and louder. The bird did not know what to do. The bird tried to talk to the bird, but the bird did not know how. The bird fell down and got a lot of pain. The bird was very sad and could not tell the bird
Step 8 (warmup=False): {'step': 8, 'loss': 0.0, 'num_trajectories': 1, 'avg_reward': 0.0, 'total_time_ms': 788.9936129795387, 'rollout_time_ms': '742.7398689906113 (94.1%)', 'update_time_ms': '44.13802101043984 (5.6%)', 'transfer_time_ms': '2.1001860150136054 (0.3%)', 'reference_time_ms': '0.0 (0.0%)'}
[36m(ColocatedWorker pid=2325106)[0m Loss: 0.0
Step 9 (warmup=False): {'step': 9, 'loss': 0.0, 'num_trajectories': 1, 'avg_reward': 0.0, 'total_time_ms': 671.409357979428, 'rollout_time_ms': '626.2122750049457 (93.3%)', 'update_time_ms': '43.182563968002796 (6.4%)', 'transfer_time_ms': '1.9972779555246234 (0.3%)', 'reference_time_ms': '0.0 (0.0%)'}
[36m(ColocatedWorker pid=2325106)[0m Prompt: Write a story that includes the word drew. One day,  (Keywords: ['drew'])
[36m(ColocatedWorker pid=2325106)[0m Response #0 (0.0 reward): 
[36m(ColocatedWorker pid=2325106)[0m The next day, the bird and the bird met a bird. The bird asked the bird, "Why are you so mad?" The bird said, "I want to joke, but the bird was hungry." The bird told the bird, "You must be careful. The bird will be careful
[36m(ColocatedWorker pid=2325106)[0m Response #1 (0.0 reward): 
[36m(ColocatedWorker pid=2325106)[0m At the party, the bird told everyone about the party. The bird and the dog became friends and became good friends. They all learned that it was better to share and be kind than to be selfish. They all became good friends and shared the story together.
[36m(ColocatedWorker pid=2325106)[0m <|endoftext|>
[36m(ColocatedWorker pid=2325106)[0m Response #2 (0.0 reward): 
[36m(ColocatedWorker pid=2325106)[0m The next day, the bird saw a group of friends playing together. They all became friends and behaved well together. The bird and bird became good friends and shared the novel together. They all learned that it was better to share and be kind than to be selfish.
[36m(ColocatedWorker pid=2325106)[0m <|endoftext|>
[36m(ColocatedWorker pid=2325106)[0m Response #3 (0.0 reward): 
[36m(ColocatedWorker pid=2325106)[0m The next day, the bird saw a cat playing with the cat. The bird saw the cat and started to fought the cat with its story. The cat did not want to fight the bird. The bird said, "I'm sorry, I am sorry. Can you forgive me?" The cat
[36m(ColocatedWorker pid=2325106)[0m Loss: 0.0
[36m(ColocatedWorker pid=2325106)[0m Prompt: Write a story that includes the word thicker. One day,  (Keywords: ['thicker'])
[36m(ColocatedWorker pid=2325106)[0m Response #0 (0.0 reward): 
[36m(ColocatedWorker pid=2325106)[0m The bird found a group of friends playing together. They all became very happy and became friends. The bird and the bird became friends and became good friends. They all learned that it was better to share and be kind than to be selfish and selfish.
[36m(ColocatedWorker pid=2325106)[0m <|endoftext|>
[36m(ColocatedWorker pid=2325106)[0m Response #1 (0.0 reward): 
[36m(ColocatedWorker pid=2325106)[0m The next day, the bird saw a group of friends playing together and being kind. They all became friends and promised to share the bird together. From that day on, they all learned that it was better to share and be kind than to be selfish. They all learned that it was better to
[36m(ColocatedWorker pid=2325106)[0m Response #2 (0.0 reward): 
[36m(ColocatedWorker pid=2325106)[0m The next day, the bird took all the people to show them all about the bird. They all became friends and listened to the bird's story together. The bird learned that it should not steal, but it did not help it. From that day on, the bird and the bird became good
[36m(ColocatedWorker pid=2325106)[0m Response #3 (0.0 reward): 
[36m(ColocatedWorker pid=2325106)[0m The next day, the bird saw a group of friends playing together. They all became friends and learned that it was better to share and be kind than to be selfish. They all became friends and had lots of fun together. And they all learned that it was better to share and be kind than
[36m(ColocatedWorker pid=2325106)[0m Loss: 0.0
Step 10 (warmup=False): {'step': 10, 'loss': 0.0, 'num_trajectories': 1, 'avg_reward': 0.0, 'total_time_ms': 660.7427969574928, 'rollout_time_ms': '612.759149982594 (92.7%)', 'update_time_ms': '45.79704400384799 (6.9%)', 'transfer_time_ms': '2.1698849741369486 (0.3%)', 'reference_time_ms': '0.0 (0.0%)'}
[36m(ColocatedWorker pid=2325106)[0m Prompt: Write a story that includes the word goals. One day,  (Keywords: ['goals'])
[36m(ColocatedWorker pid=2325106)[0m Response #0 (0.0 reward): 
[36m(ColocatedWorker pid=2325106)[0m The next day, the fairy saw a group friends playing together and offered to join them. They all became friends and behaved well together. The moral of the story is to be kind and share the story with others than to be selfish and be selfish.
[36m(ColocatedWorker pid=2325106)[0m <|endoftext|>
[36m(ColocatedWorker pid=2325106)[0m Response #1 (0.0 reward): 
[36m(ColocatedWorker pid=2325106)[0m The next day, the bird saw a group of friends playing together again. They all became friends and listened to the bird's story. They all became friends and behaved well together. They became friends and became good friends and behaved well together.
[36m(ColocatedWorker pid=2325106)[0m <|endoftext|>
[36m(ColocatedWorker pid=2325106)[0m Response #2 (0.0 reward): 
[36m(ColocatedWorker pid=2325106)[0m The next day, they all went to play together without any fight. They all became friends and behaved well together. They all became friends and listened to the story together. They all became friends and learned that it was better to share than to be selfish. And they all became friends and learned that
[36m(ColocatedWorker pid=2325106)[0m Response #3 (0.0 reward): 
[36m(ColocatedWorker pid=2325106)[0m The bird saw a group group friends playing together and they all became friends. They all became friends and behaved well together. They all learned that it was better to share and be kind than to be selfish.
[36m(ColocatedWorker pid=2325106)[0m <|endoftext|>
Step 11 (warmup=False): {'step': 11, 'loss': 0.0, 'num_trajectories': 1, 'avg_reward': 0.0, 'total_time_ms': 1047.4910289631225, 'rollout_time_ms': '1001.6071390127763 (95.6%)', 'update_time_ms': '43.787415022961795 (4.2%)', 'transfer_time_ms': '2.082519989926368 (0.2%)', 'reference_time_ms': '0.0 (0.0%)'}
[36m(ColocatedWorker pid=2325106)[0m Loss: 0.0
[36m(ColocatedWorker pid=2325106)[0m Prompt: Write a story that includes the word foot. One day,  (Keywords: ['foot'])
[36m(ColocatedWorker pid=2325106)[0m Response #0 (0.0 reward): icky and the bird found a little boy named Timmy and the bird were playing together. They became good friends and behaved well together.
[36m(ColocatedWorker pid=2325106)[0m <|endoftext|>
[36m(ColocatedWorker pid=2325106)[0m Response #1 (0.0 reward): 
[36m(ColocatedWorker pid=2325106)[0m The next day, the bird and the bird saw a group friends playing together in the park. They all became friends and listened to the bird's song together. They all became friends and behaved well together, and the bird became nice and shared the grape. They all became good friends and had fun
[36m(ColocatedWorker pid=2325106)[0m Response #2 (0.0 reward): 
[36m(ColocatedWorker pid=2325106)[0m The next day, the bird saw a group friends playing together and decided to join in the game. They all became friends and learned that it was better to share and be kind than to be selfish. They all became friends and became friends and learned that it was better to share and be kind than
[36m(ColocatedWorker pid=2325106)[0m Response #3 (0.0 reward): 
[36m(ColocatedWorker pid=2325106)[0m The next day, the bird and the bird saw a group friends and became friends. They all became friends and behaved well together. They all became friends and had lots of fun. The bird and the bird became friends and became good friends and shared the story together. They all learned that it was
Step 12 (warmup=False): {'step': 12, 'loss': 0.0, 'num_trajectories': 1, 'avg_reward': 0.0, 'total_time_ms': 1425.5473319790326, 'rollout_time_ms': '1381.1247749836184 (96.9%)', 'update_time_ms': '42.53370396327227 (3.0%)', 'transfer_time_ms': '1.8702700035646558 (0.1%)', 'reference_time_ms': '0.0 (0.0%)'}
[36m(ColocatedWorker pid=2325106)[0m Loss: 0.0
Step 13 (warmup=False): {'step': 13, 'loss': 0.0, 'num_trajectories': 1, 'avg_reward': 0.0, 'total_time_ms': 664.6322649903595, 'rollout_time_ms': '618.78117301967 (93.1%)', 'update_time_ms': '43.8583439681679 (6.6%)', 'transfer_time_ms': '1.9792949897237122 (0.3%)', 'reference_time_ms': '0.0 (0.0%)'}
[36m(ColocatedWorker pid=2325106)[0m Prompt: Write a story that includes the word dive. One day,  (Keywords: ['dive'])
[36m(ColocatedWorker pid=2325106)[0m Response #0 (0.0 reward): 
[36m(ColocatedWorker pid=2325106)[0m The next day, the bird heard a group of friends playing together. They all became friends and behaved well together in the park. They all became good friends and behaved well together than ever before. They all became good friends and became the best of friends. The bird was not so sad anymore,
[36m(ColocatedWorker pid=2325106)[0m Response #1 (0.0 reward): 
[36m(ColocatedWorker pid=2325106)[0m The next day, the bird saw a group friends playing together again. They all became friends and behaved well together. They all learned that it was better to share and be kind than to be selfish. And they all became friends and learned that it was better to share and be kind than to be
[36m(ColocatedWorker pid=2325106)[0m Response #2 (0.0 reward): 
[36m(ColocatedWorker pid=2325106)[0m The next day, the frog and the bird found a frog and asked the bird to give the bird a better try. The bird said yes and gave the bird a hug. They became friends and behaved well together. The bird and the bird became best friends and had lots of fun together.
[36m(ColocatedWorker pid=2325106)[0m 
[36m(ColocatedWorker pid=2325106)[0m Response #3 (0.0 reward): 
[36m(ColocatedWorker pid=2325106)[0m The next day, the bird saw a group of friends playing together and joined in and joined the game together. The bird and the bird became friends and behaved well together, knowing that they did the right thing to do. They all became friends and behaved well together in the park, all because they
[36m(ColocatedWorker pid=2325106)[0m Loss: 0.0
[36m(ColocatedWorker pid=2325106)[0m Prompt: Write a story that includes the word catnip. One day,  (Keywords: ['catnip'])
[36m(ColocatedWorker pid=2325106)[0m Response #0 (0.0 reward): 
[36m(ColocatedWorker pid=2325106)[0m The next day, the cat and the dog were so surprised! They became friends and had lots of fun together. The cat and the dog became good friends and had lots of fun, and they all learned that it was better to share than to be selfish. They all became friends and behaved well
[36m(ColocatedWorker pid=2325106)[0m Response #1 (0.0 reward): 
[36m(ColocatedWorker pid=2325106)[0m The moral of the story is that it should listen to others and not to be selfish. It should never be selfish or steal.
[36m(ColocatedWorker pid=2325106)[0m <|endoftext|>
[36m(ColocatedWorker pid=2325106)[0m Response #2 (0.0 reward): 
[36m(ColocatedWorker pid=2325106)[0m The next day, the bird saw a group friends playing together near a tree. They all became friends and behaved well together. They all became friends and behaved well together. They all learned that it was better to share and be kind than to be selfish.
[36m(ColocatedWorker pid=2325106)[0m <|endoftext|>
[36m(ColocatedWorker pid=2325106)[0m Response #3 (0.0 reward): 
[36m(ColocatedWorker pid=2325106)[0m The next day, the cat and the bird all became friends and behaved well together. They all became friends and became good friends and behaved well together. They all became good friends and learned that it was better to be kind than to be selfish.
[36m(ColocatedWorker pid=2325106)[0m <|endoftext|>
Step 14 (warmup=False): {'step': 14, 'loss': 0.0, 'num_trajectories': 1, 'avg_reward': 0.0, 'total_time_ms': 923.4157390310429, 'rollout_time_ms': '735.4766450007446 (79.6%)', 'update_time_ms': '185.83572399802506 (20.1%)', 'transfer_time_ms': '2.0899359951727092 (0.2%)', 'reference_time_ms': '0.0 (0.0%)'}
[36m(ColocatedWorker pid=2325106)[0m Loss: 0.0
[36m(ColocatedWorker pid=2325106)[0m Prompt: Write a story that includes the word nation. One day,  (Keywords: ['nation'])
[36m(ColocatedWorker pid=2325106)[0m Response #0 (0.0 reward): 
[36m(ColocatedWorker pid=2325106)[0m The next day, the bird saw a group group friends playing together and feeling jealous to join in the game. They all became friends and became friends and listened to the bird's music together, all and the bird became friends and behaved well together and became happier and better friends than ever! They all
[36m(ColocatedWorker pid=2325106)[0m Response #1 (0.0 reward): 
[36m(ColocatedWorker pid=2325106)[0m The next day, the bird saw a group group friends playing together in the forest again. They all became friends and behaved well together and became friends with their new friends who had learned that it was better to share in peace than to be selfish. They all became friends and behaved well together, and
[36m(ColocatedWorker pid=2325106)[0m Response #2 (0.0 reward): 
[36m(ColocatedWorker pid=2325106)[0m The next day, the bird saw a group group friends playing together! The bird and the bird became friends and became friends and behaved well together. They all became friends and behaved well together in the oak tree and shared the story and became friends with all the bird and the bird.
[36m(ColocatedWorker pid=2325106)[0m <|endoftext|>
[36m(ColocatedWorker pid=2325106)[0m Response #3 (0.0 reward): 
[36m(ColocatedWorker pid=2325106)[0m The next day, the bird saw a group friends playing together again and helped build a new group friends join in. They all became friends and behaved well together, and they all became friends and behaved well together. They all became friends and became good friends and behaved well together and became good friends forever
[36m(ColocatedWorker pid=2325106)[0m Loss: 0.0
Step 15 (warmup=False): {'step': 15, 'loss': 0.0, 'num_trajectories': 1, 'avg_reward': 0.0, 'total_time_ms': 674.163457006216, 'rollout_time_ms': '629.4972489704378 (93.4%)', 'update_time_ms': '42.58691403083503 (6.3%)', 'transfer_time_ms': '2.064088999759406 (0.3%)', 'reference_time_ms': '0.0 (0.0%)'}
Step 16 (warmup=False): {'step': 16, 'loss': 0.0, 'num_trajectories': 1, 'avg_reward': 0.0, 'total_time_ms': 671.5273580048233, 'rollout_time_ms': '624.1901249741204 (93.0%)', 'update_time_ms': '45.22696399362758 (6.7%)', 'transfer_time_ms': '2.093250979669392 (0.3%)', 'reference_time_ms': '0.0 (0.0%)'}
Final training statistics: {'step_count': 16, 'model_parameters': 0, 'time_stats': {'rollout': 17047.552698873915, 'update': 1086.7426689947024, 'transfer': 32.74425194831565, 'reference': 0.0, 'total': 18167.283440823667}, 'time_stats_pct': {'rollout': 93.83655379409336, 'update': 5.981866648002447, 'transfer': 0.18023746948724378, 'reference': 0.0, 'total': 100.0}}
Training completed.
[36m(ColocatedWorker pid=2325106)[0m Prompt: Write a story that includes the word clam. One day,  (Keywords: ['clam'])
[36m(ColocatedWorker pid=2325106)[0m Response #0 (0.0 reward):  The bird and the bird became friends and told the bird about the bird. They became friends and behaved well together in peace and became friends.
[36m(ColocatedWorker pid=2325106)[0m <|endoftext|>
[36m(ColocatedWorker pid=2325106)[0m Response #1 (0.0 reward): 
[36m(ColocatedWorker pid=2325106)[0m The next day, the bird saw a group toy friends playing together in a group friends playing together and listened to their song. They all became friends and recorded the bird's song together. They all became friends and behaved well together and became good friends with the bird and its new friend, the bird
[36m(ColocatedWorker pid=2325106)[0m Response #2 (0.0 reward):  But the bird had to leave. They all became friends and behaved well together, and they all became friends and behaved well together. They all became good friends and behaved well together, and they all learned that it was better to share than to be selfish and not share the ball. They all became friends
[36m(ColocatedWorker pid=2325106)[0m Response #3 (0.0 reward): 
[36m(ColocatedWorker pid=2325106)[0m The next day, they all became friends and behaved well together and started to behave again. They all became friends and learned that it was better to share than to be selfish. And that was the story of the bird and the bird became friends and learned that it was better to share than to be
[36m(ColocatedWorker pid=2325106)[0m Loss: 0.0
Ray shutdown.
