Args: Namespace(keywords_file='cse599o_alignment/prompts/keywords.txt', train_val_kw_split_dir='cse599o_alignment/prompts/', ckpt_file='cse599o_alignment/ckpt/model.pt', result_dir='cse599o_alignment/results/async/20251207_064400/k2', steps=16, workers=1, prompts_per_batch=1, num_val_prompts=32, steps_per_rollout=2, ckpt_interval=100, monitor_kl=False, profile=True, verbose=True).
2025-12-07 06:45:22,986	INFO worker.py:2012 -- Started a local Ray instance.
2025-12-07 06:45:23,368	INFO packaging.py:588 -- Creating a file package for local module '/homes/iws/yhruan22/au25-cse599o-hw3'.
2025-12-07 06:45:23,757	WARNING packaging.py:430 -- File /homes/iws/yhruan22/au25-cse599o-hw3/cse599o_alignment/ckpt/model.pt is very large (243.85MiB). Consider adding this file to the 'excludes' list to skip uploading it: `ray.init(..., runtime_env={'excludes': ['/homes/iws/yhruan22/au25-cse599o-hw3/cse599o_alignment/ckpt/model.pt']})`
2025-12-07 06:45:27,090	INFO packaging.py:380 -- Pushing file package 'gcs://_ray_pkg_6100ae21fa55af6d.zip' (245.59MiB) to Ray cluster...
2025-12-07 06:45:27,899	INFO packaging.py:393 -- Successfully pushed file package 'gcs://_ray_pkg_6100ae21fa55af6d.zip'.
/homes/iws/yhruan22/au25-cse599o-hw3/.venv/lib64/python3.12/site-packages/ray/_private/worker.py:2051: FutureWarning: Tip: In future versions of Ray, Ray will no longer override accelerator visible devices env var if num_gpus=0 or num_gpus=None (default). To enable this behavior and turn off this error message, set RAY_ACCEL_ENV_VAR_OVERRIDE_ON_ZERO=0
  warnings.warn(
Ray initialized.
[33m(raylet)[0m warning: `VIRTUAL_ENV=/homes/iws/yhruan22/au25-cse599o-hw3/.venv` does not match the project environment path `.venv` and will be ignored; use `--active` to target the active environment instead
[33m(raylet)[0m Using CPython 3.12.9 interpreter at: /usr/bin/python3
[33m(raylet)[0m Creating virtual environment at: .venv
[33m(raylet)[0m    Building alignment @ file:///homes/iws/yhruan22/raytmp/session_2025-12-07_06-45-18_467166_2472089/runtime_resources/working_dir_files/_ray_pkg_6100ae21fa55af6d
[33m(raylet)[0m    Building cse599o-basics @ file:///homes/iws/yhruan22/raytmp/session_2025-12-07_06-45-18_467166_2472089/runtime_resources/working_dir_files/_ray_pkg_6100ae21fa55af6d/cse599o-basics
[33m(raylet)[0m       Built cse599o-basics @ file:///homes/iws/yhruan22/raytmp/session_2025-12-07_06-45-18_467166_2472089/runtime_resources/working_dir_files/_ray_pkg_6100ae21fa55af6d/cse599o-basics
[33m(raylet)[0m       Built alignment @ file:///homes/iws/yhruan22/raytmp/session_2025-12-07_06-45-18_467166_2472089/runtime_resources/working_dir_files/_ray_pkg_6100ae21fa55af6d
[33m(raylet)[0m Installed 205 packages in 6.51s
[36m(pid=gcs_server)[0m [2025-12-07 06:45:49,201 E 2472259 2472259] (gcs_server) gcs_server.cc:302: Failed to establish connection to the event+metrics exporter agent. Events and metrics will not be exported. Exporter agent status: RpcError: Running out of retries to initialize the metrics agent. rpc_code: 14
[33m(raylet)[0m [2025-12-07 06:45:52,344 E 2472597 2472597] (raylet) main.cc:975: Failed to establish connection to the metrics exporter agent. Metrics will not be exported. Exporter agent status: RpcError: Running out of retries to initialize the metrics agent. rpc_code: 14
[36m(pid=2473089)[0m [2025-12-07 06:45:58,649 E 2473089 2473233] core_worker_process.cc:825: Failed to establish connection to the metrics exporter agent. Metrics will not be exported. Exporter agent status: RpcError: Running out of retries to initialize the metrics agent. rpc_code: 14
[2025-12-07 06:46:01,432 E 2472089 2473087] core_worker_process.cc:825: Failed to establish connection to the metrics exporter agent. Metrics will not be exported. Exporter agent status: RpcError: Running out of retries to initialize the metrics agent. rpc_code: 14
[36m(ColocatedWorker pid=2479058)[0m [2025-12-07 06:46:15,283 E 2479058 2479310] core_worker_process.cc:825: Failed to establish connection to the metrics exporter agent. Metrics will not be exported. Exporter agent status: RpcError: Running out of retries to initialize the metrics agent. rpc_code: 14[32m [repeated 39x across cluster] (Ray deduplicates logs by default. Set RAY_DEDUP_LOGS=0 to disable log deduplication, or see https://docs.ray.io/en/master/ray-observability/user-guides/configure-logging.html#log-deduplication for more options.)[0m
[36m(ColocatedWorker pid=2479058)[0m Prompt: Write a story that includes the word time. One day,  (Keywords: ['time'])
[36m(ColocatedWorker pid=2479058)[0m Response #0 (0.0 reward): 
[36m(ColocatedWorker pid=2479058)[0m The next day, Lucy was sitting on the couch when a voice spoke into her! "Hello," it said. Lucy was surprised and asked the voice, "why are you here?" 
[36m(ColocatedWorker pid=2479058)[0m The voice said, "I'm here to make you a special treat for her. You must not
[36m(ColocatedWorker pid=2479058)[0m Response #1 (0.0 reward): 
[36m(ColocatedWorker pid=2479058)[0m Mr. Jane asked if she could go and ask her friend, "Is it a billboard?"
[36m(ColocatedWorker pid=2479058)[0m The friend said, "Yes, it will be a nice picture you like, but don't worry. I think you will be able to write it."
[36m(ColocatedWorker pid=2479058)[0m So, Mr. Jane wrote the
[36m(ColocatedWorker pid=2479058)[0m Response #2 (1.0 reward): 
[36m(ColocatedWorker pid=2479058)[0m Moral: Be brave and Fire up your limits, but also do not stop us from exploring.
[36m(ColocatedWorker pid=2479058)[0m <|endoftext|>
[36m(ColocatedWorker pid=2479058)[0m Once upon a time, there was a friendly dog named Max. Max liked to play with his friends in the park. One day, Max saw a big tree with a long branch
[36m(ColocatedWorker pid=2479058)[0m Response #3 (0.0 reward): 
[36m(ColocatedWorker pid=2479058)[0m Molly decided that she wanted to make more stories. She said, "I want to make more stories!" 
[36m(ColocatedWorker pid=2479058)[0m The next day, Molly was so excited to show her parents. On the day of her story, Molly ran to the kitchen and grabbed a regular bowl from the kitchen. 
[36m(ColocatedWorker pid=2479058)[0m Prompt: Write a story that includes the word time. One day,  (Keywords: ['time'])
[36m(ColocatedWorker pid=2479058)[0m Response #0 (0.0 reward): 
[36m(ColocatedWorker pid=2479058)[0m Mama said, "Let's go to the store and buy some medicine!" 
[36m(ColocatedWorker pid=2479058)[0m Mama smiled and said, "Yes, let's go!"
[36m(ColocatedWorker pid=2479058)[0m So, they went to the store and bought some money. Mama was so excited to go home.
[36m(ColocatedWorker pid=2479058)[0m At the store, Mama asked
[36m(ColocatedWorker pid=2479058)[0m Response #1 (0.0 reward): 
[36m(ColocatedWorker pid=2479058)[0m "Tom, the story is that you should not tell the word — Tom," said the voice. 
[36m(ColocatedWorker pid=2479058)[0m Tom smiled and nodded. 
[36m(ColocatedWorker pid=2479058)[0m Tom was so happy that he decided to save the story. He learned that the word is to return, and that it is important to be obedient and
[36m(ColocatedWorker pid=2479058)[0m Response #2 (1.0 reward): 
[36m(ColocatedWorker pid=2479058)[0m The end.
[36m(ColocatedWorker pid=2479058)[0m <|endoftext|>
[36m(ColocatedWorker pid=2479058)[0m Once upon a time, there was a little boy named Tim. Tim had a big, round nose. He loved to play with his toys all day. One day, Tim found a toy he had never seen before. It was a toy. Tim didn't know
[36m(ColocatedWorker pid=2479058)[0m Response #3 (0.0 reward): 
[36m(ColocatedWorker pid=2479058)[0m “Oh, I bet you can find something yummy!” said the little girl. 
[36m(ColocatedWorker pid=2479058)[0m “Really?”
[36m(ColocatedWorker pid=2479058)[0m The little girl smiled. She was excited to find out what the word meant and how to answer.
[36m(ColocatedWorker pid=2479058)[0m The little girl was no longer selfish and she
Step 0 (warmup=True): {'step': 0, 'loss': 0.012107111513614655, 'num_trajectories': 2, 'avg_reward': 0.25, 'total_time_ms': 13091.972602007445, 'rollout_time_ms': '11645.10198897915 (88.9%)', 'update_time_ms': '1444.7243600152433 (11.0%)', 'transfer_time_ms': '2.121919998899102 (0.0%)', 'reference_time_ms': '0.0 (0.0%)'}
[36m(ColocatedWorker pid=2479058)[0m Loss: 4.470348358154297e-08
[36m(ColocatedWorker pid=2479058)[0m Loss: 0.012107111513614655
[36m(ColocatedWorker pid=2479058)[0m Prompt: Write a story that includes the word time. One day,  (Keywords: ['time'])
[36m(ColocatedWorker pid=2479058)[0m Response #0 (1.0 reward): 
[36m(ColocatedWorker pid=2479058)[0m <|endoftext|>
[36m(ColocatedWorker pid=2479058)[0m Once upon a time, there was a little boy named Tim. Tim had a big, impressive toy bear. The bear was big and had a small hole in it. Tim loved his bear very much.
[36m(ColocatedWorker pid=2479058)[0m One day, Tim wanted to see his bear inside the hole. He thought
[36m(ColocatedWorker pid=2479058)[0m Response #1 (1.0 reward): 
[36m(ColocatedWorker pid=2479058)[0m <|endoftext|>
[36m(ColocatedWorker pid=2479058)[0m Once upon a time, there was a friendly dog named Max. Max liked to play with his friends in the park. One day, while playing, he saw a big tree. Max wanted to climb the tree, but he was too small.
[36m(ColocatedWorker pid=2479058)[0m A wise old owl saw Max and
[36m(ColocatedWorker pid=2479058)[0m Response #2 (1.0 reward): 
[36m(ColocatedWorker pid=2479058)[0m <|endoftext|>
[36m(ColocatedWorker pid=2479058)[0m Once upon a time, there was a bossy cat named Tom. Tom liked to tell everyone what to do. One day, Tom saw a big storm coming. He knew it was dangerous.
[36m(ColocatedWorker pid=2479058)[0m Tom's friend, a dog named Max, came over to help. Max said,
[36m(ColocatedWorker pid=2479058)[0m Response #3 (1.0 reward): 
[36m(ColocatedWorker pid=2479058)[0m <|endoftext|>
[36m(ColocatedWorker pid=2479058)[0m Once upon a time, there was a big, angry dog. He liked to scare everyone. One day, he saw a little girl named Lily. Lily was crying. She had lost her toy. The dog was in a hurry.
[36m(ColocatedWorker pid=2479058)[0m Lily wanted to help her friend. She
[36m(ColocatedWorker pid=2479058)[0m Prompt: Write a story that includes the word time. One day,  (Keywords: ['time'])
[36m(ColocatedWorker pid=2479058)[0m Response #0 (1.0 reward): 
[36m(ColocatedWorker pid=2479058)[0m <|endoftext|>
[36m(ColocatedWorker pid=2479058)[0m Once upon a time, there was a big, round rock. The rock liked to sleep all day. It would sleep all day and all night. One day, a little boy found the rock. The boy did not recognize it. He took the rock to his mom.
[36m(ColocatedWorker pid=2479058)[0m "
[36m(ColocatedWorker pid=2479058)[0m Response #1 (1.0 reward): 
[36m(ColocatedWorker pid=2479058)[0m Then one day a storm broke the sea. The missile was lost and couldn’t find its way back home. The end.
[36m(ColocatedWorker pid=2479058)[0m <|endoftext|>
[36m(ColocatedWorker pid=2479058)[0m Once upon a time, there was a little boy named Tim. Tim was adventurous. He loved to explore and play with his friends. One day
[36m(ColocatedWorker pid=2479058)[0m Response #2 (1.0 reward): 
[36m(ColocatedWorker pid=2479058)[0m <|endoftext|>
[36m(ColocatedWorker pid=2479058)[0m Once upon a time, there was a weird bird. The bird lived in a big tree. The tree had a big branch called a "goug". The tree liked to play and have fun. One day, the tree had an idea. "I will cut a branch to
[36m(ColocatedWorker pid=2479058)[0m Response #3 (0.0 reward): 
[36m(ColocatedWorker pid=2479058)[0m The eagle returned for the little boy to continue his journey with his dream. And the little boy was still scared.
[36m(ColocatedWorker pid=2479058)[0m <|endoftext|>
[36m(ColocatedWorker pid=2479058)[0m One day, a little girl named Sally went to the park with her mom. They saw a big tree with a long branch. It was so high that the tree
Step 2 (warmup=False): {'step': 2, 'loss': -0.003263525664806366, 'num_trajectories': 2, 'avg_reward': 0.875, 'total_time_ms': 908.1351419445127, 'rollout_time_ms': '815.8445579465479 (89.8%)', 'update_time_ms': '90.32344596926123 (9.9%)', 'transfer_time_ms': '1.9513219594955444 (0.2%)', 'reference_time_ms': '0.0 (0.0%)'}
[36m(ColocatedWorker pid=2479058)[0m Loss: 0.0
[36m(ColocatedWorker pid=2479058)[0m Loss: -0.003263525664806366
[36m(ColocatedWorker pid=2479058)[0m Prompt: Write a story that includes the word time. One day,  (Keywords: ['time'])
[36m(ColocatedWorker pid=2479058)[0m Response #0 (1.0 reward): 
[36m(ColocatedWorker pid=2479058)[0m <|endoftext|>
[36m(ColocatedWorker pid=2479058)[0m Once upon a time, there was a little girl named Lily. She had an elderly lady who gave her a toy. The toy had a big, round ball. Lily loved to play with her friends every day.
[36m(ColocatedWorker pid=2479058)[0m One day, Lily saw a big tree with a long branch.
[36m(ColocatedWorker pid=2479058)[0m Response #1 (0.0 reward): 
[36m(ColocatedWorker pid=2479058)[0m <|endoftext|>
[36m(ColocatedWorker pid=2479058)[0m One day, a big lion and a little mouse were on a tall tree. The lion could not move or play. The lion was very sad. He did not like to lose his friend, the mouse, to. The mouse was scared of the lion's roar.
[36m(ColocatedWorker pid=2479058)[0m The lion
[36m(ColocatedWorker pid=2479058)[0m Response #2 (1.0 reward): 
[36m(ColocatedWorker pid=2479058)[0m <|endoftext|>
[36m(ColocatedWorker pid=2479058)[0m Once upon a time, there was a poor little dog named Max. Max had a best friend named Timmy. Timmy was a little bird who could fly high. Max and Timmy were best friends. One day, Max wanted to fly high in the sky like Timmy.
[36m(ColocatedWorker pid=2479058)[0m Response #3 (1.0 reward): 
[36m(ColocatedWorker pid=2479058)[0m <|endoftext|>
[36m(ColocatedWorker pid=2479058)[0m Once upon a time, there was a little boy named Tim. Tim was worried. He had a toy he had to play with. Tim's mom told him to be brave, but Tim did not listen.
[36m(ColocatedWorker pid=2479058)[0m One day, Tim went outside to play. He played with his toy
[36m(ColocatedWorker pid=2479058)[0m Prompt: Write a story that includes the word time. One day,  (Keywords: ['time'])
[36m(ColocatedWorker pid=2479058)[0m Response #0 (1.0 reward): 
[36m(ColocatedWorker pid=2479058)[0m <|endoftext|>
[36m(ColocatedWorker pid=2479058)[0m Once upon a time, there was a cute little dog named Max. Max liked to play with his friends in the park. One day, Max saw a big tree with a long branch that he had never seen before. Max wanted to climb the branch but he was scared.
[36m(ColocatedWorker pid=2479058)[0m Max
[36m(ColocatedWorker pid=2479058)[0m Response #1 (1.0 reward): 
[36m(ColocatedWorker pid=2479058)[0m <|endoftext|>
[36m(ColocatedWorker pid=2479058)[0m Once upon a time, there was a little boy named Tim. Tim had a small, fragile toy. He named it Mr. Knot. Tim loved to play with Mr. Moony all day. One day, Tim's mom said, "Tim, you need to take time to
[36m(ColocatedWorker pid=2479058)[0m Response #2 (1.0 reward): 
[36m(ColocatedWorker pid=2479058)[0m <|endoftext|>
[36m(ColocatedWorker pid=2479058)[0m Once upon a time, there was a big vehicle. The vehicle was very strong. It could carry many things. One day, the vehicle saw a little boy with a big, mean dog. The dog wanted the little boy to take his toy.
[36m(ColocatedWorker pid=2479058)[0m The little boy wanted to take
[36m(ColocatedWorker pid=2479058)[0m Response #3 (1.0 reward): 
[36m(ColocatedWorker pid=2479058)[0m <|endoftext|>
[36m(ColocatedWorker pid=2479058)[0m Once upon a time, there was a little boy named Tom. Tom liked to play with his friends in the park. One day, Tom saw a big tree with a long branch. Tom wanted to climb the branch to see what was on the branch. He told his friends to stay
[36m(ColocatedWorker pid=2479058)[0m Loss: 4.470348358154297e-08
Step 4 (warmup=False): {'step': 4, 'loss': 0.0, 'num_trajectories': 2, 'avg_reward': 0.875, 'total_time_ms': 757.5194840319455, 'rollout_time_ms': '665.171668981202 (87.8%)', 'update_time_ms': '90.48286400502548 (11.9%)', 'transfer_time_ms': '1.8516050186008215 (0.2%)', 'reference_time_ms': '0.0 (0.0%)'}
[36m(ColocatedWorker pid=2479058)[0m Loss: 0.0
[36m(ColocatedWorker pid=2479058)[0m Prompt: Write a story that includes the word time. One day,  (Keywords: ['time'])
[36m(ColocatedWorker pid=2479058)[0m Response #0 (1.0 reward): 
[36m(ColocatedWorker pid=2479058)[0m <|endoftext|>
[36m(ColocatedWorker pid=2479058)[0m Once upon a time, there was a big, enormous tree. The tree had a long branch. The branch had a long branch. The branch could stand tall. The branch had a big branch. The branch thought there was a good place to rest.
[36m(ColocatedWorker pid=2479058)[0m One day, the branch
[36m(ColocatedWorker pid=2479058)[0m Response #1 (1.0 reward): 
[36m(ColocatedWorker pid=2479058)[0m <|endoftext|>
[36m(ColocatedWorker pid=2479058)[0m Once upon a time, there was a little boy named Tim. Tim had a toy called a screen. The screen was very big and had many colors. Tim liked to play with his friends all day.
[36m(ColocatedWorker pid=2479058)[0m One day, Tim found a toy he had never seen before. It had
[36m(ColocatedWorker pid=2479058)[0m Response #2 (1.0 reward): 
[36m(ColocatedWorker pid=2479058)[0m <|endoftext|>
[36m(ColocatedWorker pid=2479058)[0m Once upon a time, there was a boy named Tim. Tim had a big, round ball. One day, Tim saw a penny on a high shelf. Tim wanted to get a toy. But he had only one toy he could reach. Tim thought, "I can get the
[36m(ColocatedWorker pid=2479058)[0m Response #3 (1.0 reward): 
[36m(ColocatedWorker pid=2479058)[0m <|endoftext|>
[36m(ColocatedWorker pid=2479058)[0m Once upon a time, there was a little boy named Tim. Tim had a toy he had very long. It was a toy. Tim loved to play with his friends all day. One day, Tim saw a big tree with a long branch that looked dizzy from moving. Tim
[36m(ColocatedWorker pid=2479058)[0m Prompt: Write a story that includes the word time. One day,  (Keywords: ['time'])
[36m(ColocatedWorker pid=2479058)[0m Response #0 (1.0 reward): 
[36m(ColocatedWorker pid=2479058)[0m <|endoftext|>
[36m(ColocatedWorker pid=2479058)[0m Once upon a time, there was a big, round rock. The rock lived in a small house. The little rock was just a tree. One day, a girl came to see the rock. She wanted to see the small rock.
[36m(ColocatedWorker pid=2479058)[0m The girl saw a cup of water.
[36m(ColocatedWorker pid=2479058)[0m Response #1 (1.0 reward): 
[36m(ColocatedWorker pid=2479058)[0m <|endoftext|>
[36m(ColocatedWorker pid=2479058)[0m Once upon a time, there was a little boy named Tim. Tim had a toy he found. It was an ashtray. Tim didn't know what it was. It was a toy. Tim wanted to play with it.
[36m(ColocatedWorker pid=2479058)[0m Tim took the ashtray to his mom
[36m(ColocatedWorker pid=2479058)[0m Response #2 (1.0 reward): 
[36m(ColocatedWorker pid=2479058)[0m <|endoftext|>
[36m(ColocatedWorker pid=2479058)[0m Once upon a time, there was a little girl named Lily. She had a toy called Zigzag. Zigzag was a toy that he had a very important home. Lily loved to play with Zigzag all day. One day, Lily and Zigzag were playing together.
[36m(ColocatedWorker pid=2479058)[0m L
[36m(ColocatedWorker pid=2479058)[0m Response #3 (1.0 reward): 
[36m(ColocatedWorker pid=2479058)[0m <|endoftext|>
[36m(ColocatedWorker pid=2479058)[0m Once upon a time, there was a little girl named Lily. She had a toy she had a toy. She loved to play with her friends all day. One day, Lily's mom told her to behave, but Lily did not like chores. She wanted her toy back. So
[36m(ColocatedWorker pid=2479058)[0m Loss: 0.0
Step 6 (warmup=False): {'step': 6, 'loss': 0.0, 'num_trajectories': 2, 'avg_reward': 1.0, 'total_time_ms': 748.2984560192563, 'rollout_time_ms': '655.6343370466493 (87.6%)', 'update_time_ms': '90.83524404559284 (12.1%)', 'transfer_time_ms': '1.8141799955628812 (0.2%)', 'reference_time_ms': '0.0 (0.0%)'}
[36m(ColocatedWorker pid=2479058)[0m Loss: 0.0
[36m(ColocatedWorker pid=2479058)[0m Prompt: Write a story that includes the word time. One day,  (Keywords: ['time'])
[36m(ColocatedWorker pid=2479058)[0m Response #0 (1.0 reward): 
[36m(ColocatedWorker pid=2479058)[0m <|endoftext|>
[36m(ColocatedWorker pid=2479058)[0m Once upon a time, there was a little boy named Tim. Tim had a big, round thing called a toy. Tim could make things with his toy with his toy. He would play with his friends all day. One day, Tim found a toy he had never seen before.
[36m(ColocatedWorker pid=2479058)[0m Response #1 (1.0 reward): 
[36m(ColocatedWorker pid=2479058)[0m <|endoftext|>
[36m(ColocatedWorker pid=2479058)[0m Once upon a time, there was a little boy named Tim. Tim had a toy he had a toy. The toy was a toy. Tim loved to play with his friends all day. One day, Tim saw a toy he had never seen before. Tim didn't know what it
[36m(ColocatedWorker pid=2479058)[0m Response #2 (1.0 reward): 
[36m(ColocatedWorker pid=2479058)[0m Once upon a time there was a big tree. It had lots of branches and leaves. One day the tree was leaning to place.
[36m(ColocatedWorker pid=2479058)[0m The tree wanted to reach the top of the tree. So it asked its mom if they could get a branch. The Mom said yes. So the owl
[36m(ColocatedWorker pid=2479058)[0m Response #3 (1.0 reward): 
[36m(ColocatedWorker pid=2479058)[0m <|endoftext|>
[36m(ColocatedWorker pid=2479058)[0m Once upon a time, there was a big, round rock. The rock lived in a forest. The forest had many friends.
[36m(ColocatedWorker pid=2479058)[0m One day, a little bird wanted to fly high. The bird said to his friends, "I will fly high and see the sky." His friends
[36m(ColocatedWorker pid=2479058)[0m Prompt: Write a story that includes the word time. One day,  (Keywords: ['time'])
[36m(ColocatedWorker pid=2479058)[0m Response #0 (1.0 reward): 
[36m(ColocatedWorker pid=2479058)[0m <|endoftext|>
[36m(ColocatedWorker pid=2479058)[0m Once upon a time, there was a friendly dog named Max. Max liked to play with his friends in the park. One day, Max saw a big tree with a long branch had fallen. Max wanted to climb the branch, but he was too short.
[36m(ColocatedWorker pid=2479058)[0m Max had an idea
[36m(ColocatedWorker pid=2479058)[0m Response #1 (1.0 reward): 
[36m(ColocatedWorker pid=2479058)[0m <|endoftext|>
[36m(ColocatedWorker pid=2479058)[0m Once upon a time, there was a friendly dog named Max. Max liked to play with his friends in the park. One day, Max saw a big tree with a long branch that looked like a long branch. Max thought he would be perfect to climb it.
[36m(ColocatedWorker pid=2479058)[0m Max started to
[36m(ColocatedWorker pid=2479058)[0m Response #2 (1.0 reward): 
[36m(ColocatedWorker pid=2479058)[0m <|endoftext|>
[36m(ColocatedWorker pid=2479058)[0m Once upon a time, there was a little boy named Tim. Tim had a toy he had to play with. Tim liked to play with his friends all day. One day, Tim saw a big tree with a long branch. Tim thought there might be a good place to lay down
[36m(ColocatedWorker pid=2479058)[0m Response #3 (1.0 reward): 
[36m(ColocatedWorker pid=2479058)[0m <|endoftext|>
[36m(ColocatedWorker pid=2479058)[0m Once upon a time, there was a little boy named Tim. Tim had a toy he had. Tim did not like his toy. It was a toy. Tim's toy. Tim played with him all day. Tim's toy did not work well. Tim's toy was very soft
Step 8 (warmup=False): {'step': 8, 'loss': 0.0, 'num_trajectories': 2, 'avg_reward': 1.0, 'total_time_ms': 757.280757999979, 'rollout_time_ms': '664.9419919704087 (87.8%)', 'update_time_ms': '90.25187598308548 (11.9%)', 'transfer_time_ms': '2.0729960524477065 (0.3%)', 'reference_time_ms': '0.0 (0.0%)'}
[36m(ColocatedWorker pid=2479058)[0m Loss: 0.0
[36m(ColocatedWorker pid=2479058)[0m Loss: 0.0
[36m(ColocatedWorker pid=2479058)[0m Prompt: Write a story that includes the word time. One day,  (Keywords: ['time'])
[36m(ColocatedWorker pid=2479058)[0m Response #0 (1.0 reward): 
[36m(ColocatedWorker pid=2479058)[0m <|endoftext|>
[36m(ColocatedWorker pid=2479058)[0m Once upon a time, there was a big tree. The tree had a long branch called a "Help me pull this branch!" A wise old owl lived nearby. The owl liked to help his friends.
[36m(ColocatedWorker pid=2479058)[0m One day, the wise owl saw a big tree. The owl said to
[36m(ColocatedWorker pid=2479058)[0m Response #1 (1.0 reward): 
[36m(ColocatedWorker pid=2479058)[0m <|endoftext|>
[36m(ColocatedWorker pid=2479058)[0m Once upon a time, there was a little boy named Tim. Tim had a toy he had a toy. Tim had a toy he had a toy, a toy. Tim loved to play with his friends all day. One day, Tim found a toy he had never seen before.
[36m(ColocatedWorker pid=2479058)[0m Response #2 (1.0 reward): 
[36m(ColocatedWorker pid=2479058)[0m <|endoftext|>
[36m(ColocatedWorker pid=2479058)[0m Once upon a time, there was a small bird named Tim. Tim had a toy called Mr. Bear. Tim and Mr. Bear were good friends. One day, Tim wanted to borrow an eraser. Tim said, "Boys, please borrow Mr. Bear. Be this
[36m(ColocatedWorker pid=2479058)[0m Response #3 (1.0 reward): 
[36m(ColocatedWorker pid=2479058)[0m <|endoftext|>
[36m(ColocatedWorker pid=2479058)[0m Once upon a time, there was a little boy named Tim. Tim had a toy. Tim. Tim's toy was poor. Tim's mom told him to put a toy in his toy. Tim did not want to do that. Tim's mom told Tim to be honest.
[36m(ColocatedWorker pid=2479058)[0m 
[36m(ColocatedWorker pid=2479058)[0m Prompt: Write a story that includes the word time. One day,  (Keywords: ['time'])
[36m(ColocatedWorker pid=2479058)[0m Response #0 (1.0 reward): 
[36m(ColocatedWorker pid=2479058)[0m <|endoftext|>
[36m(ColocatedWorker pid=2479058)[0m Once upon a time, there was a playful bird. The bird liked to work in a big tree. One day, the bird found a big tree.
[36m(ColocatedWorker pid=2479058)[0m Tim had an idea. He wanted to lift the tree to see what was up high. Tim thought, "Maybe I can
[36m(ColocatedWorker pid=2479058)[0m Response #1 (1.0 reward): 
[36m(ColocatedWorker pid=2479058)[0m <|endoftext|>
[36m(ColocatedWorker pid=2479058)[0m Once upon a time, there was a little dog named Max. Max liked to play with his friends in the park. One day, Max saw a big tree with a long branch up close. The branch had an axe in it. Max wanted to see what was up at the top
[36m(ColocatedWorker pid=2479058)[0m Response #2 (1.0 reward): 
[36m(ColocatedWorker pid=2479058)[0m <|endoftext|>
[36m(ColocatedWorker pid=2479058)[0m Once upon a time, there was a brown dog named Max. Max liked to play with his friends in the park. One day, Max saw a big tree with a long branch he had never seen before. Max thought it was a toy and wanted to play with it.
[36m(ColocatedWorker pid=2479058)[0m Max
[36m(ColocatedWorker pid=2479058)[0m Response #3 (1.0 reward): 
[36m(ColocatedWorker pid=2479058)[0m THE things were exciting to explore.
[36m(ColocatedWorker pid=2479058)[0m <|endoftext|>
[36m(ColocatedWorker pid=2479058)[0m Once upon a time, there was a little girl named Lily. She had an elderly lady who gave her a toy. The toy had a toy, a toy. Lily loved to play with her friends all day.
[36m(ColocatedWorker pid=2479058)[0m One day, a big
[36m(ColocatedWorker pid=2479058)[0m Loss: 0.0
Step 10 (warmup=False): {'step': 10, 'loss': 0.0, 'num_trajectories': 2, 'avg_reward': 1.0, 'total_time_ms': 757.3421720298938, 'rollout_time_ms': '665.2958000195213 (87.8%)', 'update_time_ms': '90.03988199401647 (11.9%)', 'transfer_time_ms': '1.993746031075716 (0.3%)', 'reference_time_ms': '0.0 (0.0%)'}
[36m(ColocatedWorker pid=2479058)[0m Loss: 0.0
[36m(ColocatedWorker pid=2479058)[0m Prompt: Write a story that includes the word time. One day,  (Keywords: ['time'])
[36m(ColocatedWorker pid=2479058)[0m Response #0 (1.0 reward): 
[36m(ColocatedWorker pid=2479058)[0m <|endoftext|>
[36m(ColocatedWorker pid=2479058)[0m Once upon a time, there was a big, dangerous dog named Max. Max liked to play with his friends. One day, Max wanted to play with his friends.
[36m(ColocatedWorker pid=2479058)[0m Max had an idea. He wanted to go outside and see his friends. Max went to play with his friends
[36m(ColocatedWorker pid=2479058)[0m Response #1 (1.0 reward):  time exploring and find a way to the exit.
[36m(ColocatedWorker pid=2479058)[0m <|endoftext|>
[36m(ColocatedWorker pid=2479058)[0m Once upon a time, there was a little boy named Tim. Tim had a toy. Tim's toy was a toy. Tim's mom told him to reverse the toy. Tim wanted to play with it. Tim had a toy he
[36m(ColocatedWorker pid=2479058)[0m Response #2 (1.0 reward): 
[36m(ColocatedWorker pid=2479058)[0m <|endoftext|>
[36m(ColocatedWorker pid=2479058)[0m Once upon a time, there was a little boy named Tim. Tim had a toy he had. Tim's toy was about toy. Tim's friend, Timmy. Timmy could play with his toys. Timmy was spoiled. Timmy wanted to play with other kids who would
[36m(ColocatedWorker pid=2479058)[0m Response #3 (0.0 reward): 
[36m(ColocatedWorker pid=2479058)[0m They were close early when they put their treasures in the park. As they wandered, they heard a mysterious noise.
[36m(ColocatedWorker pid=2479058)[0m "What was that it's?" asked someone. 
[36m(ColocatedWorker pid=2479058)[0m "It's a fairy," said Mum. 
[36m(ColocatedWorker pid=2479058)[0m "Let's go explore," said Jack.
[36m(ColocatedWorker pid=2479058)[0m Their parents
[36m(ColocatedWorker pid=2479058)[0m Prompt: Write a story that includes the word time. One day,  (Keywords: ['time'])
[36m(ColocatedWorker pid=2479058)[0m Response #0 (1.0 reward): 
[36m(ColocatedWorker pid=2479058)[0m <|endoftext|>
[36m(ColocatedWorker pid=2479058)[0m Once upon a time, there was a little boy named Tim. Tim had a toy he had. Tim's toy had a toy he had. Tim loved to play with his friends. One day, Tim found a toy he had never seen before. It before. Tim didn't recognize
[36m(ColocatedWorker pid=2479058)[0m Response #1 (1.0 reward): 
[36m(ColocatedWorker pid=2479058)[0m <|endoftext|>
[36m(ColocatedWorker pid=2479058)[0m Once upon a time, there was a little boy named Tim. Tim had an adorable cat. Tim had a toy he had. Tim had a toy he had. Tim's toy was a toy. Tim's toy was a toy. Tim had a toy he had a toy. Tim
[36m(ColocatedWorker pid=2479058)[0m Response #2 (1.0 reward): 
[36m(ColocatedWorker pid=2479058)[0m <|endoftext|>
[36m(ColocatedWorker pid=2479058)[0m Once upon a time, there was a poor little bird. The little bird lived in a big tree. The little bird had a long branch. The branch had a long branch.
[36m(ColocatedWorker pid=2479058)[0m One day, the long branch found a big branch. The branch had many long branch. The branch
[36m(ColocatedWorker pid=2479058)[0m Response #3 (1.0 reward): 
[36m(ColocatedWorker pid=2479058)[0m <|endoftext|>
[36m(ColocatedWorker pid=2479058)[0m Once upon a time, there was a little dog named Max. Max liked to play with his friends. One day, Max saw a big tree with a long branch on a branch. Max wanted to play with the branch. Max tried to play with the branch, but it was too
[36m(ColocatedWorker pid=2479058)[0m Loss: -7.450580596923828e-09
Step 12 (warmup=False): {'step': 12, 'loss': 0.0, 'num_trajectories': 2, 'avg_reward': 0.875, 'total_time_ms': 756.1681999941356, 'rollout_time_ms': '663.9492770191282 (87.8%)', 'update_time_ms': '90.16054996754974 (11.9%)', 'transfer_time_ms': '2.0310969557613134 (0.3%)', 'reference_time_ms': '0.0 (0.0%)'}
[36m(ColocatedWorker pid=2479058)[0m Loss: 0.0
[36m(ColocatedWorker pid=2479058)[0m Prompt: Write a story that includes the word time. One day,  (Keywords: ['time'])
[36m(ColocatedWorker pid=2479058)[0m Response #0 (1.0 reward):  time exploring and explore something new might happen to the best.
[36m(ColocatedWorker pid=2479058)[0m <|endoftext|>
[36m(ColocatedWorker pid=2479058)[0m Once upon a time, there was a little boy named Tim. Tim had a toy. Tim. Tim's doll was interesting. Tim's mom told him to keep all his toys. Tim wanted to play with his friends in
[36m(ColocatedWorker pid=2479058)[0m Response #1 (1.0 reward): 
[36m(ColocatedWorker pid=2479058)[0m <|endoftext|>
[36m(ColocatedWorker pid=2479058)[0m Once upon a time, there was a boy named Tim. Tim had a toy. Tim's toy was a toy. Tim's mom told him to eat. Tim went to play with his friends. But Tim's mom said, "Tim, we must find a toy before we go
[36m(ColocatedWorker pid=2479058)[0m Response #2 (1.0 reward): 
[36m(ColocatedWorker pid=2479058)[0m <|endoftext|>
[36m(ColocatedWorker pid=2479058)[0m Once upon a time, there was a boy named Tim. Tim had a toy. Tim's toy was a toy. Tim's mom told him to play with other toys. Tim said, "No, Tim. Tim is old. We should play with other kids."
[36m(ColocatedWorker pid=2479058)[0m Tim played
[36m(ColocatedWorker pid=2479058)[0m Response #3 (1.0 reward): <|endoftext|>
[36m(ColocatedWorker pid=2479058)[0m Once upon a time, there was a big, expensive toy. The toy had a toy. The toy had a toy. The toy belonged to Tim. Tim's mom told him, "Be brave, Tim. I tells you to stay away from the toy."
[36m(ColocatedWorker pid=2479058)[0m Tim went to play
[36m(ColocatedWorker pid=2479058)[0m Prompt: Write a story that includes the word time. One day,  (Keywords: ['time'])
[36m(ColocatedWorker pid=2479058)[0m Response #0 (1.0 reward): 
[36m(ColocatedWorker pid=2479058)[0m <|endoftext|>
[36m(ColocatedWorker pid=2479058)[0m Once upon a time, there was a little boy named Tim. Tim had a toy. Tim's toy was fake. Tim's toy was broken. Tim's mom told him to be brave. Tim's mom gave him a toy. Tim wanted to play with his toy.
[36m(ColocatedWorker pid=2479058)[0m Tim
[36m(ColocatedWorker pid=2479058)[0m Response #1 (1.0 reward):  adventures, exploring new places.
[36m(ColocatedWorker pid=2479058)[0m <|endoftext|>
[36m(ColocatedWorker pid=2479058)[0m Once upon a time, there was a little boy named Tim. Tim had a toy. Tim's toy was a toy. Tim's mom told him to play with his toy. Tim did not want to play with his toy. Tim's mom said they
[36m(ColocatedWorker pid=2479058)[0m Response #2 (1.0 reward): 
[36m(ColocatedWorker pid=2479058)[0m <|endoftext|>
[36m(ColocatedWorker pid=2479058)[0m Once upon a time, there was a little dog named Tim. Tim had a big, round rock. Timmy wanted to play with his friends. So, Timmy took a toy to play with. Timmy's friends were playing a game. Timmy was to find a toy
[36m(ColocatedWorker pid=2479058)[0m Response #3 (1.0 reward):  time exploring the garden, the sunflgood down.
[36m(ColocatedWorker pid=2479058)[0m <|endoftext|>
[36m(ColocatedWorker pid=2479058)[0m Once upon a time, there was a friendly dog named Max. Max liked to play with his friends. One day, Max found a big tree with a long branch. Max had an idea.
[36m(ColocatedWorker pid=2479058)[0m Max said to his friends,
Step 14 (warmup=False): {'step': 14, 'loss': 0.0, 'num_trajectories': 2, 'avg_reward': 1.0, 'total_time_ms': 758.453943009954, 'rollout_time_ms': '665.295094018802 (87.7%)', 'update_time_ms': '91.06453199638054 (12.0%)', 'transfer_time_ms': '2.080282021779567 (0.3%)', 'reference_time_ms': '0.0 (0.0%)'}
[36m(ColocatedWorker pid=2479058)[0m Loss: 0.0
[36m(ColocatedWorker pid=2479058)[0m Loss: 0.0
[36m(ColocatedWorker pid=2479058)[0m Prompt: Write a story that includes the word time. One day,  (Keywords: ['time'])
[36m(ColocatedWorker pid=2479058)[0m Response #0 (1.0 reward):  can explore a new place.
[36m(ColocatedWorker pid=2479058)[0m <|endoftext|>
[36m(ColocatedWorker pid=2479058)[0m Once upon a time, there was a small dog named Max. Max liked to play with his friends. One day, Max found a big tree. Max thought it would be fun to climb.
[36m(ColocatedWorker pid=2479058)[0m Max started to climb the high branches. "Look up
[36m(ColocatedWorker pid=2479058)[0m Response #1 (1.0 reward):  like adventures in the forest, they found new treasures.
[36m(ColocatedWorker pid=2479058)[0m <|endoftext|>
[36m(ColocatedWorker pid=2479058)[0m Once upon a time, there was a big brown dog. The dog liked to play with his friends. One day, he found a tree with a long branch hanging from one branch.
[36m(ColocatedWorker pid=2479058)[0m Under the branch, Tim found a long
[36m(ColocatedWorker pid=2479058)[0m Response #2 (1.0 reward):  time exploring something new, but also do not stop exploring.
[36m(ColocatedWorker pid=2479058)[0m <|endoftext|>
[36m(ColocatedWorker pid=2479058)[0m Once upon a time, there was a little girl named Sue. Sue had a toy. She played with it all day. Sue's mom told her to be brave. Sue wanted to play with her friends.
[36m(ColocatedWorker pid=2479058)[0m Sue
[36m(ColocatedWorker pid=2479058)[0m Response #3 (1.0 reward):  in a big tunnel near your home, it's super exciting than exploring.
[36m(ColocatedWorker pid=2479058)[0m <|endoftext|>
[36m(ColocatedWorker pid=2479058)[0m Once upon a time, there was a charming little town. In this town, there was a big tree. The tree was a good branch. People liked to support each other. One day, a little bird
[36m(ColocatedWorker pid=2479058)[0m Prompt: Write a story that includes the word time. One day,  (Keywords: ['time'])
[36m(ColocatedWorker pid=2479058)[0m Response #0 (1.0 reward):  adventures adventure can explore the world.
[36m(ColocatedWorker pid=2479058)[0m <|endoftext|>
[36m(ColocatedWorker pid=2479058)[0m Once upon a time, there was a big, deep hole in a small village. The big, deep hole would keep the ground safe. One day, a brave bear named Ben wanted to go on an adventure.
[36m(ColocatedWorker pid=2479058)[0m As Ben walked through the deep
[36m(ColocatedWorker pid=2479058)[0m Response #1 (1.0 reward):  time exploring the exciting places.
[36m(ColocatedWorker pid=2479058)[0m <|endoftext|>
[36m(ColocatedWorker pid=2479058)[0m Once upon a time, there was a little boy named Tim. Tim was worried. He wanted to go outside and play with his friends. Tim's mom told him to be brave, but Tim was scared.
[36m(ColocatedWorker pid=2479058)[0m Tim told his mom, "I am
[36m(ColocatedWorker pid=2479058)[0m Response #2 (1.0 reward):  time exploring outside.
[36m(ColocatedWorker pid=2479058)[0m <|endoftext|>
[36m(ColocatedWorker pid=2479058)[0m Once upon a time, there was a friendly dog named Max. Max liked to play with his friends. One day, Max found a big tree with a long branch. Max wanted to see the long branch up close. Max had an idea.
[36m(ColocatedWorker pid=2479058)[0m Max put the
[36m(ColocatedWorker pid=2479058)[0m Response #3 (1.0 reward):  hopped along a new way to find a wonderful adventure.
[36m(ColocatedWorker pid=2479058)[0m <|endoftext|>
[36m(ColocatedWorker pid=2479058)[0m Once upon a time, there was a little girl named Lily. Lily liked to play with her friends. One day, she found a toy she had never seen before. It was a toy. Lily didn't know what it was
[36m(ColocatedWorker pid=2479058)[0m Loss: 0.0
Step 16 (warmup=False): {'step': 16, 'loss': 0.0, 'num_trajectories': 2, 'avg_reward': 1.0, 'total_time_ms': 757.3468710179441, 'rollout_time_ms': '663.9572010026313 (87.7%)', 'update_time_ms': '91.51155402651057 (12.1%)', 'transfer_time_ms': '1.8620210466906428 (0.2%)', 'reference_time_ms': '0.0 (0.0%)'}
Final training statistics: {'step_count': 16, 'model_parameters': 0, 'time_stats': {'rollout': 5460.089928004891, 'update': 724.6699479874223, 'transfer': 15.657249081414193, 'reference': 0.0, 'total': 6200.545026047621}, 'time_stats_pct': {'rollout': 88.05822560868147, 'update': 11.6871975760709, 'transfer': 0.25251407764382455, 'reference': 0.0, 'total': 100.0}}
Training completed.
Ray shutdown.
