Args: Namespace(keywords_file='cse599o_alignment/prompts/keywords.txt', train_val_kw_split_dir='cse599o_alignment/prompts/', ckpt_file='cse599o_alignment/ckpt/model.pt', result_dir='cse599o_alignment/results/async/20251207_062221/k2', steps=16, workers=1, prompts_per_batch=1, num_val_prompts=32, steps_per_rollout=2, ckpt_interval=100, monitor_kl=False, profile=False, verbose=True).
2025-12-07 06:23:58,240	INFO worker.py:2012 -- Started a local Ray instance.
2025-12-07 06:23:58,604	INFO packaging.py:588 -- Creating a file package for local module '/homes/iws/yhruan22/au25-cse599o-hw3'.
2025-12-07 06:23:58,668	WARNING packaging.py:430 -- File /homes/iws/yhruan22/au25-cse599o-hw3/cse599o_alignment/ckpt/model.pt is very large (243.85MiB). Consider adding this file to the 'excludes' list to skip uploading it: `ray.init(..., runtime_env={'excludes': ['/homes/iws/yhruan22/au25-cse599o-hw3/cse599o_alignment/ckpt/model.pt']})`
2025-12-07 06:24:01,107	INFO packaging.py:380 -- Pushing file package 'gcs://_ray_pkg_251302f493e4a5c4.zip' (245.59MiB) to Ray cluster...
2025-12-07 06:24:02,163	INFO packaging.py:393 -- Successfully pushed file package 'gcs://_ray_pkg_251302f493e4a5c4.zip'.
/homes/iws/yhruan22/au25-cse599o-hw3/.venv/lib64/python3.12/site-packages/ray/_private/worker.py:2051: FutureWarning: Tip: In future versions of Ray, Ray will no longer override accelerator visible devices env var if num_gpus=0 or num_gpus=None (default). To enable this behavior and turn off this error message, set RAY_ACCEL_ENV_VAR_OVERRIDE_ON_ZERO=0
  warnings.warn(
Ray initialized.
[33m(raylet)[0m warning: `VIRTUAL_ENV=/homes/iws/yhruan22/au25-cse599o-hw3/.venv` does not match the project environment path `.venv` and will be ignored; use `--active` to target the active environment instead
[33m(raylet)[0m Using CPython 3.12.9 interpreter at: /usr/bin/python3
[33m(raylet)[0m Creating virtual environment at: .venv
[33m(raylet)[0m    Building alignment @ file:///homes/iws/yhruan22/raytmp/session_2025-12-07_06-23-53_997925_2388214/runtime_resources/working_dir_files/_ray_pkg_251302f493e4a5c4
[33m(raylet)[0m    Building cse599o-basics @ file:///homes/iws/yhruan22/raytmp/session_2025-12-07_06-23-53_997925_2388214/runtime_resources/working_dir_files/_ray_pkg_251302f493e4a5c4/cse599o-basics
[33m(raylet)[0m       Built cse599o-basics @ file:///homes/iws/yhruan22/raytmp/session_2025-12-07_06-23-53_997925_2388214/runtime_resources/working_dir_files/_ray_pkg_251302f493e4a5c4/cse599o-basics
[33m(raylet)[0m       Built alignment @ file:///homes/iws/yhruan22/raytmp/session_2025-12-07_06-23-53_997925_2388214/runtime_resources/working_dir_files/_ray_pkg_251302f493e4a5c4
[33m(raylet)[0m Installed 205 packages in 4.99s
[36m(pid=gcs_server)[0m [2025-12-07 06:24:24,671 E 2388429 2388429] (gcs_server) gcs_server.cc:302: Failed to establish connection to the event+metrics exporter agent. Events and metrics will not be exported. Exporter agent status: RpcError: Running out of retries to initialize the metrics agent. rpc_code: 14
[33m(raylet)[0m [2025-12-07 06:24:27,354 E 2388684 2388684] (raylet) main.cc:975: Failed to establish connection to the metrics exporter agent. Metrics will not be exported. Exporter agent status: RpcError: Running out of retries to initialize the metrics agent. rpc_code: 14
[36m(pid=2389137)[0m [2025-12-07 06:24:32,793 E 2389137 2389441] core_worker_process.cc:825: Failed to establish connection to the metrics exporter agent. Metrics will not be exported. Exporter agent status: RpcError: Running out of retries to initialize the metrics agent. rpc_code: 14
[2025-12-07 06:24:33,006 E 2388214 2389133] core_worker_process.cc:825: Failed to establish connection to the metrics exporter agent. Metrics will not be exported. Exporter agent status: RpcError: Running out of retries to initialize the metrics agent. rpc_code: 14
[36m(ColocatedWorker pid=2392093)[0m [2025-12-07 06:24:47,833 E 2392093 2392235] core_worker_process.cc:825: Failed to establish connection to the metrics exporter agent. Metrics will not be exported. Exporter agent status: RpcError: Running out of retries to initialize the metrics agent. rpc_code: 14[32m [repeated 39x across cluster] (Ray deduplicates logs by default. Set RAY_DEDUP_LOGS=0 to disable log deduplication, or see https://docs.ray.io/en/master/ray-observability/user-guides/configure-logging.html#log-deduplication for more options.)[0m
[36m(ColocatedWorker pid=2392093)[0m Prompt: Write a story that includes the word grape. One day,  (Keywords: ['grape'])
[36m(ColocatedWorker pid=2392093)[0m Response #0 (1.0 reward): 
[36m(ColocatedWorker pid=2392093)[0m The grapes started together and the grapes were so happy. The grapes were on the ground, and the grapes were so tasty. They enjoyed the sweet taste and smiled. 
[36m(ColocatedWorker pid=2392093)[0m Suddenly, the grapes started to laugh. A little girl named Lily ran up to them and said, "That was not
[36m(ColocatedWorker pid=2392093)[0m Response #1 (0.0 reward): 
[36m(ColocatedWorker pid=2392093)[0m Mr. Emma asked her mom, "What's that?"
[36m(ColocatedWorker pid=2392093)[0m Her mom said, "I'm removing the blueberry, but it is hard for you to do something special for you."
[36m(ColocatedWorker pid=2392093)[0m So one day, his mom showed him how to change into a small light, but he wanted it
[36m(ColocatedWorker pid=2392093)[0m Response #2 (0.0 reward): 
[36m(ColocatedWorker pid=2392093)[0m Moral: Be brave and Fire up your limits, but also do not stop us from exploring.
[36m(ColocatedWorker pid=2392093)[0m <|endoftext|>
[36m(ColocatedWorker pid=2392093)[0m Response #3 (1.0 reward): 
[36m(ColocatedWorker pid=2392093)[0m Mum said: "Tim, this grape is a special place. It helps that it takes warmth and love."
[36m(ColocatedWorker pid=2392093)[0m Tim was very excited. He put the grape in his room and was ready for the next day. He was so excited to see the grape growing in his room.
[36m(ColocatedWorker pid=2392093)[0m <|endoftext|>
[36m(ColocatedWorker pid=2392093)[0m Prompt: Write a story that includes the word plans. One day,  (Keywords: ['plans'])
[36m(ColocatedWorker pid=2392093)[0m Response #0 (0.0 reward): 
[36m(ColocatedWorker pid=2392093)[0m Mama listened to him. She asked him why he wanted to help the little bird outside. But he told her the story word. 
[36m(ColocatedWorker pid=2392093)[0m Mama said, "The little bird told my stories".
[36m(ColocatedWorker pid=2392093)[0m The little bird was very sad and said, "I don't know why you are
[36m(ColocatedWorker pid=2392093)[0m Response #1 (0.0 reward): 
[36m(ColocatedWorker pid=2392093)[0m "Tom, the story is that you can enjoy the story!" said his mom.
[36m(ColocatedWorker pid=2392093)[0m Tom agreed and the story was over. 
[36m(ColocatedWorker pid=2392093)[0m Tom was very proud of himself and he was happy he was able to help his mom.
[36m(ColocatedWorker pid=2392093)[0m <|endoftext|>
[36m(ColocatedWorker pid=2392093)[0m Response #2 (0.0 reward): 
[36m(ColocatedWorker pid=2392093)[0m The end.
[36m(ColocatedWorker pid=2392093)[0m <|endoftext|>
[36m(ColocatedWorker pid=2392093)[0m Response #3 (0.0 reward): 
[36m(ColocatedWorker pid=2392093)[0m “Oh, I’ll get ready for my exam.”
[36m(ColocatedWorker pid=2392093)[0m <|endoftext|>
[36m(ColocatedWorker pid=2392093)[0m Norm before grad clipping: 1.1770
[36m(ColocatedWorker pid=2392093)[0m Loss: 6.705522537231445e-08
Step 0 (warmup=True): {'step': 0, 'loss': 0.0, 'num_trajectories': 2, 'avg_reward': 0.25, 'total_time_ms': 11420.266297005583, 'rollout_time_ms': '10288.076677010395 (90.1%)', 'update_time_ms': '1130.1805860130116 (9.9%)', 'transfer_time_ms': '1.9908529939129949 (0.0%)', 'reference_time_ms': '0.0 (0.0%)'}
[36m(ColocatedWorker pid=2392093)[0m Loss: 0.0
[36m(ColocatedWorker pid=2392093)[0m Prompt: Write a story that includes the word empty. One day,  (Keywords: ['empty'])
[36m(ColocatedWorker pid=2392093)[0m Response #0 (0.0 reward): 
[36m(ColocatedWorker pid=2392093)[0m The elderly lady was not happy. She was worried and said goodbye to her pet cat. Then she went to the store and the elderly lady looked around.
[36m(ColocatedWorker pid=2392093)[0m The elderly lady walked closer and recognized the order. She wanted to show the lady how she was able to get the food she had.
[36m(ColocatedWorker pid=2392093)[0m Response #1 (0.0 reward): 
[36m(ColocatedWorker pid=2392093)[0m Suddenly, a kind man appeared. The man was the same. He said: "I have a surprise for you on your head. I was testing my kindness to make everyone feel better." The man was happy to know the answer.
[36m(ColocatedWorker pid=2392093)[0m The man bought the book and was so happy. He
[36m(ColocatedWorker pid=2392093)[0m Response #2 (0.0 reward): 
[36m(ColocatedWorker pid=2392093)[0m "Mom, can I have some nap?" asked the old lady.
[36m(ColocatedWorker pid=2392093)[0m "Of course, sweetheart. You can have some sleep," said mom.
[36m(ColocatedWorker pid=2392093)[0m John was so happy, and enjoyed his nap. He knew that his mom was baking his own special day.
[36m(ColocatedWorker pid=2392093)[0m <|endoftext|>
[36m(ColocatedWorker pid=2392093)[0m Response #3 (0.0 reward): 
[36m(ColocatedWorker pid=2392093)[0m The girl was surprised. She asked the wise owl if she could replace the book from the ground. The owl refused. The girl frowned and said, "No, I can't trade the book. What should I do today?" 
[36m(ColocatedWorker pid=2392093)[0m The girl thought for a moment and then said, "
[36m(ColocatedWorker pid=2392093)[0m Prompt: Write a story that includes the word jerry. One day,  (Keywords: ['jerry'])
[36m(ColocatedWorker pid=2392093)[0m Response #0 (0.0 reward): 
[36m(ColocatedWorker pid=2392093)[0m The berry was feeling hungry and so she decided to take a bite. She took a big bite and smiled. The berry was so sweet and delicious. 
[36m(ColocatedWorker pid=2392093)[0m The berry was so happy, she started to eat. She was so happy to have found a yummy treat. From
[36m(ColocatedWorker pid=2392093)[0m Response #1 (0.0 reward): 
[36m(ColocatedWorker pid=2392093)[0m "Look what I chose!" said someone.
[36m(ColocatedWorker pid=2392093)[0m The berry nodded.
[36m(ColocatedWorker pid=2392093)[0m "Wow, this berry looks funny!" said the berry. 
[36m(ColocatedWorker pid=2392093)[0m "That's so yummy!" said the bunny. 
[36m(ColocatedWorker pid=2392093)[0m The berry laughed. "Can I eat it?" asked the bunny
[36m(ColocatedWorker pid=2392093)[0m Response #2 (0.0 reward): 
[36m(ColocatedWorker pid=2392093)[0m The berry was very happy and said, "Thank you, panda! I like it!" The panda was now part of the berry. "You are all good and good," said the panda.
[36m(ColocatedWorker pid=2392093)[0m The panda and the panda became good friends. They played together
[36m(ColocatedWorker pid=2392093)[0m Response #3 (0.0 reward): 
[36m(ColocatedWorker pid=2392093)[0m The berry was sitting on the floor, but a little girl came up to it. She was so surprised. She asked the berry, "How do you read me?" The berry said, "I would say a word!" The berry said, "I word 'dos
[36m(ColocatedWorker pid=2392093)[0m Loss: 0.0
Step 2 (warmup=False): {'step': 2, 'loss': 0.0, 'num_trajectories': 2, 'avg_reward': 0.0, 'total_time_ms': 7494.712230982259, 'rollout_time_ms': '7286.822455993388 (97.2%)', 'update_time_ms': '206.06441498966888 (2.7%)', 'transfer_time_ms': '1.8119409796781838 (0.0%)', 'reference_time_ms': '0.0 (0.0%)'}
[36m(ColocatedWorker pid=2392093)[0m Loss: 0.0
[36m(ColocatedWorker pid=2392093)[0m Prompt: Write a story that includes the word beware. One day,  (Keywords: ['beware'])
[36m(ColocatedWorker pid=2392093)[0m Response #0 (0.0 reward): 
[36m(ColocatedWorker pid=2392093)[0m The fridge leaned on a wall and the wall started to dance. The animal was so excited. She danced around the room and sang the song. The children laughed and clapped. The mom and dad were happy. The end.
[36m(ColocatedWorker pid=2392093)[0m <|endoftext|>
[36m(ColocatedWorker pid=2392093)[0m Response #1 (0.0 reward): 
[36m(ColocatedWorker pid=2392093)[0m The little girl was so excited. She jumped up and down and smiled. She was so happy to see her mom standing in the room. Her mom smiled at her, and smiled. They hugged her back.
[36m(ColocatedWorker pid=2392093)[0m The little girl was so excited. She repeated the word from the heavens and the
[36m(ColocatedWorker pid=2392093)[0m Response #2 (0.0 reward): 
[36m(ColocatedWorker pid=2392093)[0m "Please, lady," the lady said. "It means to teach animals. They will be nice."
[36m(ColocatedWorker pid=2392093)[0m The lady smiled. "That sounds like fun. Let's talk about the animals. They can teach us some animals with the animals."
[36m(ColocatedWorker pid=2392093)[0m The lady gave the animal a gentle feather.
[36m(ColocatedWorker pid=2392093)[0m Response #3 (0.0 reward): 
[36m(ColocatedWorker pid=2392093)[0m The first person said: "I don't know how. I think it's not so good." The second person looked at the word and smiled. He said: "It means that the word is 'Jump'. The second person turned to try it and it was the word 'y'. 
[36m(ColocatedWorker pid=2392093)[0m Prompt: Write a story that includes the word relaxation. One day,  (Keywords: ['relaxation'])
[36m(ColocatedWorker pid=2392093)[0m Response #0 (0.0 reward): 
[36m(ColocatedWorker pid=2392093)[0m The next page was a picture of a cat. The cat was very happy. The cat liked the story very much. The cat liked the story. The cat read the story and the page was a good story. The cat was happy.
[36m(ColocatedWorker pid=2392093)[0m <|endoftext|>
[36m(ColocatedWorker pid=2392093)[0m Response #1 (0.0 reward): 
[36m(ColocatedWorker pid=2392093)[0m The poem was about a cat and a dog who liked cats and dogs. The cat and dog did not have many pages. They looked nice and clapped. There was a dog, a cat, and a dog. They were very happy.
[36m(ColocatedWorker pid=2392093)[0m But then, something unexpected happened. The dog
[36m(ColocatedWorker pid=2392093)[0m Response #2 (0.0 reward): 
[36m(ColocatedWorker pid=2392093)[0m Tim was sad. He did not know the word "please" and he tried to read it. He began to complain. His tummy hurt a lot. His mom told him not to. She said the word "good word and don't tell the truth."
[36m(ColocatedWorker pid=2392093)[0m Tim was very sad.
[36m(ColocatedWorker pid=2392093)[0m Response #3 (0.0 reward): 
[36m(ColocatedWorker pid=2392093)[0m The teacher said, "It meant that you are the guest of the class."
[36m(ColocatedWorker pid=2392093)[0m The little girl was so excited. She had never been so excited. She was so excited to read the poem. The girl said, "I hope to cheer you up."
[36m(ColocatedWorker pid=2392093)[0m The teacher smiled. She said
Step 4 (warmup=False): {'step': 4, 'loss': 0.0, 'num_trajectories': 2, 'avg_reward': 0.0, 'total_time_ms': 1987.2537620249204, 'rollout_time_ms': '1897.0318530336954 (95.5%)', 'update_time_ms': '88.41227402444929 (4.4%)', 'transfer_time_ms': '1.7942890408448875 (0.1%)', 'reference_time_ms': '0.0 (0.0%)'}
[36m(ColocatedWorker pid=2392093)[0m Loss: 0.0
[36m(ColocatedWorker pid=2392093)[0m Loss: 0.0
[36m(ColocatedWorker pid=2392093)[0m Prompt: Write a story that includes the word demands. One day,  (Keywords: ['demands'])
[36m(ColocatedWorker pid=2392093)[0m Response #0 (0.0 reward): 
[36m(ColocatedWorker pid=2392093)[0m The teacher said to each of the little girl, "That word " pounds". The little girl was very happy. She went to the classroom and was still a little bit scared. The teacher smiled and said "The word 'thank you". The little girl smiled and felt very happy.
[36m(ColocatedWorker pid=2392093)[0m The
[36m(ColocatedWorker pid=2392093)[0m Response #1 (0.0 reward): 
[36m(ColocatedWorker pid=2392093)[0m The teacher was very happy. She said, "This is a good place. There are many other things to do." She gave the class a big hug. The teacher said, "Good job, little girl. The class is a good place to rest."
[36m(ColocatedWorker pid=2392093)[0m The class was happy and they
[36m(ColocatedWorker pid=2392093)[0m Response #2 (0.0 reward): 
[36m(ColocatedWorker pid=2392093)[0m A man came to the park. He was a girl with a sad boy. The boy said, "My name is Anna." He did not understand why Lisa was so sad. The man said, "Lisa, this is Anna. I don't know how to play." Lisa felt bad.
[36m(ColocatedWorker pid=2392093)[0m Response #3 (0.0 reward): 
[36m(ColocatedWorker pid=2392093)[0m "A word!" Lily said. "A word does 'suniz'." The word "please" said it. Lily waited and listened. She liked the word "Measure" and "thank you".
[36m(ColocatedWorker pid=2392093)[0m The word "Fun Star'. It says 'Available" to Lily and the word 'y
[36m(ColocatedWorker pid=2392093)[0m Prompt: Write a story that includes the word docks. One day,  (Keywords: ['docks'])
[36m(ColocatedWorker pid=2392093)[0m Response #0 (0.0 reward): 
[36m(ColocatedWorker pid=2392093)[0m "A ladybug that helps people feel better," the lady said. "The lady who owns the lady's home is a lady."
[36m(ColocatedWorker pid=2392093)[0m The lady smiled. She opened the book and read the story. The lady smiled. She said, "The lady. She's a good job."
[36m(ColocatedWorker pid=2392093)[0m 
[36m(ColocatedWorker pid=2392093)[0m Response #1 (0.0 reward): 
[36m(ColocatedWorker pid=2392093)[0m A little girl named Lily came up to the building. She said, "meow" and said, " copies Club." Lily was happy and started to read the word. She wanted to learn more and more.
[36m(ColocatedWorker pid=2392093)[0m But then, the other person then said the word. Lily was not happy
[36m(ColocatedWorker pid=2392093)[0m Response #2 (0.0 reward): 
[36m(ColocatedWorker pid=2392093)[0m The teacher said, "Sara, those questions like that. They like to repeat everything. Why don't you listen and listen to the music together. It makes the people laugh and smile. It makes everyone happy." 
[36m(ColocatedWorker pid=2392093)[0m Sara felt very excited. She licked the jazz CD and
[36m(ColocatedWorker pid=2392093)[0m Response #3 (0.0 reward): 
[36m(ColocatedWorker pid=2392093)[0m The teacher was at the park. She was happy. The teacher gave the kids a serious lecture. The lecture was about having fun. The kids and the moms laughed. They liked the joke lots. The teacher was happy.
[36m(ColocatedWorker pid=2392093)[0m <|endoftext|>
[36m(ColocatedWorker pid=2392093)[0m Loss: 0.0
Step 6 (warmup=False): {'step': 6, 'loss': 0.0, 'num_trajectories': 2, 'avg_reward': 0.0, 'total_time_ms': 1633.12027300708, 'rollout_time_ms': '1536.470569029916 (94.1%)', 'update_time_ms': '94.89502798533067 (5.8%)', 'transfer_time_ms': '1.7407109844498336 (0.1%)', 'reference_time_ms': '0.0 (0.0%)'}
[36m(ColocatedWorker pid=2392093)[0m Loss: 0.0
[36m(ColocatedWorker pid=2392093)[0m Prompt: Write a story that includes the word sibling. One day,  (Keywords: ['sibling'])
[36m(ColocatedWorker pid=2392093)[0m Response #0 (0.0 reward): 
[36m(ColocatedWorker pid=2392093)[0m "I think this is a good song," said the teacher. "It helps where the kids can read. Everyone clapped and smiled. The teacher sent them a pretty picture of the kids in the town. They all liked the song and played with the nice lady. The kids loved the poem
[36m(ColocatedWorker pid=2392093)[0m Response #1 (0.0 reward): 
[36m(ColocatedWorker pid=2392093)[0m The teacher opened the book and said "Please teach the kid." The kid listened carefully and smiled. The teacher read the book. The teacher was a happy teacher. The children liked the book and smiled. The teacher was not angry.
[36m(ColocatedWorker pid=2392093)[0m The teacher said "please learn the word 'happy'.
[36m(ColocatedWorker pid=2392093)[0m Response #2 (0.0 reward): 
[36m(ColocatedWorker pid=2392093)[0m The labels said, "This is a student. This one is the number five. It helps all the children make their own stories." The papers laughed and smiled. The labels said "How about the number five."
[36m(ColocatedWorker pid=2392093)[0m They were very happy. The children and the teacher were proud of the numbers
[36m(ColocatedWorker pid=2392093)[0m Response #3 (0.0 reward): 
[36m(ColocatedWorker pid=2392093)[0m The teacher came. "This is a serious language. It tells you to read it," the teacher said. "It helps: to listen to the teacher. The teacher asks the children at the classroom. The teacher says the word 'To be funny!"
[36m(ColocatedWorker pid=2392093)[0m The children laughed. They did not
[36m(ColocatedWorker pid=2392093)[0m Prompt: Write a story that includes the word information. One day,  (Keywords: ['information'])
[36m(ColocatedWorker pid=2392093)[0m Response #0 (0.0 reward): icky closed her eyes and started to feel a bit uncomfortable. She looked around and noticed the word "spell" on her ear. The word "big" out loud and she was very scared. But then she heard a noise. The voice was coming from the other hiding spots. They were all laughing
[36m(ColocatedWorker pid=2392093)[0m Response #1 (0.0 reward): 
[36m(ColocatedWorker pid=2392093)[0m The people in the city were getting ready. The dancers were so happy. The music had danced, and the people and the happy students were there. They had a dance party, and the birds danced together. The music was a happy place. The people danced and played funny music. The compassionate
[36m(ColocatedWorker pid=2392093)[0m Response #2 (0.0 reward): 
[36m(ColocatedWorker pid=2392093)[0m The teacher said, "The teacher says a word with a name." The teacher looked at the word " languages. I can give you a name." The teacher smiled back. The teacher said, "That is a word 'o" around the kid. The teacher said the numbers. The kid
[36m(ColocatedWorker pid=2392093)[0m Response #3 (0.0 reward): 
[36m(ColocatedWorker pid=2392093)[0m The teacher said: "Why did the word 'st" the girl was so happy. She said the word "happy". The teacher was very surprised. The winner was over. The word was 'jump-s'." The girl was very happy.
[36m(ColocatedWorker pid=2392093)[0m The girl took the speaking teacher's
Step 8 (warmup=False): {'step': 8, 'loss': 0.0, 'num_trajectories': 2, 'avg_reward': 0.0, 'total_time_ms': 1131.4262269879691, 'rollout_time_ms': '1040.8480950281955 (92.0%)', 'update_time_ms': '88.79512699786574 (7.8%)', 'transfer_time_ms': '1.7692529945634305 (0.2%)', 'reference_time_ms': '0.0 (0.0%)'}
[36m(ColocatedWorker pid=2392093)[0m Loss: 0.0
[36m(ColocatedWorker pid=2392093)[0m Loss: 0.0
[36m(ColocatedWorker pid=2392093)[0m Prompt: Write a story that includes the word dizziness. One day,  (Keywords: ['dizziness'])
[36m(ColocatedWorker pid=2392093)[0m Response #0 (0.0 reward): 
[36m(ColocatedWorker pid=2392093)[0m The teacher said: "This is a great story. I want to learn about it."
[36m(ColocatedWorker pid=2392093)[0m The teacher smiled and said: "That's nice. Let's study together." 
[36m(ColocatedWorker pid=2392093)[0m The teacher read the word. She was very happy. The teacher was so excited to hear the word. They
[36m(ColocatedWorker pid=2392093)[0m Response #1 (0.0 reward): 
[36m(ColocatedWorker pid=2392093)[0m The kids found the word and the questions. The teacher said some words and the words were learning. The kids were happy and the teacher was not sad anymore. The kids learned that the teacher was not nice. They all loved the signs and learned new words. The teacher was happy and proud.
[36m(ColocatedWorker pid=2392093)[0m Response #2 (0.0 reward): 
[36m(ColocatedWorker pid=2392093)[0m "A word that the words," said the book. "Everyone who tell stories." The book was happy and excited. The book told the word around the book. The words were so happy to help the pages. The book said to the math words, and the pages of the words said it
[36m(ColocatedWorker pid=2392093)[0m Response #3 (0.0 reward): 
[36m(ColocatedWorker pid=2392093)[0m The teacher said: "Tim, this class is a big, fun game. It helps you learn." Tim was very excited. He could not wait to win. He was very happy. He got to play and play the flute.
[36m(ColocatedWorker pid=2392093)[0m <|endoftext|>
[36m(ColocatedWorker pid=2392093)[0m Prompt: Write a story that includes the word knees. One day,  (Keywords: ['knees'])
[36m(ColocatedWorker pid=2392093)[0m Response #0 (0.0 reward): 
[36m(ColocatedWorker pid=2392093)[0m A man walked up to the man and said, "That diary belongs to me. I made it for the little girl!" The little girl was very surprised. She asked the man if she could help. The man was happy to help.
[36m(ColocatedWorker pid=2392093)[0m The man took the diary home, and the little
[36m(ColocatedWorker pid=2392093)[0m Response #1 (0.0 reward): 
[36m(ColocatedWorker pid=2392093)[0m The teacher was mad. She said "Stop yelling and being mean to me." The teacher was not happy. She said "It means you played nicely and won. You should never yell at the stupid people." The teacher said "No!" and the other people were sad. They could not understand
[36m(ColocatedWorker pid=2392093)[0m Response #2 (0.0 reward): 
[36m(ColocatedWorker pid=2392093)[0m The teacher looked around and saw a little girl. She smiled and said: "That sounds nice. I like the recorder." The little girl smiled and said: "Thank you."
[36m(ColocatedWorker pid=2392093)[0m The teacher smiled back and said: "You are very kind, little girl." The kids smiled and the teacher
[36m(ColocatedWorker pid=2392093)[0m Response #3 (0.0 reward): 
[36m(ColocatedWorker pid=2392093)[0m The teacher read the book and smiled. They read the words and then the words from the words. The words in the book said the words. The teacher was very happy. The pupils liked the words. The teacher told the kids about the words.
[36m(ColocatedWorker pid=2392093)[0m The kids learned that the book was not
[36m(ColocatedWorker pid=2392093)[0m Loss: 0.0
Step 10 (warmup=False): {'step': 10, 'loss': 0.0, 'num_trajectories': 2, 'avg_reward': 0.0, 'total_time_ms': 704.5878139906563, 'rollout_time_ms': '612.5726739992388 (86.9%)', 'update_time_ms': '89.90202902350575 (12.8%)', 'transfer_time_ms': '2.099787991028279 (0.3%)', 'reference_time_ms': '0.0 (0.0%)'}
[36m(ColocatedWorker pid=2392093)[0m Loss: 0.0
[36m(ColocatedWorker pid=2392093)[0m Prompt: Write a story that includes the word group. One day,  (Keywords: ['group'])
[36m(ColocatedWorker pid=2392093)[0m Response #0 (0.0 reward): 
[36m(ColocatedWorker pid=2392093)[0m The shop lady said, "The shop man will be angry. We will make the shop nice and nice." The shop lady smiled. The shop lady gave the kids a big box. The kids were very happy.
[36m(ColocatedWorker pid=2392093)[0m The kids learned the word and the place started. They did not know the
[36m(ColocatedWorker pid=2392093)[0m Response #1 (0.0 reward): 
[36m(ColocatedWorker pid=2392093)[0m The teacher was very surprised. She looked at the things and smiled. "That was a fun song," she said. "The teacher was watching them all. The kids laughed and clapped. It was not terrible. The teacher was happy to see them stop. That was just what happened before
[36m(ColocatedWorker pid=2392093)[0m Response #2 (0.0 reward): 
[36m(ColocatedWorker pid=2392093)[0m The teacher said it was rude. "Why did the dog sit on the floor? This is a nice place. It helps your toys and make them happy."
[36m(ColocatedWorker pid=2392093)[0m The kids laughed. They said "Sara is not nice. The teacher was rude. It does not want to play."
[36m(ColocatedWorker pid=2392093)[0m 
[36m(ColocatedWorker pid=2392093)[0m Response #3 (0.0 reward): 
[36m(ColocatedWorker pid=2392093)[0m The next day, a little girl named Lily came to the room. She saw the diary and said, "Wow, this diary looks nice. Your cat is nice." Lily was very happy. She put the diary in the room. The room was a happy place. The diary was her most
[36m(ColocatedWorker pid=2392093)[0m Prompt: Write a story that includes the word sara. One day,  (Keywords: ['sara'])
[36m(ColocatedWorker pid=2392093)[0m Response #0 (1.0 reward): 
[36m(ColocatedWorker pid=2392093)[0m Sara was very excited. She wanted to learn the word too. She said the word: "One word for me." She ran to the word "dictionary", and "atch."
[36m(ColocatedWorker pid=2392093)[0m Aunt Clara came up. She said: "This word says: 'please': 'The
[36m(ColocatedWorker pid=2392093)[0m Response #1 (1.0 reward): 
[36m(ColocatedWorker pid=2392093)[0m Sara was very sad. She did not know what the word meant. She felt lonely. The word made Sara feel bad. But then, she saw the words. Sara thought the word for a long time. She smiled. She had an idea. She imagined the word on the word.
[36m(ColocatedWorker pid=2392093)[0m Response #2 (0.0 reward): 
[36m(ColocatedWorker pid=2392093)[0m The word was "spell" on the ground. The Zoe said "misey, cannot the word to answer the words." The Zoey who the word meant "T-" said "diz". The student laughed together. Suzy was happy to get the word "cat Star"
[36m(ColocatedWorker pid=2392093)[0m Response #3 (1.0 reward): 
[36m(ColocatedWorker pid=2392093)[0m Sara was very confused. She did not know where the answer was. She looked and looked, but the answer was missing. Sara was very sad and wanted to have the finish. She did not know the answer. She was very angry. She did not know she did it.
[36m(ColocatedWorker pid=2392093)[0m The
[36m(ColocatedWorker pid=2392093)[0m Loss: 0.0
Step 12 (warmup=False): {'step': 12, 'loss': -0.00015944242477416992, 'num_trajectories': 2, 'avg_reward': 0.375, 'total_time_ms': 836.7503070039675, 'rollout_time_ms': '750.5700960173272 (89.7%)', 'update_time_ms': '84.21637903666124 (10.1%)', 'transfer_time_ms': '1.9499160116538405 (0.2%)', 'reference_time_ms': '0.0 (0.0%)'}
[36m(ColocatedWorker pid=2392093)[0m Norm before grad clipping: 1.0772
[36m(ColocatedWorker pid=2392093)[0m Loss: -0.00015944242477416992
[36m(ColocatedWorker pid=2392093)[0m Prompt: Write a story that includes the word pepperoni. One day,  (Keywords: ['pepperoni'])
[36m(ColocatedWorker pid=2392093)[0m Response #0 (0.0 reward): 
[36m(ColocatedWorker pid=2392093)[0m The pepper was very excited. It wanted to show the pepper to the pepper learn and play. The pepper was very happy. The pepper learned that it was a special place. It was happy too.
[36m(ColocatedWorker pid=2392093)[0m <|endoftext|>
[36m(ColocatedWorker pid=2392093)[0m Response #1 (0.0 reward): 
[36m(ColocatedWorker pid=2392093)[0m The shop lady smiled. She said, "That was a foolish word. It means came to buy a silly pepper. You should not be rude. It does not know it."
[36m(ColocatedWorker pid=2392093)[0m The shop lady was very happy. She read the label and smiled. The shop lady smiled and said, "
[36m(ColocatedWorker pid=2392093)[0m Response #2 (0.0 reward): 
[36m(ColocatedWorker pid=2392093)[0m The pepper said to the pepper that in the bell shop said: "No". The pepper was sad and felt bad. But then, the pepper smiled and said: "I like the red pepper." The pepper cut the pepper's tummy was happy. It was not foolish anymore. The pepper
[36m(ColocatedWorker pid=2392093)[0m Response #3 (0.0 reward): 
[36m(ColocatedWorker pid=2392093)[0m The pepper-up did something funny. It was a big, funny-looking bird. The bird said, "Hello! I like your song." The pepper was very surprised. The pepper and the pepper became friends. They played and sang together every day.
[36m(ColocatedWorker pid=2392093)[0m <|endoftext|>
[36m(ColocatedWorker pid=2392093)[0m Prompt: Write a story that includes the word reporter. One day,  (Keywords: ['reporter'])
[36m(ColocatedWorker pid=2392093)[0m Response #0 (0.0 reward): 
[36m(ColocatedWorker pid=2392093)[0m While the page was reading, a little girl named Lily came up to them. She said, "That was not nice." Lily was very happy. She sat in the tree with her friends. They started to laugh. Lily laughed and said, "That was not a funny thing. You should
[36m(ColocatedWorker pid=2392093)[0m Response #1 (0.0 reward): 
[36m(ColocatedWorker pid=2392093)[0m The teacher did not know what the word meant. She was ignorant. She did not know the word. The teacher did not know the word. Then, she read the word. The teacher did not know numbers. She did not know.
[36m(ColocatedWorker pid=2392093)[0m The teacher saw the picture. The teacher was happy
[36m(ColocatedWorker pid=2392093)[0m Response #2 (0.0 reward): 
[36m(ColocatedWorker pid=2392093)[0m The nicely lady was confused. She asked the shop owner if she could have some words. The shop lady was very nice too. The lady smiled and said, "That is a nice book. You cannot have the book." 
[36m(ColocatedWorker pid=2392093)[0m The price was very happy. The shop lady and the shop
[36m(ColocatedWorker pid=2392093)[0m Response #3 (0.0 reward): 
[36m(ColocatedWorker pid=2392093)[0m The pupils were very excited. They started to read and sat and talked. The pupils said, "The pages are 'Mix". They smiled and said "Tom". The words were different. The grown-ups are nice."
[36m(ColocatedWorker pid=2392093)[0m Tom was so happy. He started to read the poem.
Step 14 (warmup=False): {'step': 14, 'loss': 0.0, 'num_trajectories': 2, 'avg_reward': 0.0, 'total_time_ms': 1464.5308559993282, 'rollout_time_ms': '1377.0407019765116 (94.0%)', 'update_time_ms': '85.71752096759155 (5.9%)', 'transfer_time_ms': '1.759340986609459 (0.1%)', 'reference_time_ms': '0.0 (0.0%)'}
[36m(ColocatedWorker pid=2392093)[0m Loss: 0.0
[36m(ColocatedWorker pid=2392093)[0m Loss: 0.0
[36m(ColocatedWorker pid=2392093)[0m Prompt: Write a story that includes the word becky. One day,  (Keywords: ['becky'])
[36m(ColocatedWorker pid=2392093)[0m Response #0 (0.0 reward): 
[36m(ColocatedWorker pid=2392093)[0m A lady came to the park and said, "Lily and Max. She read a story. It is a nice day." Lily and Max wanted to see the lady. They said, "Look, the lady is nice." Lily's mom smiled. She said, "That is a nice
[36m(ColocatedWorker pid=2392093)[0m Response #1 (0.0 reward): 
[36m(ColocatedWorker pid=2392093)[0m Sara was very happy. She sat on the table. She looked at her book and smiled. She did not know the words. She liked the words. She read nice words. She felt happy. She had a good day. She had a good friend. She learned a new word.
[36m(ColocatedWorker pid=2392093)[0m Response #2 (0.0 reward): icky learned the word from the words. She heard a word. The word: " But I want to read if I read this word."
[36m(ColocatedWorker pid=2392093)[0m The language was about the word. The word "s thank you." Her teacher loved her. She read the word " languages." But then, something unexpected
[36m(ColocatedWorker pid=2392093)[0m Response #3 (0.0 reward): 
[36m(ColocatedWorker pid=2392093)[0m Miss Lucy heard a little girl crying. She was not happy. She felt bad. Lucy wanted to make the little girl happy. She took the little girl's toy and gave it to the little girl. The girl was very happy. She thanked Lucy and her friends. They all played together and
[36m(ColocatedWorker pid=2392093)[0m Prompt: Write a story that includes the word knights. One day,  (Keywords: ['knights'])
[36m(ColocatedWorker pid=2392093)[0m Response #0 (0.0 reward): 
[36m(ColocatedWorker pid=2392093)[0m The teacher said a word that was bad. She did not know the answer. She was very sad. Lily did not read the note. She did not know the words. She lost the teacher.
[36m(ColocatedWorker pid=2392093)[0m The teacher was not happy. She felt bad. She did not mean. She did not
[36m(ColocatedWorker pid=2392093)[0m Response #1 (0.0 reward): 
[36m(ColocatedWorker pid=2392093)[0m Tom was sad. He did not know what to do. Then, he saw a girl who was crying. She had no idea. Tom went to her and asked, "Why are you crying?" The girl felt bad and said, "It broke. The girl's mom gave her the money
[36m(ColocatedWorker pid=2392093)[0m Response #2 (0.0 reward): 
[36m(ColocatedWorker pid=2392093)[0m The teacher was very upset. She put the papers on the floor. The papers started to laugh. They laughed. The teacher laughed. The kids laughed and clapped. The teacher smiled. The teacher smiled too.
[36m(ColocatedWorker pid=2392093)[0m Then, the teacher put the papers on the table. The kids were happy
[36m(ColocatedWorker pid=2392093)[0m Response #3 (0.0 reward): 
[36m(ColocatedWorker pid=2392093)[0m "Aunt Miss Lee read the word. It is a fun place. Do you want to learn the word 'Write', number numbers?" she asked.
[36m(ColocatedWorker pid=2392093)[0m "Yes, please!" Lily and Ben said. They looked at the words and laughed. They felt happy and proud. They liked the
Step 16 (warmup=False): {'step': 16, 'loss': 0.0, 'num_trajectories': 2, 'avg_reward': 0.0, 'total_time_ms': 714.8372259689495, 'rollout_time_ms': '617.8778290050104 (86.4%)', 'update_time_ms': '95.03183496417478 (13.3%)', 'transfer_time_ms': '1.9136719638481736 (0.3%)', 'reference_time_ms': '0.0 (0.0%)'}
Final training statistics: {'step_count': 16, 'model_parameters': 0, 'time_stats': {'rollout': 15119.234274083283, 'update': 833.0346079892479, 'transfer': 14.838910952676088, 'reference': 0.0, 'total': 15967.21869596513}, 'time_stats_pct': {'rollout': 94.68921646262582, 'update': 5.21715537221115, 'transfer': 0.09293359873893277, 'reference': 0.0, 'total': 100.0}}
Training completed.
[36m(ColocatedWorker pid=2392093)[0m Loss: 0.0
[36m(ColocatedWorker pid=2392093)[0m Loss: 0.0
Ray shutdown.
